2025-04-26 23:23:20,081 [INFO] Starting analysis of GDELT dataset in dataset_gdelt_large2
2025-04-26 23:23:20,082 [INFO] Loading dataset...
2025-04-26 23:23:20,082 [INFO] Loading dataset from dataset_gdelt_large2
2025-04-26 23:23:20,130 [INFO] Loaded 6816 articles from dataset_gdelt_large2/all_articles.csv
2025-04-26 23:23:20,131 [INFO] Loaded 40 themes from dataset_gdelt_large2/themes.json
2025-04-26 23:23:20,131 [INFO] Loaded summary from dataset_gdelt_large2/summary.json
2025-04-26 23:23:20,131 [INFO] Preprocessing articles...
2025-04-26 23:23:20,132 [INFO] Preprocessing articles
2025-04-26 23:23:20,172 [INFO] Preprocessing complete
2025-04-26 23:23:20,173 [INFO] Analyzing theme distribution...
2025-04-26 23:23:20,173 [INFO] Analyzing theme distribution
2025-04-26 23:23:20,176 [INFO] Found 20 themes
2025-04-26 23:23:20,176 [INFO] Analyzing theme correlations...
2025-04-26 23:23:20,176 [INFO] Analyzing correlations between top 15 themes
2025-04-26 23:23:20,194 [INFO] Generated 15 x 15 correlation matrix
2025-04-26 23:23:20,194 [INFO] Analyzing theme trends over time...
2025-04-26 23:23:20,195 [INFO] Analyzing theme trends over time
2025-04-26 23:23:20,202 [INFO] Generated theme trends for 20 themes over 31 dates
2025-04-26 23:23:20,202 [INFO] Analyzing time patterns...
2025-04-26 23:23:20,202 [INFO] Analyzing time patterns
2025-04-26 23:23:20,203 [INFO] Analyzed articles by date (31 dates)
2025-04-26 23:23:20,204 [INFO] Analyzed articles by hour (24 hours)
2025-04-26 23:23:20,206 [INFO] Analyzed articles by day of week (7 days)
2025-04-26 23:23:20,206 [INFO] Analyzing time series...
2025-04-26 23:23:20,206 [INFO] Analyzing time series with frequency 'D'
2025-04-26 23:23:20,220 [INFO] Generated time series with 31 data points
2025-04-26 23:23:20,220 [INFO] Analyzing publication delay...
2025-04-26 23:23:20,221 [INFO] Analyzing publication delay
2025-04-26 23:23:20,245 [INFO] Analyzed publication delay for 20 themes
2025-04-26 23:23:20,246 [INFO] Analyzing domains...
2025-04-26 23:23:20,246 [INFO] Analyzing domain distribution
2025-04-26 23:23:20,247 [INFO] Analyzed top 20 domains
2025-04-26 23:23:20,249 [INFO] Analyzed top 10 TLDs
2025-04-26 23:23:20,249 [INFO] Analyzing languages...
2025-04-26 23:23:20,249 [INFO] Analyzing language distribution
2025-04-26 23:23:20,250 [INFO] Analyzed top 2 languages
2025-04-26 23:23:20,251 [INFO] Analyzing countries...
2025-04-26 23:23:20,251 [INFO] Analyzing source country distribution
2025-04-26 23:23:20,252 [INFO] Analyzed top 15 countries
2025-04-26 23:23:20,253 [INFO] Analyzing source diversity...
2025-04-26 23:23:20,253 [INFO] Analyzing source diversity
2025-04-26 23:23:20,257 [INFO] Calculated diversity metrics: {'total_articles': 6816, 'unique_domains': 1210, 'unique_countries': 99, 'unique_languages': 2, 'domain_concentration': np.float64(0.005669783814388679), 'country_concentration': np.float64(0.1345529160880778), 'language_concentration': np.float64(0.5018984948422933), 'domain_diversity': np.float64(0.9943302161856113), 'country_diversity': np.float64(0.8654470839119222), 'language_diversity': np.float64(0.4981015051577067)}
2025-04-26 23:23:20,257 [INFO] Extracting keywords...
2025-04-26 23:23:20,257 [INFO] Extracting keywords from article titles
2025-04-26 23:23:22,103 [INFO] Extracted 100 keywords
2025-04-26 23:23:22,105 [INFO] Building topic model...
2025-04-26 23:23:22,106 [INFO] Building topic model with 10 topics
2025-04-26 23:23:28,581 [INFO] Built topic model with 10 topics and 1000 features
2025-04-26 23:23:28,581 [INFO] Extracting top 10 words for each topic
2025-04-26 23:23:28,581 [INFO] Extracted top words for 10 topics
2025-04-26 23:23:28,582 [INFO] Assigning topics to articles with threshold 0.3
2025-04-26 23:23:29,239 [INFO] Assigned topics to 6816 articles
2025-04-26 23:23:29,239 [INFO] Creating visualizations...
2025-04-26 23:23:29,239 [INFO] Creating all visualizations
2025-04-26 23:23:29,241 [INFO] Visualization style set up
2025-04-26 23:23:29,241 [INFO] Creating theme distribution plot for top 20 themes
2025-04-26 23:23:29,584 [INFO] Saved theme distribution plot to analysis_gdelt_advanced4/theme_distribution.png
2025-04-26 23:23:29,585 [INFO] Creating time pattern plots
2025-04-26 23:23:30,294 [INFO] Saved time pattern plots to analysis_gdelt_advanced4
2025-04-26 23:23:30,295 [INFO] Creating source distribution plots
2025-04-26 23:23:31,213 [INFO] Saved source distribution plots to analysis_gdelt_advanced4
2025-04-26 23:23:31,213 [INFO] Creating theme correlation heatmap
2025-04-26 23:23:31,838 [INFO] Saved theme correlation heatmap to analysis_gdelt_advanced4/theme_correlation.png
2025-04-26 23:23:31,839 [INFO] Creating topic word clouds
2025-04-26 23:23:31,840 [WARNING] wordcloud package not available. Skipping word cloud generation.
2025-04-26 23:23:31,840 [INFO] Creating time series plot
2025-04-26 23:23:32,081 [INFO] Saved time series plot to analysis_gdelt_advanced4/time_series.png
2025-04-26 23:23:32,081 [INFO] Created all visualizations in analysis_gdelt_advanced4
2025-04-26 23:23:32,081 [INFO] Generating report...
2025-04-26 23:23:32,081 [INFO] Generating report
2025-04-26 23:23:32,084 [INFO] Generated report at analysis_gdelt_advanced4/report.md
2025-04-26 23:23:32,084 [INFO] Generating JSON summary...
2025-04-26 23:23:32,084 [INFO] Generating JSON summary
2025-04-26 23:23:32,085 [INFO] Generated JSON summary at analysis_gdelt_advanced4/analysis_summary.json
2025-04-26 23:23:32,085 [INFO] Generating CSV exports...
2025-04-26 23:23:32,085 [INFO] Generating CSV exports
2025-04-26 23:23:32,087 [INFO] Exported theme counts to analysis_gdelt_advanced4/exports/theme_counts.csv
2025-04-26 23:23:32,088 [INFO] Exported date counts to analysis_gdelt_advanced4/exports/date_counts.csv
2025-04-26 23:23:32,137 [INFO] Exported topic assignments to analysis_gdelt_advanced4/exports/topic_assignments.csv
2025-04-26 23:23:32,137 [INFO] Generated all CSV exports in analysis_gdelt_advanced4/exports
2025-04-26 23:23:32,137 [INFO] Extracting entities...
2025-04-26 23:23:32,137 [INFO] Extracting entities from DataFrame
2025-04-26 23:23:42,015 [INFO] Extracted 9117 entities from 6816 articles
2025-04-26 23:23:42,017 [INFO] Calculating entity statistics
2025-04-26 23:23:42,027 [INFO] Calculated statistics for 4853 entities
2025-04-26 23:23:42,082 [INFO] Saved 9117 entity mentions to analysis_gdelt_advanced4/entities.csv
2025-04-26 23:23:42,094 [INFO] Saved statistics for 4853 entities to analysis_gdelt_advanced4/entity_stats.csv
2025-04-26 23:23:42,095 [INFO] Calculating trust scores for entities...
2025-04-26 23:23:42,095 [INFO] Calculating trust scores for entities
2025-04-26 23:23:42,100 [INFO] Calculated trust scores for 4853 entities
2025-04-26 23:23:42,121 [INFO] Saved trust scores for 4853 entities to analysis_gdelt_advanced4/entity_trust.csv
2025-04-26 23:23:42,121 [INFO] Calculating trust scores for articles...
2025-04-26 23:23:42,122 [INFO] Calculating trust scores for articles
2025-04-26 23:23:42,134 [INFO] Calculated trust scores for 6816 articles
2025-04-26 23:23:42,193 [INFO] Saved trust scores for 6816 articles to analysis_gdelt_advanced4/article_trust.csv
2025-04-26 23:23:42,193 [INFO] Storing data in database...
2025-04-26 23:23:42,194 [INFO] Connected to database: analysis_gdelt_advanced4/gdelt_news.db
2025-04-26 23:23:42,206 [INFO] Created database tables
2025-04-26 23:23:42,781 [INFO] Updated statistics for 1210 sources
2025-04-26 23:23:42,786 [INFO] Updated statistics for 20 themes
2025-04-26 23:23:42,793 [INFO] Stored 20 articles in the database
2025-04-26 23:23:42,796 [INFO] Stored 20 articles in database
2025-04-26 23:23:43,407 [INFO] Stored 4853 entities in the database
2025-04-26 23:23:43,410 [INFO] Stored 4853 entities in database
2025-04-26 23:23:43,418 [INFO] Generated database summary
2025-04-26 23:23:43,419 [INFO] Saved database summary to analysis_gdelt_advanced4/db_summary.json
2025-04-26 23:23:43,419 [INFO] Generating entity timelines...
2025-04-26 23:23:43,419 [INFO] Generating timeline for entity: United States
2025-04-26 23:23:43,419 [INFO] Generating timeline for entity: United States
2025-04-26 23:23:43,421 [INFO] Found 3 articles mentioning 'United States'
2025-04-26 23:23:43,573 [INFO] Created timeline visualization for 'United States' at analysis_gdelt_advanced4/timelines/United_States_timeline.png
2025-04-26 23:23:43,574 [INFO] Generated timeline for 'United States' saved to analysis_gdelt_advanced4/timelines
2025-04-26 23:23:43,574 [INFO] Generated timeline report for 'United States' saved to analysis_gdelt_advanced4/timelines/United_States_report.md
2025-04-26 23:23:43,574 [INFO] Generating event timeline for entity: United States
2025-04-26 23:23:43,576 [INFO] Found 3 articles mentioning 'United States'
2025-04-26 23:23:43,579 [WARNING] No significant events found for entity 'United States'
2025-04-26 23:23:43,579 [INFO] Generating timeline for entity: Russia
2025-04-26 23:23:43,579 [INFO] Generating timeline for entity: Russia
2025-04-26 23:23:43,581 [INFO] Found 17 articles mentioning 'Russia'
2025-04-26 23:23:43,782 [INFO] Created timeline visualization for 'Russia' at analysis_gdelt_advanced4/timelines/Russia_timeline.png
2025-04-26 23:23:43,783 [INFO] Generated timeline for 'Russia' saved to analysis_gdelt_advanced4/timelines
2025-04-26 23:23:43,783 [INFO] Generated timeline report for 'Russia' saved to analysis_gdelt_advanced4/timelines/Russia_report.md
2025-04-26 23:23:43,783 [INFO] Generating event timeline for entity: Russia
2025-04-26 23:23:43,785 [INFO] Found 17 articles mentioning 'Russia'
2025-04-26 23:23:43,790 [INFO] Identified 1 significant events for 'Russia'
2025-04-26 23:23:43,995 [INFO] Created event visualization for 'Russia' at analysis_gdelt_advanced4/timelines/Russia_events.png
2025-04-26 23:23:43,996 [INFO] Generated event timeline for 'Russia' saved to analysis_gdelt_advanced4/timelines/Russia_events.json
2025-04-26 23:23:43,996 [INFO] Generated event timeline report for 'Russia' saved to analysis_gdelt_advanced4/timelines/Russia_events_report.md
2025-04-26 23:23:43,996 [INFO] Generating timeline for entity: Ukraine
2025-04-26 23:23:43,996 [INFO] Generating timeline for entity: Ukraine
2025-04-26 23:23:43,998 [INFO] Found 8 articles mentioning 'Ukraine'
2025-04-26 23:23:44,184 [INFO] Created timeline visualization for 'Ukraine' at analysis_gdelt_advanced4/timelines/Ukraine_timeline.png
2025-04-26 23:23:44,185 [INFO] Generated timeline for 'Ukraine' saved to analysis_gdelt_advanced4/timelines
2025-04-26 23:23:44,185 [INFO] Generated timeline report for 'Ukraine' saved to analysis_gdelt_advanced4/timelines/Ukraine_report.md
2025-04-26 23:23:44,185 [INFO] Generating event timeline for entity: Ukraine
2025-04-26 23:23:44,187 [INFO] Found 8 articles mentioning 'Ukraine'
2025-04-26 23:23:44,194 [INFO] Identified 2 significant events for 'Ukraine'
2025-04-26 23:23:44,394 [INFO] Created event visualization for 'Ukraine' at analysis_gdelt_advanced4/timelines/Ukraine_events.png
2025-04-26 23:23:44,395 [INFO] Generated event timeline for 'Ukraine' saved to analysis_gdelt_advanced4/timelines/Ukraine_events.json
2025-04-26 23:23:44,395 [INFO] Generated event timeline report for 'Ukraine' saved to analysis_gdelt_advanced4/timelines/Ukraine_events_report.md
2025-04-26 23:23:44,395 [INFO] Generating timeline for entity: China
2025-04-26 23:23:44,395 [INFO] Generating timeline for entity: China
2025-04-26 23:23:44,397 [INFO] Found 54 articles mentioning 'China'
2025-04-26 23:23:44,736 [INFO] Created timeline visualization for 'China' at analysis_gdelt_advanced4/timelines/China_timeline.png
2025-04-26 23:23:44,736 [INFO] Generated timeline for 'China' saved to analysis_gdelt_advanced4/timelines
2025-04-26 23:23:44,737 [INFO] Generated timeline report for 'China' saved to analysis_gdelt_advanced4/timelines/China_report.md
2025-04-26 23:23:44,737 [INFO] Generating event timeline for entity: China
2025-04-26 23:23:44,740 [INFO] Found 54 articles mentioning 'China'
2025-04-26 23:23:44,760 [INFO] Identified 7 significant events for 'China'
2025-04-26 23:23:45,009 [INFO] Created event visualization for 'China' at analysis_gdelt_advanced4/timelines/China_events.png
2025-04-26 23:23:45,010 [INFO] Generated event timeline for 'China' saved to analysis_gdelt_advanced4/timelines/China_events.json
2025-04-26 23:23:45,010 [INFO] Generated event timeline report for 'China' saved to analysis_gdelt_advanced4/timelines/China_events_report.md
2025-04-26 23:23:45,010 [INFO] Generating comparison timeline for top entities
2025-04-26 23:23:45,010 [INFO] Generating comparison timeline for entities: United States, Russia, Ukraine, China
2025-04-26 23:23:45,016 [INFO] Found 3 articles mentioning 'United States'
2025-04-26 23:23:45,023 [INFO] Found 17 articles mentioning 'Russia'
2025-04-26 23:23:45,029 [INFO] Found 8 articles mentioning 'Ukraine'
2025-04-26 23:23:45,034 [INFO] Found 54 articles mentioning 'China'
2025-04-26 23:23:45,294 [INFO] Created comparison visualization for ['United States', 'Russia', 'Ukraine', 'China'] at analysis_gdelt_advanced4/timelines/entity_comparison_United_States_Russia_Ukraine_China.png
2025-04-26 23:23:45,305 [INFO] Generated comparison timeline saved to analysis_gdelt_advanced4/timelines/entity_comparison_United_States_Russia_Ukraine_China.json
2025-04-26 23:23:45,308 [INFO] Generated timelines for 5 entities
2025-04-26 23:23:45,308 [INFO] Generated timeline summary at analysis_gdelt_advanced4/timelines/timeline_summary.md
2025-04-26 23:23:45,308 [INFO] Generating sentiment analysis by event...
2025-04-26 23:23:45,670 [INFO] Loaded sentiment analysis model: tabularisai/multilingual-sentiment-analysis
2025-04-26 23:23:45,671 [INFO] Analyzing sentiment for entity 'Russia' over time
2025-04-26 23:23:45,674 [INFO] Found 7 articles for entity 'Russia'
2025-04-26 23:23:47,762 [INFO] Created sentiment timeline visualization for 'Russia' at analysis_gdelt_advanced4/timelines/Russia_sentiment_timeline.png
2025-04-26 23:23:47,763 [INFO] Saved sentiment timeline results to analysis_gdelt_advanced4/timelines/Russia_sentiment_timeline.json
2025-04-26 23:23:47,982 [INFO] Created sentiment timeline visualization for 'Russia' at analysis_gdelt_advanced4/timelines/Russia_sentiment_timeline.png
2025-04-26 23:23:47,982 [ERROR] Error in timeline generation: 'event_start_date'
2025-04-26 23:23:47,983 [ERROR] Traceback (most recent call last):
  File "/home/ubuntu/hydra-news/python/src/gdelt/analyzer/core.py", line 475, in analyze_gdelt_dataset
    sentiment_report_path = generate_event_sentiment_report(
        event_sentiment,
        output_dir=timelines_dir
    )
  File "/home/ubuntu/hydra-news/python/src/gdelt/analyzer/timeline_report_generator.py", line 38, in generate_event_sentiment_report
    - **Event Period**: {sentiment_results['event_start_date']} to {sentiment_results['event_end_date']}
                         ~~~~~~~~~~~~~~~~~^^^^^^^^^^^^^^^^^^^^
KeyError: 'event_start_date'

2025-04-26 23:23:47,984 [INFO] Closed database connection
2025-04-26 23:23:47,984 [INFO] Analysis complete! Results saved to analysis_gdelt_advanced4
