2025-04-26 23:31:55,577 [INFO] Starting analysis of GDELT dataset in dataset_gdelt_large2
2025-04-26 23:31:55,577 [INFO] Loading dataset...
2025-04-26 23:31:55,577 [INFO] Loading dataset from dataset_gdelt_large2
2025-04-26 23:31:55,628 [INFO] Loaded 6816 articles from dataset_gdelt_large2/all_articles.csv
2025-04-26 23:31:55,628 [INFO] Loaded 40 themes from dataset_gdelt_large2/themes.json
2025-04-26 23:31:55,629 [INFO] Loaded summary from dataset_gdelt_large2/summary.json
2025-04-26 23:31:55,629 [INFO] Preprocessing articles...
2025-04-26 23:31:55,629 [INFO] Preprocessing articles
2025-04-26 23:31:55,668 [INFO] Preprocessing complete
2025-04-26 23:31:55,669 [INFO] Analyzing theme distribution...
2025-04-26 23:31:55,669 [INFO] Analyzing theme distribution
2025-04-26 23:31:55,672 [INFO] Found 20 themes
2025-04-26 23:31:55,672 [INFO] Analyzing theme correlations...
2025-04-26 23:31:55,672 [INFO] Analyzing correlations between top 15 themes
2025-04-26 23:31:55,689 [INFO] Generated 15 x 15 correlation matrix
2025-04-26 23:31:55,689 [INFO] Analyzing theme trends over time...
2025-04-26 23:31:55,690 [INFO] Analyzing theme trends over time
2025-04-26 23:31:55,696 [INFO] Generated theme trends for 20 themes over 31 dates
2025-04-26 23:31:55,697 [INFO] Analyzing time patterns...
2025-04-26 23:31:55,697 [INFO] Analyzing time patterns
2025-04-26 23:31:55,698 [INFO] Analyzed articles by date (31 dates)
2025-04-26 23:31:55,698 [INFO] Analyzed articles by hour (24 hours)
2025-04-26 23:31:55,700 [INFO] Analyzed articles by day of week (7 days)
2025-04-26 23:31:55,700 [INFO] Analyzing time series...
2025-04-26 23:31:55,700 [INFO] Analyzing time series with frequency 'D'
2025-04-26 23:31:55,715 [INFO] Generated time series with 31 data points
2025-04-26 23:31:55,716 [INFO] Analyzing publication delay...
2025-04-26 23:31:55,716 [INFO] Analyzing publication delay
2025-04-26 23:31:55,741 [INFO] Analyzed publication delay for 20 themes
2025-04-26 23:31:55,742 [INFO] Analyzing domains...
2025-04-26 23:31:55,742 [INFO] Analyzing domain distribution
2025-04-26 23:31:55,743 [INFO] Analyzed top 20 domains
2025-04-26 23:31:55,745 [INFO] Analyzed top 10 TLDs
2025-04-26 23:31:55,745 [INFO] Analyzing languages...
2025-04-26 23:31:55,745 [INFO] Analyzing language distribution
2025-04-26 23:31:55,746 [INFO] Analyzed top 2 languages
2025-04-26 23:31:55,747 [INFO] Analyzing countries...
2025-04-26 23:31:55,748 [INFO] Analyzing source country distribution
2025-04-26 23:31:55,749 [INFO] Analyzed top 15 countries
2025-04-26 23:31:55,749 [INFO] Analyzing source diversity...
2025-04-26 23:31:55,749 [INFO] Analyzing source diversity
2025-04-26 23:31:55,754 [INFO] Calculated diversity metrics: {'total_articles': 6816, 'unique_domains': 1210, 'unique_countries': 99, 'unique_languages': 2, 'domain_concentration': np.float64(0.005669783814388679), 'country_concentration': np.float64(0.1345529160880778), 'language_concentration': np.float64(0.5018984948422933), 'domain_diversity': np.float64(0.9943302161856113), 'country_diversity': np.float64(0.8654470839119222), 'language_diversity': np.float64(0.4981015051577067)}
2025-04-26 23:31:55,754 [INFO] Extracting keywords...
2025-04-26 23:31:55,755 [INFO] Extracting keywords from article titles
2025-04-26 23:31:57,414 [INFO] Extracted 100 keywords
2025-04-26 23:31:57,416 [INFO] Building topic model...
2025-04-26 23:31:57,416 [INFO] Building topic model with 10 topics
2025-04-26 23:32:03,815 [INFO] Built topic model with 10 topics and 1000 features
2025-04-26 23:32:03,815 [INFO] Extracting top 10 words for each topic
2025-04-26 23:32:03,816 [INFO] Extracted top words for 10 topics
2025-04-26 23:32:03,816 [INFO] Assigning topics to articles with threshold 0.3
2025-04-26 23:32:04,455 [INFO] Assigned topics to 6816 articles
2025-04-26 23:32:04,455 [INFO] Creating visualizations...
2025-04-26 23:32:04,455 [INFO] Creating all visualizations
2025-04-26 23:32:04,456 [INFO] Visualization style set up
2025-04-26 23:32:04,456 [INFO] Creating theme distribution plot for top 20 themes
2025-04-26 23:32:04,803 [INFO] Saved theme distribution plot to analysis_gdelt_advanced9/theme_distribution.png
2025-04-26 23:32:04,803 [INFO] Creating time pattern plots
2025-04-26 23:32:05,497 [INFO] Saved time pattern plots to analysis_gdelt_advanced9
2025-04-26 23:32:05,497 [INFO] Creating source distribution plots
2025-04-26 23:32:06,416 [INFO] Saved source distribution plots to analysis_gdelt_advanced9
2025-04-26 23:32:06,416 [INFO] Creating theme correlation heatmap
2025-04-26 23:32:07,040 [INFO] Saved theme correlation heatmap to analysis_gdelt_advanced9/theme_correlation.png
2025-04-26 23:32:07,040 [INFO] Creating topic word clouds
2025-04-26 23:32:07,041 [WARNING] wordcloud package not available. Skipping word cloud generation.
2025-04-26 23:32:07,041 [INFO] Creating time series plot
2025-04-26 23:32:07,288 [INFO] Saved time series plot to analysis_gdelt_advanced9/time_series.png
2025-04-26 23:32:07,289 [INFO] Created all visualizations in analysis_gdelt_advanced9
2025-04-26 23:32:07,289 [INFO] Generating report...
2025-04-26 23:32:07,289 [INFO] Generating report
2025-04-26 23:32:07,291 [INFO] Generated report at analysis_gdelt_advanced9/report.md
2025-04-26 23:32:07,292 [INFO] Generating JSON summary...
2025-04-26 23:32:07,292 [INFO] Generating JSON summary
2025-04-26 23:32:07,293 [INFO] Generated JSON summary at analysis_gdelt_advanced9/analysis_summary.json
2025-04-26 23:32:07,293 [INFO] Generating CSV exports...
2025-04-26 23:32:07,293 [INFO] Generating CSV exports
2025-04-26 23:32:07,295 [INFO] Exported theme counts to analysis_gdelt_advanced9/exports/theme_counts.csv
2025-04-26 23:32:07,296 [INFO] Exported date counts to analysis_gdelt_advanced9/exports/date_counts.csv
2025-04-26 23:32:07,347 [INFO] Exported topic assignments to analysis_gdelt_advanced9/exports/topic_assignments.csv
2025-04-26 23:32:07,347 [INFO] Generated all CSV exports in analysis_gdelt_advanced9/exports
2025-04-26 23:32:07,347 [INFO] Extracting entities...
2025-04-26 23:32:07,347 [INFO] Extracting entities from DataFrame
2025-04-26 23:32:16,852 [INFO] Extracted 9117 entities from 6816 articles
2025-04-26 23:32:16,855 [INFO] Calculating entity statistics
2025-04-26 23:32:16,865 [INFO] Calculated statistics for 4853 entities
2025-04-26 23:32:16,912 [INFO] Saved 9117 entity mentions to analysis_gdelt_advanced9/entities.csv
2025-04-26 23:32:16,923 [INFO] Saved statistics for 4853 entities to analysis_gdelt_advanced9/entity_stats.csv
2025-04-26 23:32:16,923 [INFO] Calculating trust scores for entities...
2025-04-26 23:32:16,923 [INFO] Calculating trust scores for entities
2025-04-26 23:32:16,928 [INFO] Calculated trust scores for 4853 entities
2025-04-26 23:32:16,946 [INFO] Saved trust scores for 4853 entities to analysis_gdelt_advanced9/entity_trust.csv
2025-04-26 23:32:16,946 [INFO] Calculating trust scores for articles...
2025-04-26 23:32:16,946 [INFO] Calculating trust scores for articles
2025-04-26 23:32:16,959 [INFO] Calculated trust scores for 6816 articles
2025-04-26 23:32:17,011 [INFO] Saved trust scores for 6816 articles to analysis_gdelt_advanced9/article_trust.csv
2025-04-26 23:32:17,012 [INFO] Storing data in database...
2025-04-26 23:32:17,012 [INFO] Connected to database: analysis_gdelt_advanced9/gdelt_news.db
2025-04-26 23:32:17,021 [INFO] Created database tables
2025-04-26 23:32:17,512 [INFO] Updated statistics for 1210 sources
2025-04-26 23:32:17,517 [INFO] Updated statistics for 20 themes
2025-04-26 23:32:17,524 [INFO] Stored 20 articles in the database
2025-04-26 23:32:17,526 [INFO] Stored 20 articles in database
2025-04-26 23:32:18,123 [INFO] Stored 4853 entities in the database
2025-04-26 23:32:18,125 [INFO] Stored 4853 entities in database
2025-04-26 23:32:18,134 [INFO] Generated database summary
2025-04-26 23:32:18,134 [INFO] Saved database summary to analysis_gdelt_advanced9/db_summary.json
2025-04-26 23:32:18,134 [INFO] Generating entity timelines...
2025-04-26 23:32:18,134 [INFO] Generating timeline for entity: United States
2025-04-26 23:32:18,134 [INFO] Generating timeline for entity: United States
2025-04-26 23:32:18,137 [INFO] Found 3 articles mentioning 'United States'
2025-04-26 23:32:18,287 [INFO] Created timeline visualization for 'United States' at analysis_gdelt_advanced9/timelines/United_States_timeline.png
2025-04-26 23:32:18,288 [INFO] Generated timeline for 'United States' saved to analysis_gdelt_advanced9/timelines
2025-04-26 23:32:18,288 [INFO] Generated timeline report for 'United States' saved to analysis_gdelt_advanced9/timelines/United_States_report.md
2025-04-26 23:32:18,288 [INFO] Generating event timeline for entity: United States
2025-04-26 23:32:18,290 [INFO] Found 3 articles mentioning 'United States'
2025-04-26 23:32:18,293 [WARNING] No significant events found for entity 'United States'
2025-04-26 23:32:18,293 [INFO] Generating timeline for entity: Russia
2025-04-26 23:32:18,293 [INFO] Generating timeline for entity: Russia
2025-04-26 23:32:18,295 [INFO] Found 17 articles mentioning 'Russia'
2025-04-26 23:32:18,490 [INFO] Created timeline visualization for 'Russia' at analysis_gdelt_advanced9/timelines/Russia_timeline.png
2025-04-26 23:32:18,491 [INFO] Generated timeline for 'Russia' saved to analysis_gdelt_advanced9/timelines
2025-04-26 23:32:18,491 [INFO] Generated timeline report for 'Russia' saved to analysis_gdelt_advanced9/timelines/Russia_report.md
2025-04-26 23:32:18,491 [INFO] Generating event timeline for entity: Russia
2025-04-26 23:32:18,493 [INFO] Found 17 articles mentioning 'Russia'
2025-04-26 23:32:18,498 [INFO] Identified 1 significant events for 'Russia'
2025-04-26 23:32:18,698 [INFO] Created event visualization for 'Russia' at analysis_gdelt_advanced9/timelines/Russia_events.png
2025-04-26 23:32:18,699 [INFO] Generated event timeline for 'Russia' saved to analysis_gdelt_advanced9/timelines/Russia_events.json
2025-04-26 23:32:18,699 [INFO] Generated event timeline report for 'Russia' saved to analysis_gdelt_advanced9/timelines/Russia_events_report.md
2025-04-26 23:32:18,699 [INFO] Generating timeline for entity: Ukraine
2025-04-26 23:32:18,699 [INFO] Generating timeline for entity: Ukraine
2025-04-26 23:32:18,701 [INFO] Found 8 articles mentioning 'Ukraine'
2025-04-26 23:32:18,878 [INFO] Created timeline visualization for 'Ukraine' at analysis_gdelt_advanced9/timelines/Ukraine_timeline.png
2025-04-26 23:32:18,878 [INFO] Generated timeline for 'Ukraine' saved to analysis_gdelt_advanced9/timelines
2025-04-26 23:32:18,878 [INFO] Generated timeline report for 'Ukraine' saved to analysis_gdelt_advanced9/timelines/Ukraine_report.md
2025-04-26 23:32:18,879 [INFO] Generating event timeline for entity: Ukraine
2025-04-26 23:32:18,880 [INFO] Found 8 articles mentioning 'Ukraine'
2025-04-26 23:32:18,887 [INFO] Identified 2 significant events for 'Ukraine'
2025-04-26 23:32:19,081 [INFO] Created event visualization for 'Ukraine' at analysis_gdelt_advanced9/timelines/Ukraine_events.png
2025-04-26 23:32:19,084 [INFO] Generated event timeline for 'Ukraine' saved to analysis_gdelt_advanced9/timelines/Ukraine_events.json
2025-04-26 23:32:19,084 [INFO] Generated event timeline report for 'Ukraine' saved to analysis_gdelt_advanced9/timelines/Ukraine_events_report.md
2025-04-26 23:32:19,084 [INFO] Generating timeline for entity: China
2025-04-26 23:32:19,084 [INFO] Generating timeline for entity: China
2025-04-26 23:32:19,087 [INFO] Found 54 articles mentioning 'China'
2025-04-26 23:32:19,394 [INFO] Created timeline visualization for 'China' at analysis_gdelt_advanced9/timelines/China_timeline.png
2025-04-26 23:32:19,395 [INFO] Generated timeline for 'China' saved to analysis_gdelt_advanced9/timelines
2025-04-26 23:32:19,395 [INFO] Generated timeline report for 'China' saved to analysis_gdelt_advanced9/timelines/China_report.md
2025-04-26 23:32:19,395 [INFO] Generating event timeline for entity: China
2025-04-26 23:32:19,398 [INFO] Found 54 articles mentioning 'China'
2025-04-26 23:32:19,414 [INFO] Identified 7 significant events for 'China'
2025-04-26 23:32:19,633 [INFO] Created event visualization for 'China' at analysis_gdelt_advanced9/timelines/China_events.png
2025-04-26 23:32:19,634 [INFO] Generated event timeline for 'China' saved to analysis_gdelt_advanced9/timelines/China_events.json
2025-04-26 23:32:19,634 [INFO] Generated event timeline report for 'China' saved to analysis_gdelt_advanced9/timelines/China_events_report.md
2025-04-26 23:32:19,635 [INFO] Generating comparison timeline for top entities
2025-04-26 23:32:19,635 [INFO] Generating comparison timeline for entities: United States, Russia, Ukraine, China
2025-04-26 23:32:19,640 [INFO] Found 3 articles mentioning 'United States'
2025-04-26 23:32:19,645 [INFO] Found 17 articles mentioning 'Russia'
2025-04-26 23:32:19,650 [INFO] Found 8 articles mentioning 'Ukraine'
2025-04-26 23:32:19,654 [INFO] Found 54 articles mentioning 'China'
2025-04-26 23:32:19,879 [INFO] Created comparison visualization for ['United States', 'Russia', 'Ukraine', 'China'] at analysis_gdelt_advanced9/timelines/entity_comparison_United_States_Russia_Ukraine_China.png
2025-04-26 23:32:19,890 [INFO] Generated comparison timeline saved to analysis_gdelt_advanced9/timelines/entity_comparison_United_States_Russia_Ukraine_China.json
2025-04-26 23:32:19,891 [INFO] Generated timelines for 5 entities
2025-04-26 23:32:19,891 [INFO] Generated timeline summary at analysis_gdelt_advanced9/timelines/timeline_summary.md
2025-04-26 23:32:19,891 [INFO] Generating sentiment analysis by event...
2025-04-26 23:32:20,206 [INFO] Loaded sentiment analysis model: tabularisai/multilingual-sentiment-analysis
2025-04-26 23:32:20,207 [INFO] Analyzing sentiment for entity 'Russia' over time
2025-04-26 23:32:20,209 [INFO] Found 7 articles for entity 'Russia'
2025-04-26 23:32:41,412 [INFO] Created sentiment timeline visualization for 'Russia' at analysis_gdelt_advanced9/timelines/Russia_sentiment_timeline.png
2025-04-26 23:32:41,413 [INFO] Saved sentiment timeline results to analysis_gdelt_advanced9/timelines/Russia_sentiment_timeline.json
2025-04-26 23:32:41,643 [INFO] Created sentiment timeline visualization for 'Russia' at analysis_gdelt_advanced9/timelines/Russia_sentiment_timeline.png
2025-04-26 23:32:41,643 [INFO] Generated event sentiment report for 'Russia' saved to analysis_gdelt_advanced9/timelines/Russia_event_sentiment_report.md
2025-04-26 23:32:41,643 [INFO] Analyzing sentiment for entity 'Ukraine' over time
2025-04-26 23:32:41,645 [INFO] Found 3 articles for entity 'Ukraine'
2025-04-26 23:32:47,978 [INFO] Created sentiment timeline visualization for 'Ukraine' at analysis_gdelt_advanced9/timelines/Ukraine_sentiment_timeline.png
2025-04-26 23:32:47,979 [INFO] Saved sentiment timeline results to analysis_gdelt_advanced9/timelines/Ukraine_sentiment_timeline.json
2025-04-26 23:32:48,202 [INFO] Created sentiment timeline visualization for 'Ukraine' at analysis_gdelt_advanced9/timelines/Ukraine_sentiment_timeline.png
2025-04-26 23:32:48,202 [INFO] Generated event sentiment report for 'Ukraine' saved to analysis_gdelt_advanced9/timelines/Ukraine_event_sentiment_report.md
2025-04-26 23:32:48,202 [INFO] Analyzing sentiment for entity 'China' over time
2025-04-26 23:32:48,204 [INFO] Found 14 articles for entity 'China'
2025-04-26 23:33:10,498 [WARNING] Failed to fetch article content: 403
2025-04-26 23:33:31,902 [INFO] Created sentiment timeline visualization for 'China' at analysis_gdelt_advanced9/timelines/China_sentiment_timeline.png
2025-04-26 23:33:31,903 [INFO] Saved sentiment timeline results to analysis_gdelt_advanced9/timelines/China_sentiment_timeline.json
2025-04-26 23:33:32,114 [INFO] Created sentiment timeline visualization for 'China' at analysis_gdelt_advanced9/timelines/China_sentiment_timeline.png
2025-04-26 23:33:32,115 [INFO] Generated event sentiment report for 'China' saved to analysis_gdelt_advanced9/timelines/China_event_sentiment_report.md
2025-04-26 23:33:32,357 [INFO] Created sentiment comparison visualization at analysis_gdelt_advanced9/timelines/entity_sentiment_comparison_Russia_Ukraine_China.png
2025-04-26 23:33:32,612 [INFO] Created sentiment heatmap at analysis_gdelt_advanced9/timelines/entity_sentiment_heatmap_Russia_Ukraine_China.png
2025-04-26 23:33:32,630 [INFO] Using categorical units to plot a list of strings that are all parsable as floats or dates. If these strings should be plotted as numbers, cast to the appropriate data type before plotting.
2025-04-26 23:33:32,636 [INFO] Using categorical units to plot a list of strings that are all parsable as floats or dates. If these strings should be plotted as numbers, cast to the appropriate data type before plotting.
2025-04-26 23:33:32,786 [INFO] Created sentiment distribution visualization at analysis_gdelt_advanced9/timelines/entity_sentiment_distribution_Russia_Ukraine_China.png
2025-04-26 23:33:32,786 [INFO] Generated sentiment comparison report saved to analysis_gdelt_advanced9/timelines/sentiment_comparison_report_Russia_Ukraine_China.md
2025-04-26 23:33:32,787 [INFO] Generating cross-entity event analysis...
2025-04-26 23:33:32,787 [INFO] Finding co-occurrences for entities: United States, Russia, Ukraine, China
2025-04-26 23:33:32,927 [INFO] Created network visualization at analysis_gdelt_advanced9/timelines/entity_network_United_States_Russia_Ukraine.png
2025-04-26 23:33:33,148 [INFO] Created matrix visualization at analysis_gdelt_advanced9/timelines/entity_matrix_United_States_Russia_Ukraine.png
2025-04-26 23:33:33,148 [INFO] Saved co-occurrence results to analysis_gdelt_advanced9/timelines/entity_co_occurrences_United_States_Russia_Ukraine.json
2025-04-26 23:33:33,148 [INFO] Identifying cross-entity events for: United States, Russia, Ukraine, China
2025-04-26 23:33:33,152 [INFO] Found 72 articles mentioning the specified entities
2025-04-26 23:33:33,177 [WARNING] No articles found mentioning at least 2 of the specified entities
2025-04-26 23:33:33,177 [INFO] Generating predictive event detection...
2025-04-26 23:33:33,177 [INFO] Predicting future mentions for entity: United States
2025-04-26 23:33:33,179 [INFO] Found 3 articles for entity 'United States'
2025-04-26 23:33:33,631 [INFO] Created prediction visualization for 'United States' at analysis_gdelt_advanced9/timelines/United_States_prediction.png
2025-04-26 23:33:33,632 [INFO] Saved prediction results to analysis_gdelt_advanced9/timelines/United_States_prediction.json
2025-04-26 23:33:33,633 [INFO] Generated prediction report for 'United States' saved to analysis_gdelt_advanced9/timelines/United_States_prediction_report.md
2025-04-26 23:33:33,633 [INFO] Predicting future events for entity: United States
2025-04-26 23:33:33,633 [INFO] Predicting future mentions for entity: United States
2025-04-26 23:33:33,636 [INFO] Found 3 articles for entity 'United States'
2025-04-26 23:33:34,003 [INFO] Created prediction visualization for 'United States' at analysis_gdelt_advanced9/timelines/United_States_prediction.png
2025-04-26 23:33:34,004 [INFO] Saved prediction results to analysis_gdelt_advanced9/timelines/United_States_prediction.json
2025-04-26 23:33:34,222 [INFO] Created event prediction visualization for 'United States' at analysis_gdelt_advanced9/timelines/United_States_event_prediction.png
2025-04-26 23:33:34,222 [INFO] Saved event prediction results to analysis_gdelt_advanced9/timelines/United_States_event_prediction.json
2025-04-26 23:33:34,222 [INFO] Generated event prediction report for 'United States' saved to analysis_gdelt_advanced9/timelines/United_States_event_prediction_report.md
2025-04-26 23:33:34,222 [INFO] Predicting future mentions for entity: Russia
2025-04-26 23:33:34,224 [INFO] Found 17 articles for entity 'Russia'
2025-04-26 23:33:34,541 [INFO] Created prediction visualization for 'Russia' at analysis_gdelt_advanced9/timelines/Russia_prediction.png
2025-04-26 23:33:34,542 [INFO] Saved prediction results to analysis_gdelt_advanced9/timelines/Russia_prediction.json
2025-04-26 23:33:34,542 [INFO] Generated prediction report for 'Russia' saved to analysis_gdelt_advanced9/timelines/Russia_prediction_report.md
2025-04-26 23:33:34,542 [INFO] Predicting future events for entity: Russia
2025-04-26 23:33:34,542 [INFO] Predicting future mentions for entity: Russia
2025-04-26 23:33:34,544 [INFO] Found 17 articles for entity 'Russia'
2025-04-26 23:33:34,865 [INFO] Created prediction visualization for 'Russia' at analysis_gdelt_advanced9/timelines/Russia_prediction.png
2025-04-26 23:33:34,866 [INFO] Saved prediction results to analysis_gdelt_advanced9/timelines/Russia_prediction.json
2025-04-26 23:33:35,090 [INFO] Created event prediction visualization for 'Russia' at analysis_gdelt_advanced9/timelines/Russia_event_prediction.png
2025-04-26 23:33:35,090 [INFO] Saved event prediction results to analysis_gdelt_advanced9/timelines/Russia_event_prediction.json
2025-04-26 23:33:35,090 [INFO] Generated event prediction report for 'Russia' saved to analysis_gdelt_advanced9/timelines/Russia_event_prediction_report.md
2025-04-26 23:33:35,090 [INFO] Predicting future mentions for entity: Ukraine
2025-04-26 23:33:35,092 [INFO] Found 8 articles for entity 'Ukraine'
2025-04-26 23:33:35,966 [INFO] Created prediction visualization for 'Ukraine' at analysis_gdelt_advanced9/timelines/Ukraine_prediction.png
2025-04-26 23:33:35,967 [INFO] Saved prediction results to analysis_gdelt_advanced9/timelines/Ukraine_prediction.json
2025-04-26 23:33:35,968 [INFO] Generated prediction report for 'Ukraine' saved to analysis_gdelt_advanced9/timelines/Ukraine_prediction_report.md
2025-04-26 23:33:35,968 [INFO] Predicting future events for entity: Ukraine
2025-04-26 23:33:35,968 [INFO] Predicting future mentions for entity: Ukraine
2025-04-26 23:33:35,970 [INFO] Found 8 articles for entity 'Ukraine'
2025-04-26 23:33:36,364 [INFO] Created prediction visualization for 'Ukraine' at analysis_gdelt_advanced9/timelines/Ukraine_prediction.png
2025-04-26 23:33:36,365 [INFO] Saved prediction results to analysis_gdelt_advanced9/timelines/Ukraine_prediction.json
2025-04-26 23:33:36,591 [INFO] Created event prediction visualization for 'Ukraine' at analysis_gdelt_advanced9/timelines/Ukraine_event_prediction.png
2025-04-26 23:33:36,592 [INFO] Saved event prediction results to analysis_gdelt_advanced9/timelines/Ukraine_event_prediction.json
2025-04-26 23:33:36,592 [INFO] Generated event prediction report for 'Ukraine' saved to analysis_gdelt_advanced9/timelines/Ukraine_event_prediction_report.md
2025-04-26 23:33:36,592 [INFO] Predicting future mentions for entity: China
2025-04-26 23:33:36,594 [INFO] Found 54 articles for entity 'China'
2025-04-26 23:33:36,930 [INFO] Created prediction visualization for 'China' at analysis_gdelt_advanced9/timelines/China_prediction.png
2025-04-26 23:33:36,931 [INFO] Saved prediction results to analysis_gdelt_advanced9/timelines/China_prediction.json
2025-04-26 23:33:36,932 [INFO] Generated prediction report for 'China' saved to analysis_gdelt_advanced9/timelines/China_prediction_report.md
2025-04-26 23:33:36,932 [INFO] Predicting future events for entity: China
2025-04-26 23:33:36,932 [INFO] Predicting future mentions for entity: China
2025-04-26 23:33:36,934 [INFO] Found 54 articles for entity 'China'
2025-04-26 23:33:37,284 [INFO] Created prediction visualization for 'China' at analysis_gdelt_advanced9/timelines/China_prediction.png
2025-04-26 23:33:37,285 [INFO] Saved prediction results to analysis_gdelt_advanced9/timelines/China_prediction.json
2025-04-26 23:33:37,563 [INFO] Created event prediction visualization for 'China' at analysis_gdelt_advanced9/timelines/China_event_prediction.png
2025-04-26 23:33:37,563 [INFO] Saved event prediction results to analysis_gdelt_advanced9/timelines/China_event_prediction.json
2025-04-26 23:33:37,563 [INFO] Generated event prediction report for 'China' saved to analysis_gdelt_advanced9/timelines/China_event_prediction_report.md
2025-04-26 23:33:37,564 [INFO] Generated advanced timeline summary saved to analysis_gdelt_advanced9/timelines/advanced_timeline_summary.md
2025-04-26 23:33:37,564 [INFO] Closed database connection
2025-04-26 23:33:37,564 [INFO] Analysis complete! Results saved to analysis_gdelt_advanced9
