2025-04-28 19:10:43,764 - __main__ - INFO - Starting optimization daemon for database: analysis_gdelt_chunks/gdelt_news.db
2025-04-28 19:10:43,764 - __main__ - INFO - Optimization interval: 300 seconds
2025-04-28 19:10:43,764 - __main__ - INFO - Running optimization...
2025-04-28 19:10:43,765 - __main__ - INFO - Entity type distribution: {'ORGANIZATION': 36, 'LOCATION': 54, 'PERSON': 223}
2025-04-28 19:10:43,768 - __main__ - INFO - Found 0 entities to reclassify
2025-04-28 19:10:43,794 - __main__ - INFO - Found 10 potential entity merges
2025-04-28 19:10:43,796 - __main__ - INFO - Merging entity 'Tonse Alliance' into 'Action Over Tonse Alliance'
2025-04-28 19:10:43,797 - __main__ - INFO - Merging entity 'Brussels' into 'Brussels Airport'
2025-04-28 19:10:43,797 - __main__ - ERROR - Error optimizing entity merging: UNIQUE constraint failed: article_entities.article_id, article_entities.entity_id
2025-04-28 19:10:48,816 - __main__ - ERROR - Error optimizing trust scores: database is locked
2025-04-28 19:10:48,818 - __main__ - INFO - Saved entity lists
2025-04-28 19:10:48,821 - __main__ - INFO - Updated entity lists: 0 persons, 1 organizations, 1 locations
2025-04-28 19:10:48,821 - __main__ - INFO - Optimization completed
2025-04-28 19:15:48,828 - __main__ - INFO - Running optimization...
2025-04-28 19:15:48,831 - __main__ - INFO - Entity type distribution: {'ORGANIZATION': 36, 'LOCATION': 54, 'PERSON': 223}
2025-04-28 19:15:48,836 - __main__ - INFO - Found 0 entities to reclassify
2025-04-28 19:15:48,860 - __main__ - INFO - Found 10 potential entity merges
2025-04-28 19:15:48,861 - __main__ - INFO - Merging entity 'Tonse Alliance' into 'Action Over Tonse Alliance'
2025-04-28 19:15:48,861 - __main__ - INFO - Merging entity 'Brussels' into 'Brussels Airport'
2025-04-28 19:15:48,861 - __main__ - ERROR - Error optimizing entity merging: UNIQUE constraint failed: article_entities.article_id, article_entities.entity_id
2025-04-28 19:15:53,881 - __main__ - ERROR - Error optimizing trust scores: database is locked
2025-04-28 19:15:53,883 - __main__ - INFO - Saved entity lists
2025-04-28 19:15:53,884 - __main__ - INFO - Updated entity lists: 0 persons, 1 organizations, 1 locations
2025-04-28 19:15:53,884 - __main__ - INFO - Optimization completed
2025-04-28 19:56:04,075 - python.src.gdelt.config.database_config - INFO - Loaded database configuration from config/database.json
2025-04-28 19:56:04,116 - python.src.gdelt.database.postgres_adapter - INFO - Initialized PostgreSQL connection pool with 1-10 connections
2025-04-28 19:56:04,117 - __main__ - INFO - Loaded 0 person entities
2025-04-28 19:56:04,117 - __main__ - INFO - Loaded 1 organization entities
2025-04-28 19:56:04,117 - __main__ - INFO - Loaded 1 location entities
2025-04-28 19:56:04,117 - __main__ - INFO - Loaded 0 ambiguous entities
2025-04-28 19:56:04,117 - __main__ - INFO - Starting optimization daemon for database: analysis_gdelt_chunks/gdelt_news.db
2025-04-28 19:56:04,117 - __main__ - INFO - Optimization interval: 300 seconds
2025-04-28 19:56:04,117 - __main__ - INFO - Running optimization...
2025-04-28 19:56:04,122 - __main__ - WARNING - Database is locked, retrying in 2 seconds (attempt 1/3)
2025-04-28 19:56:06,123 - __main__ - WARNING - Database is locked, retrying in 2 seconds (attempt 2/3)
2025-04-28 19:56:08,125 - __main__ - ERROR - Error analyzing entity types: database is locked
2025-04-28 19:56:08,126 - __main__ - INFO - Found 0 entities to reclassify
2025-04-28 19:56:10,129 - __main__ - WARNING - Database is locked, retrying in 2 seconds (attempt 1/3)
2025-04-28 19:56:12,131 - __main__ - WARNING - Database is locked, retrying in 2 seconds (attempt 2/3)
2025-04-28 19:56:14,134 - __main__ - ERROR - Error optimizing entity merging: database is locked
2025-04-28 19:56:16,136 - __main__ - WARNING - Database is locked, retrying in 2 seconds (attempt 1/3)
2025-04-28 19:56:18,137 - __main__ - WARNING - Database is locked, retrying in 2 seconds (attempt 2/3)
2025-04-28 19:56:20,143 - __main__ - WARNING - Database is locked during trust score update, will retry in next cycle
2025-04-28 19:56:22,143 - __main__ - WARNING - Database is locked, retrying in 2 seconds (attempt 1/3)
2025-04-28 19:56:24,145 - __main__ - WARNING - Database is locked, retrying in 2 seconds (attempt 2/3)
2025-04-28 19:56:26,149 - __main__ - ERROR - Error updating entity lists: database is locked
2025-04-28 19:56:26,150 - __main__ - INFO - Optimization completed
2025-04-28 19:57:39,235 - __main__ - INFO - Received signal 2, shutting down...
2025-04-28 19:57:39,236 - __main__ - INFO - Received signal 15, shutting down...
2025-04-28 19:57:46,155 - __main__ - INFO - Optimization daemon stopped
2025-04-28 20:02:58,665 - python.src.gdelt.config.database_config - INFO - Loaded database configuration from config/database.json
2025-04-28 20:02:58,667 - __main__ - INFO - Loaded 0 person entities
2025-04-28 20:02:58,667 - __main__ - INFO - Loaded 1 organization entities
2025-04-28 20:02:58,668 - __main__ - INFO - Loaded 1 location entities
2025-04-28 20:02:58,668 - __main__ - INFO - Loaded 0 ambiguous entities
2025-04-28 20:02:58,669 - __main__ - INFO - Starting optimization daemon for database: analysis_gdelt_chunks/gdelt_news.db
2025-04-28 20:02:58,669 - __main__ - INFO - Optimization interval: 300 seconds
2025-04-28 20:02:58,670 - __main__ - INFO - Running optimization...
2025-04-28 20:02:58,671 - __main__ - WARNING - Database is locked, retrying in 2 seconds (attempt 1/3)
2025-04-28 20:03:00,672 - __main__ - WARNING - Database is locked, retrying in 2 seconds (attempt 2/3)
2025-04-28 20:03:02,673 - __main__ - ERROR - Error analyzing entity types: database is locked
2025-04-28 20:03:02,674 - __main__ - INFO - Found 0 entities to reclassify
2025-04-28 20:03:04,675 - __main__ - WARNING - Database is locked, retrying in 2 seconds (attempt 1/3)
2025-04-28 20:03:06,676 - __main__ - WARNING - Database is locked, retrying in 2 seconds (attempt 2/3)
2025-04-28 20:03:08,679 - __main__ - ERROR - Error optimizing entity merging: database is locked
2025-04-28 20:03:10,687 - __main__ - WARNING - Database is locked, retrying in 2 seconds (attempt 1/3)
2025-04-28 20:03:12,688 - __main__ - WARNING - Database is locked, retrying in 2 seconds (attempt 2/3)
2025-04-28 20:03:14,689 - __main__ - WARNING - Database is locked during trust score update, will retry in next cycle
2025-04-28 20:03:16,692 - __main__ - WARNING - Database is locked, retrying in 2 seconds (attempt 1/3)
2025-04-28 20:03:18,698 - __main__ - WARNING - Database is locked, retrying in 2 seconds (attempt 2/3)
2025-04-28 20:03:20,700 - __main__ - ERROR - Error updating entity lists: database is locked
2025-04-28 20:03:20,701 - __main__ - INFO - Optimization completed
2025-04-28 20:04:53,085 - __main__ - INFO - Received signal 15, shutting down...
2025-04-28 20:05:00,704 - __main__ - INFO - Optimization daemon stopped
2025-04-28 20:05:22,670 - python.src.gdelt.config.database_config - INFO - Loaded database configuration from config/database.json
2025-04-28 20:05:22,671 - __main__ - INFO - Loaded 0 person entities
2025-04-28 20:05:22,672 - __main__ - INFO - Loaded 1 organization entities
2025-04-28 20:05:22,674 - __main__ - INFO - Loaded 1 location entities
2025-04-28 20:05:22,675 - __main__ - INFO - Loaded 0 ambiguous entities
2025-04-28 20:05:22,675 - __main__ - INFO - Starting optimization daemon for database: analysis_gdelt_chunks/gdelt_news.db
2025-04-28 20:05:22,675 - __main__ - INFO - Optimization interval: 300 seconds
2025-04-28 20:05:22,676 - __main__ - INFO - Running optimization...
2025-04-28 20:05:22,677 - __main__ - WARNING - Database is locked, retrying in 2 seconds (attempt 1/3)
2025-04-28 20:05:24,679 - __main__ - WARNING - Database is locked, retrying in 2 seconds (attempt 2/3)
2025-04-28 20:05:26,680 - __main__ - ERROR - Error analyzing entity types: database is locked
2025-04-28 20:05:26,680 - __main__ - INFO - Found 0 entities to reclassify
2025-04-28 20:05:28,682 - __main__ - WARNING - Database is locked, retrying in 2 seconds (attempt 1/3)
2025-04-28 20:05:30,689 - __main__ - WARNING - Database is locked, retrying in 2 seconds (attempt 2/3)
2025-04-28 20:05:32,690 - __main__ - ERROR - Error optimizing entity merging: database is locked
2025-04-28 20:05:34,691 - __main__ - WARNING - Database is locked, retrying in 2 seconds (attempt 1/3)
2025-04-28 20:05:36,692 - __main__ - WARNING - Database is locked, retrying in 2 seconds (attempt 2/3)
2025-04-28 20:05:38,696 - __main__ - WARNING - Database is locked during trust score update, will retry in next cycle
2025-04-28 20:05:40,699 - __main__ - WARNING - Database is locked, retrying in 2 seconds (attempt 1/3)
2025-04-28 20:05:42,704 - __main__ - WARNING - Database is locked, retrying in 2 seconds (attempt 2/3)
2025-04-28 20:05:44,707 - __main__ - ERROR - Error updating entity lists: database is locked
2025-04-28 20:05:44,709 - __main__ - INFO - Optimization completed
2025-04-28 20:06:10,447 - __main__ - INFO - Received signal 15, shutting down...
2025-04-28 20:06:10,448 - __main__ - INFO - Received signal 15, shutting down...
2025-04-28 20:06:14,710 - __main__ - INFO - Optimization daemon stopped
2025-04-28 20:10:36,220 - python.src.gdelt.config.database_config - INFO - Loaded database configuration from config/database.json
2025-04-28 20:10:36,220 - __main__ - INFO - Loaded 0 person entities
2025-04-28 20:10:36,221 - __main__ - INFO - Loaded 1 organization entities
2025-04-28 20:10:36,221 - __main__ - INFO - Loaded 1 location entities
2025-04-28 20:10:36,221 - __main__ - INFO - Loaded 0 ambiguous entities
2025-04-28 20:10:36,221 - __main__ - INFO - Starting optimization daemon for database: analysis_gdelt_chunks/gdelt_news.db
2025-04-28 20:10:36,221 - __main__ - INFO - Optimization interval: 300 seconds
2025-04-28 20:10:36,221 - __main__ - INFO - Running optimization...
2025-04-28 20:10:36,222 - __main__ - WARNING - Database is locked, retrying in 2 seconds (attempt 1/3)
2025-04-28 20:10:38,223 - __main__ - WARNING - Database is locked, retrying in 2 seconds (attempt 2/3)
2025-04-28 20:10:40,224 - __main__ - ERROR - Error analyzing entity types: database is locked
2025-04-28 20:10:40,224 - __main__ - INFO - Found 0 entities to reclassify
2025-04-28 20:10:42,228 - __main__ - WARNING - Database is locked, retrying in 2 seconds (attempt 1/3)
2025-04-28 20:10:44,233 - __main__ - WARNING - Database is locked, retrying in 2 seconds (attempt 2/3)
2025-04-28 20:10:46,238 - __main__ - ERROR - Error optimizing entity merging: database is locked
2025-04-28 20:10:48,248 - __main__ - WARNING - Database is locked, retrying in 2 seconds (attempt 1/3)
2025-04-28 20:10:50,253 - __main__ - WARNING - Database is locked, retrying in 2 seconds (attempt 2/3)
2025-04-28 20:10:52,254 - __main__ - WARNING - Database is locked during trust score update, will retry in next cycle
2025-04-28 20:10:54,257 - __main__ - WARNING - Database is locked, retrying in 2 seconds (attempt 1/3)
2025-04-28 20:10:56,262 - __main__ - WARNING - Database is locked, retrying in 2 seconds (attempt 2/3)
2025-04-28 20:10:58,263 - __main__ - ERROR - Error updating entity lists: database is locked
2025-04-28 20:10:58,264 - __main__ - INFO - Optimization completed
2025-04-28 20:12:52,561 - __main__ - INFO - Received signal 15, shutting down...
2025-04-28 20:12:52,578 - __main__ - INFO - Received signal 15, shutting down...
2025-04-28 20:12:58,297 - __main__ - INFO - Optimization daemon stopped
2025-04-28 20:29:44,912 - python.src.gdelt.config.database_config - INFO - Loaded database configuration from config/database.json
2025-04-28 20:29:44,912 - __main__ - INFO - Loaded 0 person entities
2025-04-28 20:29:44,913 - __main__ - INFO - Loaded 1 organization entities
2025-04-28 20:29:44,913 - __main__ - INFO - Loaded 1 location entities
2025-04-28 20:29:44,921 - __main__ - INFO - Loaded 0 ambiguous entities
2025-04-28 20:29:44,923 - __main__ - INFO - Starting optimization daemon for database: analysis_gdelt_chunks/gdelt_news.db
2025-04-28 20:29:44,923 - __main__ - INFO - Optimization interval: 300 seconds
2025-04-28 20:29:44,923 - __main__ - INFO - Running optimization...
2025-04-28 20:29:44,926 - __main__ - INFO - Entity type distribution: {'ORGANIZATION': 36, 'LOCATION': 54, 'PERSON': 223}
2025-04-28 20:29:44,930 - __main__ - INFO - Found 0 entities to reclassify
2025-04-28 20:29:46,963 - __main__ - INFO - Found 10 potential entity merges
2025-04-28 20:29:46,964 - __main__ - INFO - Merging entity 'Tonse Alliance' into 'Action Over Tonse Alliance'
2025-04-28 20:29:46,964 - __main__ - INFO - Merging entity 'Brussels' into 'Brussels Airport'
2025-04-28 20:29:46,965 - __main__ - INFO - Merging entity 'Estados Unidos' into 'Datos Estados Unidos'
2025-04-28 20:29:46,965 - __main__ - INFO - Merging entity 'Kim Kardashian' into 'Kim Kardashian Paris'
2025-04-28 20:29:46,965 - __main__ - INFO - Merging entity 'Kim Kardashian' into 'Kim Kardashian Robbery'
2025-04-28 20:29:46,966 - __main__ - INFO - Merging entity 'Latest News' into 'Latest News India'
2025-04-28 20:29:46,966 - __main__ - INFO - Merging entity 'Tonse Alliance' into 'Hijack Tonse Alliance'
2025-04-28 20:29:46,966 - __main__ - INFO - Merging entity 'United Trademark Group' into 'China United Trademark Group'
2025-04-28 20:29:46,966 - __main__ - INFO - Merging entity 'Before Trial' into 'Weeks Before Trial'
2025-04-28 20:29:46,967 - __main__ - INFO - Merging entity 'Xcel Brands' into 'Xcel Brands Brings'
2025-04-28 20:29:46,975 - __main__ - INFO - Applied 10 entity merges
2025-04-28 20:29:48,989 - __main__ - INFO - Updated trust scores for entities and sources
2025-04-28 20:29:50,992 - __main__ - INFO - Saved entity lists
2025-04-28 20:29:50,994 - __main__ - INFO - Updated entity lists: 0 persons, 1 organizations, 1 locations
2025-04-28 20:29:50,994 - __main__ - INFO - Optimization completed
2025-04-28 20:34:51,037 - __main__ - INFO - Running optimization...
2025-04-28 20:34:51,041 - __main__ - INFO - Entity type distribution: {'ORGANIZATION': 34, 'LOCATION': 53, 'PERSON': 218}
2025-04-28 20:34:51,052 - __main__ - INFO - Found 1 entities to reclassify
2025-04-28 20:34:51,053 - __main__ - INFO - Reclassifying 'Kim Kardashian Paris' from PERSON to LOCATION
2025-04-28 20:34:51,062 - __main__ - INFO - Saved entity lists
2025-04-28 20:34:53,101 - __main__ - INFO - Found 1 potential entity merges
2025-04-28 20:34:53,105 - __main__ - INFO - Applied 0 entity merges
2025-04-28 20:34:55,110 - __main__ - INFO - Updated trust scores for entities and sources
2025-04-28 20:34:57,139 - __main__ - INFO - Saved entity lists
2025-04-28 20:34:57,143 - __main__ - INFO - Updated entity lists: 0 persons, 1 organizations, 2 locations
2025-04-28 20:34:57,143 - __main__ - INFO - Optimization completed
2025-04-28 20:39:19,995 - __main__ - INFO - Received signal 2, shutting down...
2025-04-28 20:39:19,999 - __main__ - INFO - Received signal 15, shutting down...
2025-04-28 20:39:27,295 - __main__ - INFO - Optimization daemon stopped
2025-04-28 20:41:57,268 - python.src.gdelt.config.database_config - INFO - Loaded database configuration from config/database.json
2025-04-28 20:41:57,268 - __main__ - INFO - Loaded 0 person entities
2025-04-28 20:41:57,269 - __main__ - INFO - Loaded 1 organization entities
2025-04-28 20:41:57,269 - __main__ - INFO - Loaded 2 location entities
2025-04-28 20:41:57,269 - __main__ - INFO - Loaded 0 ambiguous entities
2025-04-28 20:41:57,270 - __main__ - INFO - Starting optimization daemon for database: analysis_gdelt_chunks/gdelt_news.db
2025-04-28 20:41:57,270 - __main__ - INFO - Optimization interval: 300 seconds
2025-04-28 20:41:57,270 - __main__ - INFO - Running optimization...
2025-04-28 20:41:57,273 - __main__ - INFO - Entity type distribution: {'ORGANIZATION': 34, 'LOCATION': 54, 'PERSON': 217}
2025-04-28 20:41:57,277 - __main__ - INFO - Found 0 entities to reclassify
2025-04-28 20:41:59,298 - __main__ - INFO - Found 1 potential entity merges
2025-04-28 20:41:59,299 - __main__ - INFO - Applied 0 entity merges
2025-04-28 20:42:01,306 - __main__ - INFO - Updated trust scores for entities and sources
2025-04-28 20:42:03,309 - __main__ - INFO - Saved entity lists
2025-04-28 20:42:03,334 - __main__ - INFO - Updated entity lists: 0 persons, 1 organizations, 2 locations
2025-04-28 20:42:03,334 - __main__ - INFO - Optimization completed
2025-04-28 20:42:43,217 - __main__ - INFO - Received signal 2, shutting down...
2025-04-28 20:42:43,220 - __main__ - INFO - Received signal 15, shutting down...
2025-04-28 20:42:43,336 - __main__ - INFO - Optimization daemon stopped
2025-04-28 21:09:54,391 - python.src.gdelt.config.database_config - INFO - Loaded database configuration from config/database.json
2025-04-28 21:09:54,391 - __main__ - INFO - Loaded 0 person entities
2025-04-28 21:09:54,391 - __main__ - INFO - Loaded 1 organization entities
2025-04-28 21:09:54,391 - __main__ - INFO - Loaded 2 location entities
2025-04-28 21:09:54,391 - __main__ - INFO - Loaded 0 ambiguous entities
2025-04-28 21:09:54,392 - __main__ - INFO - Starting optimization daemon for database: analysis_gdelt_chunks/gdelt_news.db
2025-04-28 21:09:54,392 - __main__ - INFO - Optimization interval: 300 seconds
2025-04-28 21:09:54,392 - __main__ - INFO - Running optimization...
2025-04-28 21:09:54,396 - __main__ - INFO - Entity type distribution: {'ORGANIZATION': 34, 'LOCATION': 54, 'PERSON': 217}
2025-04-28 21:09:54,399 - __main__ - INFO - Found 0 entities to reclassify
2025-04-28 21:09:56,423 - __main__ - INFO - Found 1 potential entity merges
2025-04-28 21:09:56,424 - __main__ - INFO - Applied 0 entity merges
2025-04-28 21:09:58,430 - __main__ - INFO - Updated trust scores for entities and sources
2025-04-28 21:10:00,435 - __main__ - INFO - Saved entity lists
2025-04-28 21:10:00,437 - __main__ - INFO - Updated entity lists: 0 persons, 1 organizations, 2 locations
2025-04-28 21:10:00,437 - __main__ - INFO - Optimization completed
2025-04-28 21:15:00,445 - __main__ - INFO - Running optimization...
2025-04-28 21:15:00,454 - __main__ - INFO - Entity type distribution: {'ORGANIZATION': 34, 'LOCATION': 54, 'PERSON': 217}
2025-04-28 21:15:00,463 - __main__ - INFO - Found 0 entities to reclassify
2025-04-28 21:15:02,490 - __main__ - INFO - Found 1 potential entity merges
2025-04-28 21:15:02,490 - __main__ - INFO - Applied 0 entity merges
2025-04-28 21:15:04,492 - __main__ - INFO - Updated trust scores for entities and sources
2025-04-28 21:15:06,496 - __main__ - INFO - Saved entity lists
2025-04-28 21:15:06,496 - __main__ - INFO - Updated entity lists: 0 persons, 1 organizations, 2 locations
2025-04-28 21:15:06,496 - __main__ - INFO - Optimization completed
2025-04-28 21:20:06,510 - __main__ - INFO - Running optimization...
2025-04-28 21:20:06,514 - __main__ - INFO - Entity type distribution: {'ORGANIZATION': 34, 'LOCATION': 54, 'PERSON': 217}
2025-04-28 21:20:06,528 - __main__ - INFO - Found 0 entities to reclassify
2025-04-28 21:20:08,562 - __main__ - INFO - Found 1 potential entity merges
2025-04-28 21:20:08,562 - __main__ - INFO - Applied 0 entity merges
2025-04-28 21:20:10,566 - __main__ - INFO - Updated trust scores for entities and sources
2025-04-28 21:20:12,581 - __main__ - INFO - Saved entity lists
2025-04-28 21:20:12,581 - __main__ - INFO - Updated entity lists: 0 persons, 1 organizations, 2 locations
2025-04-28 21:20:12,581 - __main__ - INFO - Optimization completed
2025-04-28 21:20:27,993 - __main__ - INFO - Received signal 15, shutting down...
2025-04-28 21:20:32,585 - __main__ - INFO - Optimization daemon stopped
2025-04-28 21:27:01,594 - python.src.gdelt.config.database_config - INFO - Loaded database configuration from config/database.json
2025-04-28 21:27:01,594 - __main__ - INFO - Loaded 0 person entities
2025-04-28 21:27:01,598 - __main__ - INFO - Loaded 1 organization entities
2025-04-28 21:27:01,598 - __main__ - INFO - Loaded 2 location entities
2025-04-28 21:27:01,598 - __main__ - INFO - Loaded 0 ambiguous entities
2025-04-28 21:27:01,599 - __main__ - INFO - Starting optimization daemon for database: analysis_gdelt_chunks/gdelt_news.db
2025-04-28 21:27:01,599 - __main__ - INFO - Optimization interval: 300 seconds
2025-04-28 21:27:01,599 - __main__ - INFO - Running optimization...
2025-04-28 21:27:01,600 - __main__ - INFO - Entity type distribution: {'ORGANIZATION': 34, 'LOCATION': 54, 'PERSON': 217}
2025-04-28 21:27:01,604 - __main__ - INFO - Found 0 entities to reclassify
2025-04-28 21:27:03,636 - __main__ - INFO - Found 1 potential entity merges
2025-04-28 21:27:03,636 - __main__ - INFO - Applied 0 entity merges
2025-04-28 21:27:05,642 - __main__ - INFO - Updated trust scores for entities and sources
2025-04-28 21:27:07,645 - __main__ - INFO - Saved entity lists
2025-04-28 21:27:07,646 - __main__ - INFO - Updated entity lists: 0 persons, 1 organizations, 2 locations
2025-04-28 21:27:07,646 - __main__ - INFO - Optimization completed
2025-04-28 21:32:07,660 - __main__ - INFO - Running optimization...
2025-04-28 21:32:07,663 - __main__ - INFO - Entity type distribution: {'ORGANIZATION': 34, 'LOCATION': 54, 'PERSON': 217}
2025-04-28 21:32:07,667 - __main__ - INFO - Found 0 entities to reclassify
2025-04-28 21:32:09,690 - __main__ - INFO - Found 1 potential entity merges
2025-04-28 21:32:09,691 - __main__ - INFO - Applied 0 entity merges
2025-04-28 21:32:11,692 - __main__ - INFO - Updated trust scores for entities and sources
2025-04-28 21:32:13,696 - __main__ - INFO - Saved entity lists
2025-04-28 21:32:13,696 - __main__ - INFO - Updated entity lists: 0 persons, 1 organizations, 2 locations
2025-04-28 21:32:13,697 - __main__ - INFO - Optimization completed
2025-04-28 21:37:13,705 - __main__ - INFO - Running optimization...
2025-04-28 21:37:13,707 - __main__ - INFO - Entity type distribution: {'ORGANIZATION': 34, 'LOCATION': 54, 'PERSON': 217}
2025-04-28 21:37:13,710 - __main__ - INFO - Found 0 entities to reclassify
2025-04-28 21:37:15,732 - __main__ - INFO - Found 1 potential entity merges
2025-04-28 21:37:15,732 - __main__ - INFO - Applied 0 entity merges
2025-04-28 21:37:17,736 - __main__ - INFO - Updated trust scores for entities and sources
2025-04-28 21:37:19,738 - __main__ - INFO - Saved entity lists
2025-04-28 21:37:19,738 - __main__ - INFO - Updated entity lists: 0 persons, 1 organizations, 2 locations
2025-04-28 21:37:19,738 - __main__ - INFO - Optimization completed
2025-04-28 21:42:19,744 - __main__ - INFO - Running optimization...
2025-04-28 21:42:19,748 - __main__ - INFO - Entity type distribution: {'ORGANIZATION': 34, 'LOCATION': 54, 'PERSON': 217}
2025-04-28 21:42:19,751 - __main__ - INFO - Found 0 entities to reclassify
2025-04-28 21:42:21,772 - __main__ - INFO - Found 1 potential entity merges
2025-04-28 21:42:21,772 - __main__ - INFO - Applied 0 entity merges
2025-04-28 21:42:23,774 - __main__ - INFO - Updated trust scores for entities and sources
2025-04-28 21:42:25,776 - __main__ - INFO - Saved entity lists
2025-04-28 21:42:25,777 - __main__ - INFO - Updated entity lists: 0 persons, 1 organizations, 2 locations
2025-04-28 21:42:25,777 - __main__ - INFO - Optimization completed
2025-04-28 21:47:25,788 - __main__ - INFO - Running optimization...
2025-04-28 21:47:25,791 - __main__ - INFO - Entity type distribution: {'ORGANIZATION': 34, 'LOCATION': 54, 'PERSON': 217}
2025-04-28 21:47:25,794 - __main__ - INFO - Found 0 entities to reclassify
2025-04-28 21:47:27,816 - __main__ - INFO - Found 1 potential entity merges
2025-04-28 21:47:27,816 - __main__ - INFO - Applied 0 entity merges
2025-04-28 21:47:29,820 - __main__ - INFO - Updated trust scores for entities and sources
2025-04-28 21:47:31,823 - __main__ - INFO - Saved entity lists
2025-04-28 21:47:31,823 - __main__ - INFO - Updated entity lists: 0 persons, 1 organizations, 2 locations
2025-04-28 21:47:31,823 - __main__ - INFO - Optimization completed
2025-04-28 21:52:31,834 - __main__ - INFO - Running optimization...
2025-04-28 21:52:31,837 - __main__ - INFO - Entity type distribution: {'ORGANIZATION': 34, 'LOCATION': 54, 'PERSON': 217}
2025-04-28 21:52:31,840 - __main__ - INFO - Found 0 entities to reclassify
2025-04-28 21:52:33,863 - __main__ - INFO - Found 1 potential entity merges
2025-04-28 21:52:33,863 - __main__ - INFO - Applied 0 entity merges
2025-04-28 21:52:35,865 - __main__ - INFO - Updated trust scores for entities and sources
2025-04-28 21:52:37,867 - __main__ - INFO - Saved entity lists
2025-04-28 21:52:37,868 - __main__ - INFO - Updated entity lists: 0 persons, 1 organizations, 2 locations
2025-04-28 21:52:37,868 - __main__ - INFO - Optimization completed
2025-04-28 21:57:37,888 - __main__ - INFO - Running optimization...
2025-04-28 21:57:37,893 - __main__ - INFO - Entity type distribution: {'ORGANIZATION': 34, 'LOCATION': 54, 'PERSON': 217}
2025-04-28 21:57:37,896 - __main__ - INFO - Found 0 entities to reclassify
2025-04-28 21:57:39,917 - __main__ - INFO - Found 1 potential entity merges
2025-04-28 21:57:39,918 - __main__ - INFO - Applied 0 entity merges
2025-04-28 21:57:41,921 - __main__ - INFO - Updated trust scores for entities and sources
2025-04-28 21:57:43,924 - __main__ - INFO - Saved entity lists
2025-04-28 21:57:43,924 - __main__ - INFO - Updated entity lists: 0 persons, 1 organizations, 2 locations
2025-04-28 21:57:43,924 - __main__ - INFO - Optimization completed
2025-04-28 22:02:43,937 - __main__ - INFO - Running optimization...
2025-04-28 22:02:43,942 - __main__ - INFO - Entity type distribution: {'ORGANIZATION': 34, 'LOCATION': 54, 'PERSON': 217}
2025-04-28 22:02:43,952 - __main__ - INFO - Found 0 entities to reclassify
2025-04-28 22:02:45,976 - __main__ - INFO - Found 1 potential entity merges
2025-04-28 22:02:45,976 - __main__ - INFO - Applied 0 entity merges
2025-04-28 22:02:47,978 - __main__ - INFO - Updated trust scores for entities and sources
2025-04-28 22:02:49,981 - __main__ - INFO - Saved entity lists
2025-04-28 22:02:49,981 - __main__ - INFO - Updated entity lists: 0 persons, 1 organizations, 2 locations
2025-04-28 22:02:49,981 - __main__ - INFO - Optimization completed
2025-04-28 22:07:49,998 - __main__ - INFO - Running optimization...
2025-04-28 22:07:50,006 - __main__ - INFO - Entity type distribution: {'ORGANIZATION': 34, 'LOCATION': 54, 'PERSON': 217}
2025-04-28 22:07:50,020 - __main__ - INFO - Found 0 entities to reclassify
2025-04-28 22:07:52,048 - __main__ - INFO - Found 1 potential entity merges
2025-04-28 22:07:52,049 - __main__ - INFO - Applied 0 entity merges
2025-04-28 22:07:54,057 - __main__ - INFO - Updated trust scores for entities and sources
2025-04-28 22:07:56,063 - __main__ - INFO - Saved entity lists
2025-04-28 22:07:56,063 - __main__ - INFO - Updated entity lists: 0 persons, 1 organizations, 2 locations
2025-04-28 22:07:56,063 - __main__ - INFO - Optimization completed
2025-04-28 22:08:16,895 - __main__ - INFO - Received signal 15, shutting down...
2025-04-28 22:08:26,064 - __main__ - INFO - Optimization daemon stopped
2025-04-28 22:15:31,636 - python.src.gdelt.config.database_config - INFO - Loaded database configuration from config/database.json
2025-04-28 22:15:31,637 - __main__ - INFO - Loaded 0 person entities
2025-04-28 22:15:31,637 - __main__ - INFO - Loaded 1 organization entities
2025-04-28 22:15:31,637 - __main__ - INFO - Loaded 2 location entities
2025-04-28 22:15:31,638 - __main__ - INFO - Loaded 0 ambiguous entities
2025-04-28 22:15:31,639 - __main__ - INFO - Starting optimization daemon for database: analysis_gdelt_chunks/gdelt_news.db
2025-04-28 22:15:31,639 - __main__ - INFO - Optimization interval: 300 seconds
2025-04-28 22:15:31,639 - __main__ - INFO - Running optimization...
2025-04-28 22:15:31,641 - __main__ - INFO - Entity type distribution: {'ORGANIZATION': 34, 'LOCATION': 54, 'PERSON': 217}
2025-04-28 22:15:31,646 - __main__ - INFO - Found 0 entities to reclassify
2025-04-28 22:15:33,681 - __main__ - INFO - Found 1 potential entity merges
2025-04-28 22:15:33,683 - __main__ - INFO - Applied 0 entity merges
2025-04-28 22:15:35,688 - __main__ - INFO - Updated trust scores for entities and sources
2025-04-28 22:15:37,694 - __main__ - INFO - Saved entity lists
2025-04-28 22:15:37,699 - __main__ - INFO - Updated entity lists: 0 persons, 1 organizations, 2 locations
2025-04-28 22:15:37,700 - __main__ - INFO - Optimization completed
2025-04-28 22:15:42,263 - __main__ - INFO - Received signal 15, shutting down...
2025-04-28 22:15:47,703 - __main__ - INFO - Optimization daemon stopped
2025-04-28 22:17:19,574 - python.src.gdelt.config.database_config - INFO - Loaded database configuration from config/database.json
2025-04-28 22:17:19,575 - __main__ - INFO - Loaded 0 person entities
2025-04-28 22:17:19,575 - __main__ - INFO - Loaded 1 organization entities
2025-04-28 22:17:19,576 - __main__ - INFO - Loaded 2 location entities
2025-04-28 22:17:19,576 - __main__ - INFO - Loaded 0 ambiguous entities
2025-04-28 22:17:19,576 - __main__ - INFO - Starting optimization daemon for database: analysis_gdelt_chunks/gdelt_news.db
2025-04-28 22:17:19,577 - __main__ - INFO - Optimization interval: 300 seconds
2025-04-28 22:17:19,577 - __main__ - INFO - Running optimization...
2025-04-28 22:17:19,579 - __main__ - INFO - Entity type distribution: {'ORGANIZATION': 34, 'LOCATION': 54, 'PERSON': 217}
2025-04-28 22:17:19,592 - __main__ - INFO - Found 0 entities to reclassify
2025-04-28 22:17:21,614 - __main__ - INFO - Found 1 potential entity merges
2025-04-28 22:17:21,614 - __main__ - INFO - Applied 0 entity merges
2025-04-28 22:17:23,621 - __main__ - INFO - Updated trust scores for entities and sources
2025-04-28 22:17:25,626 - __main__ - INFO - Saved entity lists
2025-04-28 22:17:25,626 - __main__ - INFO - Updated entity lists: 0 persons, 1 organizations, 2 locations
2025-04-28 22:17:25,626 - __main__ - INFO - Optimization completed
2025-04-28 22:17:29,472 - __main__ - INFO - Received signal 15, shutting down...
2025-04-28 22:17:35,626 - __main__ - INFO - Optimization daemon stopped
