2025-04-26 22:59:38,466 [INFO] Starting analysis of GDELT dataset in dataset_gdelt_large2
2025-04-26 22:59:38,466 [INFO] Loading dataset...
2025-04-26 22:59:38,466 [INFO] Loading dataset from dataset_gdelt_large2
2025-04-26 22:59:38,515 [INFO] Loaded 6816 articles from dataset_gdelt_large2/all_articles.csv
2025-04-26 22:59:38,515 [INFO] Loaded 40 themes from dataset_gdelt_large2/themes.json
2025-04-26 22:59:38,516 [INFO] Loaded summary from dataset_gdelt_large2/summary.json
2025-04-26 22:59:38,516 [INFO] Preprocessing articles...
2025-04-26 22:59:38,516 [INFO] Preprocessing articles
2025-04-26 22:59:38,553 [INFO] Preprocessing complete
2025-04-26 22:59:38,553 [INFO] Analyzing theme distribution...
2025-04-26 22:59:38,554 [INFO] Analyzing theme distribution
2025-04-26 22:59:38,556 [INFO] Found 20 themes
2025-04-26 22:59:38,556 [INFO] Analyzing theme correlations...
2025-04-26 22:59:38,556 [INFO] Analyzing correlations between top 15 themes
2025-04-26 22:59:38,571 [INFO] Generated 15 x 15 correlation matrix
2025-04-26 22:59:38,571 [INFO] Analyzing theme trends over time...
2025-04-26 22:59:38,571 [INFO] Analyzing theme trends over time
2025-04-26 22:59:38,577 [INFO] Generated theme trends for 20 themes over 31 dates
2025-04-26 22:59:38,577 [INFO] Analyzing time patterns...
2025-04-26 22:59:38,577 [INFO] Analyzing time patterns
2025-04-26 22:59:38,579 [INFO] Analyzed articles by date (31 dates)
2025-04-26 22:59:38,579 [INFO] Analyzed articles by hour (24 hours)
2025-04-26 22:59:38,581 [INFO] Analyzed articles by day of week (7 days)
2025-04-26 22:59:38,581 [INFO] Analyzing time series...
2025-04-26 22:59:38,581 [INFO] Analyzing time series with frequency 'D'
2025-04-26 22:59:38,595 [INFO] Generated time series with 31 data points
2025-04-26 22:59:38,595 [INFO] Analyzing publication delay...
2025-04-26 22:59:38,596 [INFO] Analyzing publication delay
2025-04-26 22:59:38,619 [INFO] Analyzed publication delay for 20 themes
2025-04-26 22:59:38,619 [INFO] Analyzing domains...
2025-04-26 22:59:38,619 [INFO] Analyzing domain distribution
2025-04-26 22:59:38,620 [INFO] Analyzed top 20 domains
2025-04-26 22:59:38,622 [INFO] Analyzed top 10 TLDs
2025-04-26 22:59:38,622 [INFO] Analyzing languages...
2025-04-26 22:59:38,622 [INFO] Analyzing language distribution
2025-04-26 22:59:38,623 [INFO] Analyzed top 2 languages
2025-04-26 22:59:38,623 [INFO] Analyzing countries...
2025-04-26 22:59:38,623 [INFO] Analyzing source country distribution
2025-04-26 22:59:38,624 [INFO] Analyzed top 15 countries
2025-04-26 22:59:38,624 [INFO] Analyzing source diversity...
2025-04-26 22:59:38,624 [INFO] Analyzing source diversity
2025-04-26 22:59:38,627 [INFO] Calculated diversity metrics: {'total_articles': 6816, 'unique_domains': 1210, 'unique_countries': 99, 'unique_languages': 2, 'domain_concentration': np.float64(0.005669783814388679), 'country_concentration': np.float64(0.1345529160880778), 'language_concentration': np.float64(0.5018984948422933), 'domain_diversity': np.float64(0.9943302161856113), 'country_diversity': np.float64(0.8654470839119222), 'language_diversity': np.float64(0.4981015051577067)}
2025-04-26 22:59:38,627 [INFO] Extracting keywords...
2025-04-26 22:59:38,627 [INFO] Extracting keywords from article titles
2025-04-26 22:59:39,933 [INFO] Extracted 100 keywords
2025-04-26 22:59:39,935 [INFO] Building topic model...
2025-04-26 22:59:39,935 [INFO] Building topic model with 10 topics
2025-04-26 22:59:46,367 [INFO] Built topic model with 10 topics and 1000 features
2025-04-26 22:59:46,367 [INFO] Extracting top 10 words for each topic
2025-04-26 22:59:46,368 [INFO] Extracted top words for 10 topics
2025-04-26 22:59:46,368 [INFO] Assigning topics to articles with threshold 0.3
2025-04-26 22:59:47,037 [INFO] Assigned topics to 6816 articles
2025-04-26 22:59:47,037 [INFO] Creating visualizations...
2025-04-26 22:59:47,037 [INFO] Creating all visualizations
2025-04-26 22:59:47,038 [INFO] Visualization style set up
2025-04-26 22:59:47,038 [INFO] Creating theme distribution plot for top 20 themes
2025-04-26 22:59:47,454 [INFO] Saved theme distribution plot to analysis_gdelt_timelines4/theme_distribution.png
2025-04-26 22:59:47,454 [INFO] Creating time pattern plots
2025-04-26 22:59:48,157 [INFO] Saved time pattern plots to analysis_gdelt_timelines4
2025-04-26 22:59:48,157 [INFO] Creating source distribution plots
2025-04-26 22:59:49,083 [INFO] Saved source distribution plots to analysis_gdelt_timelines4
2025-04-26 22:59:49,083 [INFO] Creating theme correlation heatmap
2025-04-26 22:59:49,717 [INFO] Saved theme correlation heatmap to analysis_gdelt_timelines4/theme_correlation.png
2025-04-26 22:59:49,717 [INFO] Creating topic word clouds
2025-04-26 22:59:49,717 [WARNING] wordcloud package not available. Skipping word cloud generation.
2025-04-26 22:59:49,717 [INFO] Creating time series plot
2025-04-26 22:59:49,978 [INFO] Saved time series plot to analysis_gdelt_timelines4/time_series.png
2025-04-26 22:59:49,979 [INFO] Created all visualizations in analysis_gdelt_timelines4
2025-04-26 22:59:49,979 [INFO] Generating report...
2025-04-26 22:59:49,979 [INFO] Generating report
2025-04-26 22:59:49,982 [INFO] Generated report at analysis_gdelt_timelines4/report.md
2025-04-26 22:59:49,982 [INFO] Generating JSON summary...
2025-04-26 22:59:49,983 [INFO] Generating JSON summary
2025-04-26 22:59:49,984 [INFO] Generated JSON summary at analysis_gdelt_timelines4/analysis_summary.json
2025-04-26 22:59:49,985 [INFO] Generating CSV exports...
2025-04-26 22:59:49,985 [INFO] Generating CSV exports
2025-04-26 22:59:49,986 [INFO] Exported theme counts to analysis_gdelt_timelines4/exports/theme_counts.csv
2025-04-26 22:59:49,988 [INFO] Exported date counts to analysis_gdelt_timelines4/exports/date_counts.csv
2025-04-26 22:59:50,044 [INFO] Exported topic assignments to analysis_gdelt_timelines4/exports/topic_assignments.csv
2025-04-26 22:59:50,044 [INFO] Generated all CSV exports in analysis_gdelt_timelines4/exports
2025-04-26 22:59:50,044 [INFO] Extracting entities...
2025-04-26 22:59:50,045 [INFO] Extracting entities from DataFrame
2025-04-26 22:59:59,999 [INFO] Extracted 9117 entities from 6816 articles
2025-04-26 23:00:00,001 [INFO] Calculating entity statistics
2025-04-26 23:00:00,012 [INFO] Calculated statistics for 4853 entities
2025-04-26 23:00:00,062 [INFO] Saved 9117 entity mentions to analysis_gdelt_timelines4/entities.csv
2025-04-26 23:00:00,073 [INFO] Saved statistics for 4853 entities to analysis_gdelt_timelines4/entity_stats.csv
2025-04-26 23:00:00,073 [INFO] Calculating trust scores for entities...
2025-04-26 23:00:00,073 [INFO] Calculating trust scores for entities
2025-04-26 23:00:00,078 [INFO] Calculated trust scores for 4853 entities
2025-04-26 23:00:00,096 [INFO] Saved trust scores for 4853 entities to analysis_gdelt_timelines4/entity_trust.csv
2025-04-26 23:00:00,097 [INFO] Calculating trust scores for articles...
2025-04-26 23:00:00,097 [INFO] Calculating trust scores for articles
2025-04-26 23:00:00,109 [INFO] Calculated trust scores for 6816 articles
2025-04-26 23:00:00,163 [INFO] Saved trust scores for 6816 articles to analysis_gdelt_timelines4/article_trust.csv
2025-04-26 23:00:00,163 [INFO] Storing data in database...
2025-04-26 23:00:00,164 [INFO] Connected to database: analysis_gdelt_timelines4/gdelt_news.db
2025-04-26 23:00:00,172 [INFO] Created database tables
2025-04-26 23:00:00,683 [INFO] Updated statistics for 1210 sources
2025-04-26 23:00:00,688 [INFO] Updated statistics for 20 themes
2025-04-26 23:00:00,695 [INFO] Stored 20 articles in the database
2025-04-26 23:00:00,697 [INFO] Stored 20 articles in database
2025-04-26 23:00:01,311 [INFO] Stored 4853 entities in the database
2025-04-26 23:00:01,314 [INFO] Stored 4853 entities in database
2025-04-26 23:00:01,323 [INFO] Generated database summary
2025-04-26 23:00:01,323 [INFO] Saved database summary to analysis_gdelt_timelines4/db_summary.json
2025-04-26 23:00:01,323 [INFO] Generating entity timelines...
2025-04-26 23:00:01,323 [INFO] Generating timeline for entity: United States
2025-04-26 23:00:01,323 [INFO] Generating timeline for entity: United States
2025-04-26 23:00:01,325 [INFO] Found 3 articles mentioning 'United States'
2025-04-26 23:00:01,488 [INFO] Created timeline visualization for 'United States' at analysis_gdelt_timelines4/timelines/United_States_timeline.png
2025-04-26 23:00:01,489 [INFO] Generated timeline for 'United States' saved to analysis_gdelt_timelines4/timelines
2025-04-26 23:00:01,489 [INFO] Generated timeline report for 'United States' saved to analysis_gdelt_timelines4/timelines/United_States_report.md
2025-04-26 23:00:01,489 [INFO] Generating event timeline for entity: United States
2025-04-26 23:00:01,491 [INFO] Found 3 articles mentioning 'United States'
2025-04-26 23:00:01,494 [WARNING] No significant events found for entity 'United States'
2025-04-26 23:00:01,494 [INFO] Generating timeline for entity: France
2025-04-26 23:00:01,494 [INFO] Generating timeline for entity: France
2025-04-26 23:00:01,496 [INFO] Found 5 articles mentioning 'France'
2025-04-26 23:00:01,662 [INFO] Created timeline visualization for 'France' at analysis_gdelt_timelines4/timelines/France_timeline.png
2025-04-26 23:00:01,663 [INFO] Generated timeline for 'France' saved to analysis_gdelt_timelines4/timelines
2025-04-26 23:00:01,663 [INFO] Generated timeline report for 'France' saved to analysis_gdelt_timelines4/timelines/France_report.md
2025-04-26 23:00:01,663 [INFO] Generating event timeline for entity: France
2025-04-26 23:00:01,665 [INFO] Found 5 articles mentioning 'France'
2025-04-26 23:00:01,668 [WARNING] No significant events found for entity 'France'
2025-04-26 23:00:01,668 [INFO] Generating timeline for entity: Russia
2025-04-26 23:00:01,668 [INFO] Generating timeline for entity: Russia
2025-04-26 23:00:01,670 [INFO] Found 17 articles mentioning 'Russia'
2025-04-26 23:00:02,139 [INFO] Created timeline visualization for 'Russia' at analysis_gdelt_timelines4/timelines/Russia_timeline.png
2025-04-26 23:00:02,139 [INFO] Generated timeline for 'Russia' saved to analysis_gdelt_timelines4/timelines
2025-04-26 23:00:02,140 [INFO] Generated timeline report for 'Russia' saved to analysis_gdelt_timelines4/timelines/Russia_report.md
2025-04-26 23:00:02,140 [INFO] Generating event timeline for entity: Russia
2025-04-26 23:00:02,142 [INFO] Found 17 articles mentioning 'Russia'
2025-04-26 23:00:02,147 [INFO] Identified 1 significant events for 'Russia'
2025-04-26 23:00:02,363 [INFO] Created event visualization for 'Russia' at analysis_gdelt_timelines4/timelines/Russia_events.png
2025-04-26 23:00:02,363 [INFO] Generated event timeline for 'Russia' saved to analysis_gdelt_timelines4/timelines/Russia_events.json
2025-04-26 23:00:02,363 [INFO] Generated event timeline report for 'Russia' saved to analysis_gdelt_timelines4/timelines/Russia_events_report.md
2025-04-26 23:00:02,364 [INFO] Generating timeline for entity: Ukraine
2025-04-26 23:00:02,364 [INFO] Generating timeline for entity: Ukraine
2025-04-26 23:00:02,366 [INFO] Found 8 articles mentioning 'Ukraine'
2025-04-26 23:00:02,553 [INFO] Created timeline visualization for 'Ukraine' at analysis_gdelt_timelines4/timelines/Ukraine_timeline.png
2025-04-26 23:00:02,553 [INFO] Generated timeline for 'Ukraine' saved to analysis_gdelt_timelines4/timelines
2025-04-26 23:00:02,554 [INFO] Generated timeline report for 'Ukraine' saved to analysis_gdelt_timelines4/timelines/Ukraine_report.md
2025-04-26 23:00:02,554 [INFO] Generating event timeline for entity: Ukraine
2025-04-26 23:00:02,556 [INFO] Found 8 articles mentioning 'Ukraine'
2025-04-26 23:00:02,562 [INFO] Identified 2 significant events for 'Ukraine'
2025-04-26 23:00:02,775 [INFO] Created event visualization for 'Ukraine' at analysis_gdelt_timelines4/timelines/Ukraine_events.png
2025-04-26 23:00:02,775 [INFO] Generated event timeline for 'Ukraine' saved to analysis_gdelt_timelines4/timelines/Ukraine_events.json
2025-04-26 23:00:02,776 [INFO] Generated event timeline report for 'Ukraine' saved to analysis_gdelt_timelines4/timelines/Ukraine_events_report.md
2025-04-26 23:00:02,776 [INFO] Generating timeline for entity: China
2025-04-26 23:00:02,776 [INFO] Generating timeline for entity: China
2025-04-26 23:00:02,778 [INFO] Found 54 articles mentioning 'China'
2025-04-26 23:00:03,105 [INFO] Created timeline visualization for 'China' at analysis_gdelt_timelines4/timelines/China_timeline.png
2025-04-26 23:00:03,105 [INFO] Generated timeline for 'China' saved to analysis_gdelt_timelines4/timelines
2025-04-26 23:00:03,106 [INFO] Generated timeline report for 'China' saved to analysis_gdelt_timelines4/timelines/China_report.md
2025-04-26 23:00:03,106 [INFO] Generating event timeline for entity: China
2025-04-26 23:00:03,108 [INFO] Found 54 articles mentioning 'China'
2025-04-26 23:00:03,126 [INFO] Identified 7 significant events for 'China'
2025-04-26 23:00:03,356 [INFO] Created event visualization for 'China' at analysis_gdelt_timelines4/timelines/China_events.png
2025-04-26 23:00:03,357 [INFO] Generated event timeline for 'China' saved to analysis_gdelt_timelines4/timelines/China_events.json
2025-04-26 23:00:03,357 [INFO] Generated event timeline report for 'China' saved to analysis_gdelt_timelines4/timelines/China_events_report.md
2025-04-26 23:00:03,357 [INFO] Generating comparison timeline for top entities
2025-04-26 23:00:03,357 [INFO] Generating comparison timeline for entities: United States, France, Russia, Ukraine, China
2025-04-26 23:00:03,363 [INFO] Found 3 articles mentioning 'United States'
2025-04-26 23:00:03,368 [INFO] Found 5 articles mentioning 'France'
2025-04-26 23:00:03,373 [INFO] Found 17 articles mentioning 'Russia'
2025-04-26 23:00:03,377 [INFO] Found 8 articles mentioning 'Ukraine'
2025-04-26 23:00:03,382 [INFO] Found 54 articles mentioning 'China'
2025-04-26 23:00:03,628 [INFO] Created comparison visualization for ['United States', 'France', 'Russia', 'Ukraine', 'China'] at analysis_gdelt_timelines4/timelines/entity_comparison_United_States_France_Russia_Ukraine_China.png
2025-04-26 23:00:03,645 [ERROR] Error in timeline generation: keys must be str, int, float, bool or None, not date
2025-04-26 23:00:03,645 [INFO] Closed database connection
2025-04-26 23:00:03,646 [INFO] Analysis complete! Results saved to analysis_gdelt_timelines4
