2025-04-26 22:31:50,562 [INFO] Loading themes from gdelt_useful_themes.jsonl...
2025-04-26 22:31:50,562 [INFO] Loaded 40 themes
2025-04-26 22:31:50,568 [INFO] Fetching articles for keyword 'tax fncact'
2025-04-26 22:31:50,569 [INFO]   - Language: English
2025-04-26 22:31:54,143 [INFO]   - Language: French
2025-04-26 22:31:59,251 [INFO] Fetching articles for keyword 'tax ethnicity'
2025-04-26 22:31:59,251 [INFO]   - Language: English
2025-04-26 22:32:01,886 [INFO]   - Language: French
2025-04-26 22:32:05,805 [INFO] Fetching articles for keyword 'epu policy'
2025-04-26 22:32:05,805 [INFO]   - Language: English
2025-04-26 22:32:08,661 [INFO]   - Language: French
2025-04-26 22:32:14,673 [INFO] Fetching articles for keyword 'crisislex crisislexrec'
2025-04-26 22:32:14,674 [INFO]   - Language: English
2025-04-26 22:32:17,125 [INFO]   - Language: French
2025-04-26 22:32:20,981 [INFO] Fetching articles for keyword 'leader'
2025-04-26 22:32:20,981 [INFO]   - Language: English
2025-04-26 22:32:22,393 [INFO]     - Found 200 English articles
2025-04-26 22:32:23,545 [INFO]   - Language: French
2025-04-26 22:32:24,235 [INFO]     - Found 200 French articles
2025-04-26 22:32:25,689 [INFO]   - After deduplication: 400 articles (removed 0 duplicates)
2025-04-26 22:32:26,865 [INFO] Fetching articles for keyword 'ungp forests rivers oceans'
2025-04-26 22:32:26,866 [INFO]   - Language: English
2025-04-26 22:32:29,182 [INFO]   - Language: French
2025-04-26 22:32:33,571 [INFO] Fetching articles for keyword 'general government'
2025-04-26 22:32:33,571 [INFO]   - Language: English
2025-04-26 22:32:34,490 [INFO]     - Found 200 English articles
2025-04-26 22:32:35,751 [INFO]   - Language: French
2025-04-26 22:32:36,584 [INFO]     - Found 73 French articles
2025-04-26 22:32:37,914 [INFO]   - After deduplication: 273 articles (removed 0 duplicates)
2025-04-26 22:32:39,365 [INFO] Fetching articles for keyword 'general health'
2025-04-26 22:32:39,366 [INFO]   - Language: English
2025-04-26 22:32:42,112 [INFO]     - Found 200 English articles
2025-04-26 22:32:44,054 [INFO]   - Language: French
2025-04-26 22:32:44,678 [INFO]     - Found 31 French articles
2025-04-26 22:32:46,592 [INFO]   - After deduplication: 231 articles (removed 0 duplicates)
2025-04-26 22:32:48,317 [INFO] Fetching articles for keyword 'medical'
2025-04-26 22:32:48,318 [INFO]   - Language: English
2025-04-26 22:32:50,872 [INFO]     - Found 200 English articles
2025-04-26 22:32:52,299 [INFO]   - Language: French
2025-04-26 22:32:53,846 [INFO]     - Found 200 French articles
2025-04-26 22:32:55,014 [INFO]   - After deduplication: 400 articles (removed 0 duplicates)
2025-04-26 22:32:56,494 [INFO] Fetching articles for keyword 'education'
2025-04-26 22:32:56,494 [INFO]   - Language: English
2025-04-26 22:32:59,345 [INFO]     - Found 200 English articles
2025-04-26 22:33:00,445 [INFO]   - Language: French
2025-04-26 22:33:01,843 [INFO]     - Found 200 French articles
2025-04-26 22:33:03,195 [INFO]   - After deduplication: 400 articles (removed 0 duplicates)
2025-04-26 22:33:04,810 [INFO] Fetching articles for keyword 'media msm'
2025-04-26 22:33:04,811 [INFO]   - Language: English
2025-04-26 22:33:06,461 [INFO]     - Found 4 English articles
2025-04-26 22:33:08,358 [INFO]   - Language: French
2025-04-26 22:33:10,326 [INFO]   - After deduplication: 4 articles (removed 0 duplicates)
2025-04-26 22:33:11,360 [INFO] Fetching articles for keyword 'epu economy historic'
2025-04-26 22:33:11,360 [INFO]   - Language: English
2025-04-26 22:33:13,677 [INFO]   - Language: French
2025-04-26 22:33:19,253 [INFO] Fetching articles for keyword 'manmade disaster implied'
2025-04-26 22:33:19,253 [INFO]   - Language: English
2025-04-26 22:33:23,669 [INFO]   - Language: French
2025-04-26 22:33:27,352 [INFO] Fetching articles for keyword 'kill'
2025-04-26 22:33:27,352 [INFO]   - Language: English
2025-04-26 22:33:27,539 [ERROR] Error fetching articles for theme KILL, language English, attempt 1: The query was not valid. The API error message was: The specified phrase is too short.
2025-04-26 22:33:27,539 [INFO]     - Retrying in 2 seconds...
2025-04-26 22:33:29,726 [ERROR] Error fetching articles for theme KILL, language English, attempt 2: The query was not valid. The API error message was: The specified phrase is too short.
2025-04-26 22:33:29,727 [INFO]     - Retrying in 4 seconds...
2025-04-26 22:33:33,916 [ERROR] Error fetching articles for theme KILL, language English, attempt 3: The query was not valid. The API error message was: The specified phrase is too short.
2025-04-26 22:33:33,916 [ERROR]     - Failed after 3 attempts
2025-04-26 22:33:35,592 [INFO]   - Language: French
2025-04-26 22:33:35,788 [ERROR] Error fetching articles for theme KILL, language French, attempt 1: The query was not valid. The API error message was: The specified phrase is too short.
2025-04-26 22:33:35,788 [INFO]     - Retrying in 2 seconds...
2025-04-26 22:33:37,978 [ERROR] Error fetching articles for theme KILL, language French, attempt 2: The query was not valid. The API error message was: The specified phrase is too short.
2025-04-26 22:33:37,978 [INFO]     - Retrying in 4 seconds...
2025-04-26 22:33:42,169 [ERROR] Error fetching articles for theme KILL, language French, attempt 3: The query was not valid. The API error message was: The specified phrase is too short.
2025-04-26 22:33:42,169 [ERROR]     - Failed after 3 attempts
2025-04-26 22:33:45,771 [INFO] Fetching articles for keyword 'tax disease'
2025-04-26 22:33:45,771 [INFO]   - Language: English
2025-04-26 22:33:47,846 [INFO]   - Language: French
2025-04-26 22:33:53,170 [INFO] Fetching articles for keyword 'security services'
2025-04-26 22:33:53,170 [INFO]   - Language: English
2025-04-26 22:33:54,401 [INFO]     - Found 200 English articles
2025-04-26 22:33:56,349 [INFO]   - Language: French
2025-04-26 22:33:57,265 [INFO]     - Found 200 French articles
2025-04-26 22:33:59,197 [INFO]   - After deduplication: 400 articles (removed 0 duplicates)
2025-04-26 22:34:01,074 [INFO] Fetching articles for keyword 'tax econ price'
2025-04-26 22:34:01,074 [INFO]   - Language: English
2025-04-26 22:34:03,730 [INFO]   - Language: French
2025-04-26 22:34:07,134 [INFO] Fetching articles for keyword 'crisislex c03 wellbeing health'
2025-04-26 22:34:07,134 [INFO]   - Language: English
2025-04-26 22:34:09,296 [INFO]   - Language: French
2025-04-26 22:34:12,849 [INFO] Fetching articles for keyword 'armedconflict'
2025-04-26 22:34:12,849 [INFO]   - Language: English
2025-04-26 22:34:15,530 [INFO]   - Language: French
2025-04-26 22:34:21,223 [INFO] Fetching articles for keyword 'affect'
2025-04-26 22:34:21,223 [INFO]   - Language: English
2025-04-26 22:34:22,314 [INFO]     - Found 200 English articles
2025-04-26 22:34:23,835 [INFO]   - Language: French
2025-04-26 22:34:24,833 [INFO]     - Found 200 French articles
2025-04-26 22:34:26,410 [INFO]   - After deduplication: 400 articles (removed 0 duplicates)
2025-04-26 22:34:28,387 [INFO] Fetching articles for keyword 'legislation'
2025-04-26 22:34:28,387 [INFO]   - Language: English
2025-04-26 22:34:29,613 [INFO]     - Found 200 English articles
2025-04-26 22:34:31,448 [INFO]   - Language: French
2025-04-26 22:34:33,324 [INFO]     - Found 200 French articles
2025-04-26 22:34:34,971 [INFO]   - After deduplication: 400 articles (removed 0 duplicates)
2025-04-26 22:34:36,765 [INFO] Fetching articles for keyword 'crisislex t03 dead'
2025-04-26 22:34:36,765 [INFO]   - Language: English
2025-04-26 22:34:39,323 [INFO]   - Language: French
2025-04-26 22:34:43,568 [INFO] Fetching articles for keyword 'trial'
2025-04-26 22:34:43,568 [INFO]   - Language: English
2025-04-26 22:34:45,644 [INFO]     - Found 200 English articles
2025-04-26 22:34:47,439 [INFO]   - Language: French
2025-04-26 22:34:48,274 [INFO]     - Found 200 French articles
2025-04-26 22:34:50,224 [INFO]   - After deduplication: 400 articles (removed 0 duplicates)
2025-04-26 22:34:51,410 [INFO] Fetching articles for keyword 'epu economy'
2025-04-26 22:34:51,410 [INFO]   - Language: English
2025-04-26 22:34:54,375 [INFO]   - Language: French
2025-04-26 22:34:57,632 [INFO] Fetching articles for keyword 'soc generalcrime'
2025-04-26 22:34:57,632 [INFO]   - Language: English
2025-04-26 22:35:00,004 [INFO]   - Language: French
2025-04-26 22:35:04,306 [INFO] Fetching articles for keyword 'crisislex t02 injured'
2025-04-26 22:35:04,306 [INFO]   - Language: English
2025-04-26 22:35:07,121 [INFO]   - Language: French
2025-04-26 22:35:11,676 [INFO] Fetching articles for keyword 'arrest'
2025-04-26 22:35:11,676 [INFO]   - Language: English
2025-04-26 22:35:12,493 [INFO]     - Found 200 English articles
2025-04-26 22:35:13,960 [INFO]   - Language: French
2025-04-26 22:35:14,776 [INFO]     - Found 200 French articles
2025-04-26 22:35:16,524 [INFO]   - After deduplication: 400 articles (removed 0 duplicates)
2025-04-26 22:35:17,922 [INFO] Fetching articles for keyword 'tax religion'
2025-04-26 22:35:17,922 [INFO]   - Language: English
2025-04-26 22:35:20,036 [INFO]   - Language: French
2025-04-26 22:35:25,101 [INFO] Fetching articles for keyword 'media social'
2025-04-26 22:35:25,102 [INFO]   - Language: English
2025-04-26 22:35:26,171 [INFO]     - Found 200 English articles
2025-04-26 22:35:27,334 [INFO]   - Language: French
2025-04-26 22:35:29,958 [INFO]     - Found 200 French articles
2025-04-26 22:35:31,299 [INFO]   - After deduplication: 400 articles (removed 0 duplicates)
2025-04-26 22:35:33,197 [INFO] Fetching articles for keyword 'election'
2025-04-26 22:35:33,197 [INFO]   - Language: English
2025-04-26 22:35:37,032 [INFO]     - Found 200 English articles
2025-04-26 22:35:38,843 [INFO]   - Language: French
2025-04-26 22:35:41,097 [INFO]     - Found 200 French articles
2025-04-26 22:35:42,512 [INFO]   - After deduplication: 400 articles (removed 0 duplicates)
2025-04-26 22:35:43,601 [INFO] Fetching articles for keyword 'science'
2025-04-26 22:35:43,601 [INFO]   - Language: English
2025-04-26 22:35:45,276 [INFO]     - Found 200 English articles
2025-04-26 22:35:46,334 [INFO]   - Language: French
2025-04-26 22:35:48,659 [INFO]     - Found 200 French articles
2025-04-26 22:35:50,102 [INFO]   - After deduplication: 400 articles (removed 0 duplicates)
2025-04-26 22:35:51,744 [INFO] Fetching articles for keyword 'ungp crime violence'
2025-04-26 22:35:51,744 [INFO]   - Language: English
2025-04-26 22:35:53,751 [INFO]   - Language: French
2025-04-26 22:35:57,987 [INFO] Fetching articles for keyword 'natural disaster'
2025-04-26 22:35:57,987 [INFO]   - Language: English
2025-04-26 22:35:58,675 [INFO]     - Found 200 English articles
2025-04-26 22:36:00,185 [INFO]   - Language: French
2025-04-26 22:36:01,437 [INFO]     - Found 144 French articles
2025-04-26 22:36:03,365 [INFO]   - After deduplication: 344 articles (removed 0 duplicates)
2025-04-26 22:36:04,613 [INFO] Fetching articles for keyword 'ungp healthcare'
2025-04-26 22:36:04,613 [INFO]   - Language: English
2025-04-26 22:36:07,780 [INFO]   - Language: French
2025-04-26 22:36:12,990 [INFO] Fetching articles for keyword 'terror'
2025-04-26 22:36:12,990 [INFO]   - Language: English
2025-04-26 22:36:16,067 [INFO]     - Found 200 English articles
2025-04-26 22:36:17,112 [INFO]   - Language: French
2025-04-26 22:36:19,236 [INFO]     - Found 200 French articles
2025-04-26 22:36:20,563 [INFO]   - After deduplication: 400 articles (removed 0 duplicates)
2025-04-26 22:36:22,117 [INFO] Fetching articles for keyword 'tax political party'
2025-04-26 22:36:22,117 [INFO]   - Language: English
2025-04-26 22:36:25,997 [INFO]   - Language: French
2025-04-26 22:36:29,987 [INFO] Fetching articles for keyword 'protest'
2025-04-26 22:36:29,987 [INFO]   - Language: English
2025-04-26 22:36:31,612 [INFO]     - Found 200 English articles
2025-04-26 22:36:33,503 [INFO]   - Language: French
2025-04-26 22:36:34,963 [INFO]     - Found 200 French articles
2025-04-26 22:36:36,690 [INFO]   - After deduplication: 400 articles (removed 0 duplicates)
2025-04-26 22:36:38,512 [INFO] Fetching articles for keyword 'military'
2025-04-26 22:36:38,512 [INFO]   - Language: English
2025-04-26 22:36:40,017 [INFO]     - Found 200 English articles
2025-04-26 22:36:41,260 [INFO]   - Language: French
2025-04-26 22:36:43,297 [INFO]     - Found 200 French articles
2025-04-26 22:36:44,830 [INFO]   - After deduplication: 400 articles (removed 0 duplicates)
2025-04-26 22:36:46,230 [INFO] Fetching articles for keyword 'movement general'
2025-04-26 22:36:46,230 [INFO]   - Language: English
2025-04-26 22:36:48,579 [INFO]     - Found 23 English articles
2025-04-26 22:36:50,551 [INFO]   - Language: French
2025-04-26 22:36:51,616 [INFO]     - Found 4 French articles
2025-04-26 22:36:52,979 [INFO]   - After deduplication: 27 articles (removed 0 duplicates)
2025-04-26 22:36:54,635 [INFO] Fetching articles for keyword 'maritime'
2025-04-26 22:36:54,635 [INFO]   - Language: English
2025-04-26 22:36:55,462 [INFO]     - Found 200 English articles
2025-04-26 22:36:57,353 [INFO]   - Language: French
2025-04-26 22:36:59,771 [INFO]     - Found 200 French articles
2025-04-26 22:37:01,423 [INFO]   - After deduplication: 400 articles (removed 0 duplicates)
2025-04-26 22:37:03,221 [INFO] Removed 63 duplicate articles across themes
2025-04-26 22:37:03,221 [INFO] 
Language statistics:
2025-04-26 22:37:03,222 [INFO]   - English: 3618 articles
2025-04-26 22:37:03,223 [INFO]   - French: 3198 articles
2025-04-26 22:37:03,223 [INFO] 
Fetched 6816 unique articles across 20 themes
2025-04-26 22:37:03,306 [INFO] Saved all articles to dataset_gdelt_large2/all_articles.csv
2025-04-26 22:37:03,307 [INFO] Saved theme information to dataset_gdelt_large2/themes.json
2025-04-26 22:37:03,407 [INFO] Saved articles by theme to dataset_gdelt_large2/themes
2025-04-26 22:37:03,488 [INFO] Saved articles by language to dataset_gdelt_large2/languages
2025-04-26 22:37:03,492 [INFO] Saved summary to dataset_gdelt_large2/summary.json
2025-04-26 22:37:03,493 [INFO] Dataset creation complete!
