2025-04-26 22:26:53,587 [INFO] Starting analysis of GDELT dataset in dataset_gdelt_month
2025-04-26 22:26:53,587 [INFO] Loading dataset...
2025-04-26 22:26:53,587 [INFO] Loading dataset from dataset_gdelt_month
2025-04-26 22:26:53,590 [INFO] Loaded 40 articles from dataset_gdelt_month/all_articles.csv
2025-04-26 22:26:53,591 [INFO] Loaded 5 themes from dataset_gdelt_month/themes.json
2025-04-26 22:26:53,591 [INFO] Loaded summary from dataset_gdelt_month/summary.json
2025-04-26 22:26:53,591 [INFO] Preprocessing articles...
2025-04-26 22:26:53,591 [INFO] Preprocessing articles
2025-04-26 22:26:53,598 [INFO] Preprocessing complete
2025-04-26 22:26:53,598 [INFO] Analyzing theme distribution...
2025-04-26 22:26:53,598 [INFO] Analyzing theme distribution
2025-04-26 22:26:53,600 [INFO] Found 1 themes
2025-04-26 22:26:53,600 [INFO] Analyzing theme correlations...
2025-04-26 22:26:53,600 [INFO] Analyzing correlations between top 15 themes
2025-04-26 22:26:53,601 [INFO] Generated 1 x 1 correlation matrix
2025-04-26 22:26:53,601 [INFO] Analyzing theme trends over time...
2025-04-26 22:26:53,601 [INFO] Analyzing theme trends over time
2025-04-26 22:26:53,605 [INFO] Generated theme trends for 1 themes over 2 dates
2025-04-26 22:26:53,605 [INFO] Analyzing time patterns...
2025-04-26 22:26:53,605 [INFO] Analyzing time patterns
2025-04-26 22:26:53,606 [INFO] Analyzed articles by date (2 dates)
2025-04-26 22:26:53,607 [INFO] Analyzed articles by hour (18 hours)
2025-04-26 22:26:53,607 [INFO] Analyzed articles by day of week (7 days)
2025-04-26 22:26:53,608 [INFO] Analyzing time series...
2025-04-26 22:26:53,608 [INFO] Analyzing time series with frequency 'D'
2025-04-26 22:26:53,611 [INFO] Generated time series with 2 data points
2025-04-26 22:26:53,612 [INFO] Analyzing publication delay...
2025-04-26 22:26:53,612 [INFO] Analyzing publication delay
2025-04-26 22:26:53,613 [INFO] Analyzed publication delay for 1 themes
2025-04-26 22:26:53,614 [INFO] Analyzing domains...
2025-04-26 22:26:53,614 [INFO] Analyzing domain distribution
2025-04-26 22:26:53,614 [INFO] Analyzed top 20 domains
2025-04-26 22:26:53,614 [INFO] Analyzed top 7 TLDs
2025-04-26 22:26:53,615 [INFO] Analyzing languages...
2025-04-26 22:26:53,615 [INFO] Analyzing language distribution
2025-04-26 22:26:53,615 [INFO] Analyzed top 2 languages
2025-04-26 22:26:53,615 [INFO] Analyzing countries...
2025-04-26 22:26:53,615 [INFO] Analyzing source country distribution
2025-04-26 22:26:53,615 [INFO] Analyzed top 11 countries
2025-04-26 22:26:53,616 [INFO] Analyzing source diversity...
2025-04-26 22:26:53,616 [INFO] Analyzing source diversity
2025-04-26 22:26:53,617 [INFO] Calculated diversity metrics: {'total_articles': 40, 'unique_domains': 32, 'unique_countries': 11, 'unique_languages': 2, 'domain_concentration': np.float64(0.03875000000000001), 'country_concentration': np.float64(0.25125), 'language_concentration': np.float64(0.5), 'domain_diversity': np.float64(0.9612499999999999), 'country_diversity': np.float64(0.74875), 'language_diversity': np.float64(0.5)}
2025-04-26 22:26:53,617 [INFO] Analyzing sentiment...
2025-04-26 22:26:53,617 [INFO] Analyzing sentiment in article titles
2025-04-26 22:26:53,617 [WARNING] TextBlob not available. Skipping sentiment analysis.
2025-04-26 22:26:53,617 [INFO] Extracting keywords...
2025-04-26 22:26:53,617 [INFO] Extracting keywords from article titles
2025-04-26 22:26:54,397 [INFO] Extracted 32 keywords
2025-04-26 22:26:54,397 [INFO] Building topic model...
2025-04-26 22:26:54,397 [INFO] Building topic model with 10 topics
2025-04-26 22:26:54,434 [INFO] Built topic model with 10 topics and 11 features
2025-04-26 22:26:54,434 [INFO] Extracting top 10 words for each topic
2025-04-26 22:26:54,435 [INFO] Extracted top words for 10 topics
2025-04-26 22:26:54,435 [INFO] Assigning topics to articles with threshold 0.3
2025-04-26 22:26:54,445 [INFO] Assigned topics to 40 articles
2025-04-26 22:26:54,445 [INFO] Creating visualizations...
2025-04-26 22:26:54,445 [INFO] Creating all visualizations
2025-04-26 22:26:54,446 [INFO] Visualization style set up
2025-04-26 22:26:54,446 [INFO] Creating theme distribution plot for top 20 themes
2025-04-26 22:26:54,617 [INFO] Saved theme distribution plot to analysis_gdelt/theme_distribution.png
2025-04-26 22:26:54,618 [INFO] Creating time pattern plots
2025-04-26 22:26:55,113 [INFO] Saved time pattern plots to analysis_gdelt
2025-04-26 22:26:55,113 [INFO] Creating source distribution plots
2025-04-26 22:26:55,972 [INFO] Saved source distribution plots to analysis_gdelt
2025-04-26 22:26:55,972 [INFO] Creating theme correlation heatmap
2025-04-26 22:26:56,135 [INFO] Saved theme correlation heatmap to analysis_gdelt/theme_correlation.png
2025-04-26 22:26:56,135 [INFO] Creating topic word clouds
2025-04-26 22:26:56,135 [WARNING] wordcloud package not available. Skipping word cloud generation.
2025-04-26 22:26:56,136 [INFO] Creating time series plot
2025-04-26 22:26:56,377 [INFO] Saved time series plot to analysis_gdelt/time_series.png
2025-04-26 22:26:56,377 [INFO] Created all visualizations in analysis_gdelt
2025-04-26 22:26:56,377 [INFO] Generating report...
2025-04-26 22:26:56,377 [INFO] Generating report
2025-04-26 22:26:56,379 [INFO] Generated report at analysis_gdelt/report.md
2025-04-26 22:26:56,379 [INFO] Generating JSON summary...
2025-04-26 22:26:56,379 [INFO] Generating JSON summary
2025-04-26 22:26:56,380 [INFO] Generated JSON summary at analysis_gdelt/analysis_summary.json
2025-04-26 22:26:56,380 [INFO] Generating CSV exports...
2025-04-26 22:26:56,380 [INFO] Generating CSV exports
2025-04-26 22:26:56,381 [INFO] Exported theme counts to analysis_gdelt/exports/theme_counts.csv
2025-04-26 22:26:56,383 [INFO] Exported date counts to analysis_gdelt/exports/date_counts.csv
2025-04-26 22:26:56,384 [INFO] Exported topic assignments to analysis_gdelt/exports/topic_assignments.csv
2025-04-26 22:26:56,384 [INFO] Generated all CSV exports in analysis_gdelt/exports
2025-04-26 22:26:56,384 [INFO] Analysis complete! Results saved to analysis_gdelt
