2025-04-26 23:22:14,936 [INFO] Starting analysis of GDELT dataset in dataset_gdelt_large2
2025-04-26 23:22:14,936 [INFO] Loading dataset...
2025-04-26 23:22:14,936 [INFO] Loading dataset from dataset_gdelt_large2
2025-04-26 23:22:14,986 [INFO] Loaded 6816 articles from dataset_gdelt_large2/all_articles.csv
2025-04-26 23:22:14,987 [INFO] Loaded 40 themes from dataset_gdelt_large2/themes.json
2025-04-26 23:22:14,987 [INFO] Loaded summary from dataset_gdelt_large2/summary.json
2025-04-26 23:22:14,987 [INFO] Preprocessing articles...
2025-04-26 23:22:14,987 [INFO] Preprocessing articles
2025-04-26 23:22:15,025 [INFO] Preprocessing complete
2025-04-26 23:22:15,026 [INFO] Analyzing theme distribution...
2025-04-26 23:22:15,026 [INFO] Analyzing theme distribution
2025-04-26 23:22:15,028 [INFO] Found 20 themes
2025-04-26 23:22:15,029 [INFO] Analyzing theme correlations...
2025-04-26 23:22:15,029 [INFO] Analyzing correlations between top 15 themes
2025-04-26 23:22:15,044 [INFO] Generated 15 x 15 correlation matrix
2025-04-26 23:22:15,044 [INFO] Analyzing theme trends over time...
2025-04-26 23:22:15,045 [INFO] Analyzing theme trends over time
2025-04-26 23:22:15,051 [INFO] Generated theme trends for 20 themes over 31 dates
2025-04-26 23:22:15,052 [INFO] Analyzing time patterns...
2025-04-26 23:22:15,052 [INFO] Analyzing time patterns
2025-04-26 23:22:15,054 [INFO] Analyzed articles by date (31 dates)
2025-04-26 23:22:15,055 [INFO] Analyzed articles by hour (24 hours)
2025-04-26 23:22:15,056 [INFO] Analyzed articles by day of week (7 days)
2025-04-26 23:22:15,057 [INFO] Analyzing time series...
2025-04-26 23:22:15,057 [INFO] Analyzing time series with frequency 'D'
2025-04-26 23:22:15,073 [INFO] Generated time series with 31 data points
2025-04-26 23:22:15,074 [INFO] Analyzing publication delay...
2025-04-26 23:22:15,074 [INFO] Analyzing publication delay
2025-04-26 23:22:15,098 [INFO] Analyzed publication delay for 20 themes
2025-04-26 23:22:15,099 [INFO] Analyzing domains...
2025-04-26 23:22:15,099 [INFO] Analyzing domain distribution
2025-04-26 23:22:15,100 [INFO] Analyzed top 20 domains
2025-04-26 23:22:15,102 [INFO] Analyzed top 10 TLDs
2025-04-26 23:22:15,102 [INFO] Analyzing languages...
2025-04-26 23:22:15,102 [INFO] Analyzing language distribution
2025-04-26 23:22:15,103 [INFO] Analyzed top 2 languages
2025-04-26 23:22:15,104 [INFO] Analyzing countries...
2025-04-26 23:22:15,104 [INFO] Analyzing source country distribution
2025-04-26 23:22:15,105 [INFO] Analyzed top 15 countries
2025-04-26 23:22:15,106 [INFO] Analyzing source diversity...
2025-04-26 23:22:15,106 [INFO] Analyzing source diversity
2025-04-26 23:22:15,110 [INFO] Calculated diversity metrics: {'total_articles': 6816, 'unique_domains': 1210, 'unique_countries': 99, 'unique_languages': 2, 'domain_concentration': np.float64(0.005669783814388679), 'country_concentration': np.float64(0.1345529160880778), 'language_concentration': np.float64(0.5018984948422933), 'domain_diversity': np.float64(0.9943302161856113), 'country_diversity': np.float64(0.8654470839119222), 'language_diversity': np.float64(0.4981015051577067)}
2025-04-26 23:22:15,110 [INFO] Extracting keywords...
2025-04-26 23:22:15,111 [INFO] Extracting keywords from article titles
2025-04-26 23:22:16,878 [INFO] Extracted 100 keywords
2025-04-26 23:22:16,880 [INFO] Building topic model...
2025-04-26 23:22:16,880 [INFO] Building topic model with 10 topics
2025-04-26 23:22:23,187 [INFO] Built topic model with 10 topics and 1000 features
2025-04-26 23:22:23,188 [INFO] Extracting top 10 words for each topic
2025-04-26 23:22:23,188 [INFO] Extracted top words for 10 topics
2025-04-26 23:22:23,188 [INFO] Assigning topics to articles with threshold 0.3
2025-04-26 23:22:23,842 [INFO] Assigned topics to 6816 articles
2025-04-26 23:22:23,842 [INFO] Creating visualizations...
2025-04-26 23:22:23,842 [INFO] Creating all visualizations
2025-04-26 23:22:23,844 [INFO] Visualization style set up
2025-04-26 23:22:23,844 [INFO] Creating theme distribution plot for top 20 themes
2025-04-26 23:22:24,190 [INFO] Saved theme distribution plot to analysis_gdelt_advanced3/theme_distribution.png
2025-04-26 23:22:24,190 [INFO] Creating time pattern plots
2025-04-26 23:22:24,911 [INFO] Saved time pattern plots to analysis_gdelt_advanced3
2025-04-26 23:22:24,911 [INFO] Creating source distribution plots
2025-04-26 23:22:25,837 [INFO] Saved source distribution plots to analysis_gdelt_advanced3
2025-04-26 23:22:25,837 [INFO] Creating theme correlation heatmap
2025-04-26 23:22:26,470 [INFO] Saved theme correlation heatmap to analysis_gdelt_advanced3/theme_correlation.png
2025-04-26 23:22:26,470 [INFO] Creating topic word clouds
2025-04-26 23:22:26,470 [WARNING] wordcloud package not available. Skipping word cloud generation.
2025-04-26 23:22:26,470 [INFO] Creating time series plot
2025-04-26 23:22:26,729 [INFO] Saved time series plot to analysis_gdelt_advanced3/time_series.png
2025-04-26 23:22:26,729 [INFO] Created all visualizations in analysis_gdelt_advanced3
2025-04-26 23:22:26,729 [INFO] Generating report...
2025-04-26 23:22:26,729 [INFO] Generating report
2025-04-26 23:22:26,732 [INFO] Generated report at analysis_gdelt_advanced3/report.md
2025-04-26 23:22:26,732 [INFO] Generating JSON summary...
2025-04-26 23:22:26,732 [INFO] Generating JSON summary
2025-04-26 23:22:26,733 [INFO] Generated JSON summary at analysis_gdelt_advanced3/analysis_summary.json
2025-04-26 23:22:26,733 [INFO] Generating CSV exports...
2025-04-26 23:22:26,733 [INFO] Generating CSV exports
2025-04-26 23:22:26,735 [INFO] Exported theme counts to analysis_gdelt_advanced3/exports/theme_counts.csv
2025-04-26 23:22:26,736 [INFO] Exported date counts to analysis_gdelt_advanced3/exports/date_counts.csv
2025-04-26 23:22:26,787 [INFO] Exported topic assignments to analysis_gdelt_advanced3/exports/topic_assignments.csv
2025-04-26 23:22:26,787 [INFO] Generated all CSV exports in analysis_gdelt_advanced3/exports
2025-04-26 23:22:26,788 [INFO] Extracting entities...
2025-04-26 23:22:26,788 [INFO] Extracting entities from DataFrame
2025-04-26 23:22:36,815 [INFO] Extracted 9117 entities from 6816 articles
2025-04-26 23:22:36,817 [INFO] Calculating entity statistics
2025-04-26 23:22:36,828 [INFO] Calculated statistics for 4853 entities
2025-04-26 23:22:36,878 [INFO] Saved 9117 entity mentions to analysis_gdelt_advanced3/entities.csv
2025-04-26 23:22:36,889 [INFO] Saved statistics for 4853 entities to analysis_gdelt_advanced3/entity_stats.csv
2025-04-26 23:22:36,890 [INFO] Calculating trust scores for entities...
2025-04-26 23:22:36,890 [INFO] Calculating trust scores for entities
2025-04-26 23:22:36,896 [INFO] Calculated trust scores for 4853 entities
2025-04-26 23:22:36,915 [INFO] Saved trust scores for 4853 entities to analysis_gdelt_advanced3/entity_trust.csv
2025-04-26 23:22:36,916 [INFO] Calculating trust scores for articles...
2025-04-26 23:22:36,916 [INFO] Calculating trust scores for articles
2025-04-26 23:22:36,940 [INFO] Calculated trust scores for 6816 articles
2025-04-26 23:22:36,995 [INFO] Saved trust scores for 6816 articles to analysis_gdelt_advanced3/article_trust.csv
2025-04-26 23:22:36,995 [INFO] Storing data in database...
2025-04-26 23:22:36,996 [INFO] Connected to database: analysis_gdelt_advanced3/gdelt_news.db
2025-04-26 23:22:37,007 [INFO] Created database tables
2025-04-26 23:22:37,508 [INFO] Updated statistics for 1210 sources
2025-04-26 23:22:37,513 [INFO] Updated statistics for 20 themes
2025-04-26 23:22:37,520 [INFO] Stored 20 articles in the database
2025-04-26 23:22:37,522 [INFO] Stored 20 articles in database
2025-04-26 23:22:38,138 [INFO] Stored 4853 entities in the database
2025-04-26 23:22:38,141 [INFO] Stored 4853 entities in database
2025-04-26 23:22:38,149 [INFO] Generated database summary
2025-04-26 23:22:38,150 [INFO] Saved database summary to analysis_gdelt_advanced3/db_summary.json
2025-04-26 23:22:38,150 [INFO] Generating entity timelines...
2025-04-26 23:22:38,150 [INFO] Generating timeline for entity: United States
2025-04-26 23:22:38,150 [INFO] Generating timeline for entity: United States
2025-04-26 23:22:38,152 [INFO] Found 3 articles mentioning 'United States'
2025-04-26 23:22:38,304 [INFO] Created timeline visualization for 'United States' at analysis_gdelt_advanced3/timelines/United_States_timeline.png
2025-04-26 23:22:38,304 [INFO] Generated timeline for 'United States' saved to analysis_gdelt_advanced3/timelines
2025-04-26 23:22:38,304 [INFO] Generated timeline report for 'United States' saved to analysis_gdelt_advanced3/timelines/United_States_report.md
2025-04-26 23:22:38,304 [INFO] Generating event timeline for entity: United States
2025-04-26 23:22:38,307 [INFO] Found 3 articles mentioning 'United States'
2025-04-26 23:22:38,309 [WARNING] No significant events found for entity 'United States'
2025-04-26 23:22:38,309 [INFO] Generating timeline for entity: Russia
2025-04-26 23:22:38,309 [INFO] Generating timeline for entity: Russia
2025-04-26 23:22:38,311 [INFO] Found 17 articles mentioning 'Russia'
2025-04-26 23:22:38,511 [INFO] Created timeline visualization for 'Russia' at analysis_gdelt_advanced3/timelines/Russia_timeline.png
2025-04-26 23:22:38,511 [INFO] Generated timeline for 'Russia' saved to analysis_gdelt_advanced3/timelines
2025-04-26 23:22:38,512 [INFO] Generated timeline report for 'Russia' saved to analysis_gdelt_advanced3/timelines/Russia_report.md
2025-04-26 23:22:38,512 [INFO] Generating event timeline for entity: Russia
2025-04-26 23:22:38,514 [INFO] Found 17 articles mentioning 'Russia'
2025-04-26 23:22:38,519 [INFO] Identified 1 significant events for 'Russia'
2025-04-26 23:22:38,721 [INFO] Created event visualization for 'Russia' at analysis_gdelt_advanced3/timelines/Russia_events.png
2025-04-26 23:22:38,721 [INFO] Generated event timeline for 'Russia' saved to analysis_gdelt_advanced3/timelines/Russia_events.json
2025-04-26 23:22:38,721 [INFO] Generated event timeline report for 'Russia' saved to analysis_gdelt_advanced3/timelines/Russia_events_report.md
2025-04-26 23:22:38,722 [INFO] Generating timeline for entity: Ukraine
2025-04-26 23:22:38,722 [INFO] Generating timeline for entity: Ukraine
2025-04-26 23:22:38,724 [INFO] Found 8 articles mentioning 'Ukraine'
2025-04-26 23:22:38,919 [INFO] Created timeline visualization for 'Ukraine' at analysis_gdelt_advanced3/timelines/Ukraine_timeline.png
2025-04-26 23:22:38,920 [INFO] Generated timeline for 'Ukraine' saved to analysis_gdelt_advanced3/timelines
2025-04-26 23:22:38,920 [INFO] Generated timeline report for 'Ukraine' saved to analysis_gdelt_advanced3/timelines/Ukraine_report.md
2025-04-26 23:22:38,920 [INFO] Generating event timeline for entity: Ukraine
2025-04-26 23:22:38,922 [INFO] Found 8 articles mentioning 'Ukraine'
2025-04-26 23:22:38,928 [INFO] Identified 2 significant events for 'Ukraine'
2025-04-26 23:22:39,126 [INFO] Created event visualization for 'Ukraine' at analysis_gdelt_advanced3/timelines/Ukraine_events.png
2025-04-26 23:22:39,127 [INFO] Generated event timeline for 'Ukraine' saved to analysis_gdelt_advanced3/timelines/Ukraine_events.json
2025-04-26 23:22:39,127 [INFO] Generated event timeline report for 'Ukraine' saved to analysis_gdelt_advanced3/timelines/Ukraine_events_report.md
2025-04-26 23:22:39,127 [INFO] Generating timeline for entity: China
2025-04-26 23:22:39,127 [INFO] Generating timeline for entity: China
2025-04-26 23:22:39,129 [INFO] Found 54 articles mentioning 'China'
2025-04-26 23:22:39,434 [INFO] Created timeline visualization for 'China' at analysis_gdelt_advanced3/timelines/China_timeline.png
2025-04-26 23:22:39,435 [INFO] Generated timeline for 'China' saved to analysis_gdelt_advanced3/timelines
2025-04-26 23:22:39,435 [INFO] Generated timeline report for 'China' saved to analysis_gdelt_advanced3/timelines/China_report.md
2025-04-26 23:22:39,435 [INFO] Generating event timeline for entity: China
2025-04-26 23:22:39,438 [INFO] Found 54 articles mentioning 'China'
2025-04-26 23:22:39,455 [INFO] Identified 7 significant events for 'China'
2025-04-26 23:22:39,679 [INFO] Created event visualization for 'China' at analysis_gdelt_advanced3/timelines/China_events.png
2025-04-26 23:22:39,680 [INFO] Generated event timeline for 'China' saved to analysis_gdelt_advanced3/timelines/China_events.json
2025-04-26 23:22:39,680 [INFO] Generated event timeline report for 'China' saved to analysis_gdelt_advanced3/timelines/China_events_report.md
2025-04-26 23:22:39,680 [INFO] Generating comparison timeline for top entities
2025-04-26 23:22:39,680 [INFO] Generating comparison timeline for entities: United States, Russia, Ukraine, China
2025-04-26 23:22:39,686 [INFO] Found 3 articles mentioning 'United States'
2025-04-26 23:22:39,691 [INFO] Found 17 articles mentioning 'Russia'
2025-04-26 23:22:39,696 [INFO] Found 8 articles mentioning 'Ukraine'
2025-04-26 23:22:39,701 [INFO] Found 54 articles mentioning 'China'
2025-04-26 23:22:39,958 [INFO] Created comparison visualization for ['United States', 'Russia', 'Ukraine', 'China'] at analysis_gdelt_advanced3/timelines/entity_comparison_United_States_Russia_Ukraine_China.png
2025-04-26 23:22:39,969 [INFO] Generated comparison timeline saved to analysis_gdelt_advanced3/timelines/entity_comparison_United_States_Russia_Ukraine_China.json
2025-04-26 23:22:39,970 [INFO] Generated timelines for 5 entities
2025-04-26 23:22:39,970 [INFO] Generated timeline summary at analysis_gdelt_advanced3/timelines/timeline_summary.md
2025-04-26 23:22:39,970 [INFO] Generating sentiment analysis by event...
2025-04-26 23:22:40,302 [INFO] Loaded sentiment analysis model: tabularisai/multilingual-sentiment-analysis
2025-04-26 23:22:40,303 [INFO] Analyzing sentiment for entity 'Russia' over time
2025-04-26 23:22:40,305 [INFO] Found 7 articles for entity 'Russia'
2025-04-26 23:22:42,399 [INFO] Created sentiment timeline visualization for 'Russia' at analysis_gdelt_advanced3/timelines/Russia_sentiment_timeline.png
2025-04-26 23:22:42,400 [INFO] Saved sentiment timeline results to analysis_gdelt_advanced3/timelines/Russia_sentiment_timeline.json
2025-04-26 23:22:42,401 [ERROR] Error in timeline generation: name 'pd' is not defined
2025-04-26 23:22:42,402 [ERROR] Traceback (most recent call last):
  File "/home/ubuntu/hydra-news/python/src/gdelt/analyzer/core.py", line 468, in analyze_gdelt_dataset
    pd.Series(daily_sentiment),
    ^^
NameError: name 'pd' is not defined. Did you mean: 'id'?

2025-04-26 23:22:42,403 [INFO] Closed database connection
2025-04-26 23:22:42,403 [INFO] Analysis complete! Results saved to analysis_gdelt_advanced3
