2025-04-26 23:20:27,598 [INFO] Starting analysis of GDELT dataset in dataset_gdelt_large2
2025-04-26 23:20:27,598 [INFO] Loading dataset...
2025-04-26 23:20:27,598 [INFO] Loading dataset from dataset_gdelt_large2
2025-04-26 23:20:27,657 [INFO] Loaded 6816 articles from dataset_gdelt_large2/all_articles.csv
2025-04-26 23:20:27,658 [INFO] Loaded 40 themes from dataset_gdelt_large2/themes.json
2025-04-26 23:20:27,658 [INFO] Loaded summary from dataset_gdelt_large2/summary.json
2025-04-26 23:20:27,658 [INFO] Preprocessing articles...
2025-04-26 23:20:27,658 [INFO] Preprocessing articles
2025-04-26 23:20:27,720 [INFO] Preprocessing complete
2025-04-26 23:20:27,721 [INFO] Analyzing theme distribution...
2025-04-26 23:20:27,721 [INFO] Analyzing theme distribution
2025-04-26 23:20:27,723 [INFO] Found 20 themes
2025-04-26 23:20:27,724 [INFO] Analyzing theme correlations...
2025-04-26 23:20:27,725 [INFO] Analyzing correlations between top 15 themes
2025-04-26 23:20:27,745 [INFO] Generated 15 x 15 correlation matrix
2025-04-26 23:20:27,745 [INFO] Analyzing theme trends over time...
2025-04-26 23:20:27,746 [INFO] Analyzing theme trends over time
2025-04-26 23:20:27,752 [INFO] Generated theme trends for 20 themes over 31 dates
2025-04-26 23:20:27,752 [INFO] Analyzing time patterns...
2025-04-26 23:20:27,753 [INFO] Analyzing time patterns
2025-04-26 23:20:27,754 [INFO] Analyzed articles by date (31 dates)
2025-04-26 23:20:27,755 [INFO] Analyzed articles by hour (24 hours)
2025-04-26 23:20:27,757 [INFO] Analyzed articles by day of week (7 days)
2025-04-26 23:20:27,757 [INFO] Analyzing time series...
2025-04-26 23:20:27,758 [INFO] Analyzing time series with frequency 'D'
2025-04-26 23:20:27,776 [INFO] Generated time series with 31 data points
2025-04-26 23:20:27,777 [INFO] Analyzing publication delay...
2025-04-26 23:20:27,777 [INFO] Analyzing publication delay
2025-04-26 23:20:27,801 [INFO] Analyzed publication delay for 20 themes
2025-04-26 23:20:27,801 [INFO] Analyzing domains...
2025-04-26 23:20:27,801 [INFO] Analyzing domain distribution
2025-04-26 23:20:27,806 [INFO] Analyzed top 20 domains
2025-04-26 23:20:27,807 [INFO] Analyzed top 10 TLDs
2025-04-26 23:20:27,807 [INFO] Analyzing languages...
2025-04-26 23:20:27,807 [INFO] Analyzing language distribution
2025-04-26 23:20:27,808 [INFO] Analyzed top 2 languages
2025-04-26 23:20:27,808 [INFO] Analyzing countries...
2025-04-26 23:20:27,808 [INFO] Analyzing source country distribution
2025-04-26 23:20:27,809 [INFO] Analyzed top 15 countries
2025-04-26 23:20:27,809 [INFO] Analyzing source diversity...
2025-04-26 23:20:27,809 [INFO] Analyzing source diversity
2025-04-26 23:20:27,813 [INFO] Calculated diversity metrics: {'total_articles': 6816, 'unique_domains': 1210, 'unique_countries': 99, 'unique_languages': 2, 'domain_concentration': np.float64(0.005669783814388679), 'country_concentration': np.float64(0.1345529160880778), 'language_concentration': np.float64(0.5018984948422933), 'domain_diversity': np.float64(0.9943302161856113), 'country_diversity': np.float64(0.8654470839119222), 'language_diversity': np.float64(0.4981015051577067)}
2025-04-26 23:20:27,813 [INFO] Extracting keywords...
2025-04-26 23:20:27,813 [INFO] Extracting keywords from article titles
2025-04-26 23:20:29,676 [INFO] Extracted 100 keywords
2025-04-26 23:20:29,678 [INFO] Building topic model...
2025-04-26 23:20:29,678 [INFO] Building topic model with 10 topics
2025-04-26 23:20:37,877 [INFO] Built topic model with 10 topics and 1000 features
2025-04-26 23:20:37,877 [INFO] Extracting top 10 words for each topic
2025-04-26 23:20:37,878 [INFO] Extracted top words for 10 topics
2025-04-26 23:20:37,878 [INFO] Assigning topics to articles with threshold 0.3
2025-04-26 23:20:38,816 [INFO] Assigned topics to 6816 articles
2025-04-26 23:20:38,817 [INFO] Creating visualizations...
2025-04-26 23:20:38,817 [INFO] Creating all visualizations
2025-04-26 23:20:38,818 [INFO] Visualization style set up
2025-04-26 23:20:38,818 [INFO] Creating theme distribution plot for top 20 themes
2025-04-26 23:20:39,190 [INFO] Saved theme distribution plot to analysis_gdelt_advanced2/theme_distribution.png
2025-04-26 23:20:39,191 [INFO] Creating time pattern plots
2025-04-26 23:20:39,984 [INFO] Saved time pattern plots to analysis_gdelt_advanced2
2025-04-26 23:20:39,984 [INFO] Creating source distribution plots
2025-04-26 23:20:41,022 [INFO] Saved source distribution plots to analysis_gdelt_advanced2
2025-04-26 23:20:41,022 [INFO] Creating theme correlation heatmap
2025-04-26 23:20:41,705 [INFO] Saved theme correlation heatmap to analysis_gdelt_advanced2/theme_correlation.png
2025-04-26 23:20:41,705 [INFO] Creating topic word clouds
2025-04-26 23:20:41,705 [WARNING] wordcloud package not available. Skipping word cloud generation.
2025-04-26 23:20:41,706 [INFO] Creating time series plot
2025-04-26 23:20:41,972 [INFO] Saved time series plot to analysis_gdelt_advanced2/time_series.png
2025-04-26 23:20:41,972 [INFO] Created all visualizations in analysis_gdelt_advanced2
2025-04-26 23:20:41,972 [INFO] Generating report...
2025-04-26 23:20:41,972 [INFO] Generating report
2025-04-26 23:20:41,975 [INFO] Generated report at analysis_gdelt_advanced2/report.md
2025-04-26 23:20:41,975 [INFO] Generating JSON summary...
2025-04-26 23:20:41,975 [INFO] Generating JSON summary
2025-04-26 23:20:41,976 [INFO] Generated JSON summary at analysis_gdelt_advanced2/analysis_summary.json
2025-04-26 23:20:41,976 [INFO] Generating CSV exports...
2025-04-26 23:20:41,976 [INFO] Generating CSV exports
2025-04-26 23:20:41,978 [INFO] Exported theme counts to analysis_gdelt_advanced2/exports/theme_counts.csv
2025-04-26 23:20:41,979 [INFO] Exported date counts to analysis_gdelt_advanced2/exports/date_counts.csv
2025-04-26 23:20:42,036 [INFO] Exported topic assignments to analysis_gdelt_advanced2/exports/topic_assignments.csv
2025-04-26 23:20:42,036 [INFO] Generated all CSV exports in analysis_gdelt_advanced2/exports
2025-04-26 23:20:42,036 [INFO] Extracting entities...
2025-04-26 23:20:42,036 [INFO] Extracting entities from DataFrame
2025-04-26 23:20:52,176 [INFO] Extracted 9117 entities from 6816 articles
2025-04-26 23:20:52,179 [INFO] Calculating entity statistics
2025-04-26 23:20:52,190 [INFO] Calculated statistics for 4853 entities
2025-04-26 23:20:52,239 [INFO] Saved 9117 entity mentions to analysis_gdelt_advanced2/entities.csv
2025-04-26 23:20:52,250 [INFO] Saved statistics for 4853 entities to analysis_gdelt_advanced2/entity_stats.csv
2025-04-26 23:20:52,250 [INFO] Calculating trust scores for entities...
2025-04-26 23:20:52,250 [INFO] Calculating trust scores for entities
2025-04-26 23:20:52,256 [INFO] Calculated trust scores for 4853 entities
2025-04-26 23:20:52,275 [INFO] Saved trust scores for 4853 entities to analysis_gdelt_advanced2/entity_trust.csv
2025-04-26 23:20:52,275 [INFO] Calculating trust scores for articles...
2025-04-26 23:20:52,276 [INFO] Calculating trust scores for articles
2025-04-26 23:20:52,289 [INFO] Calculated trust scores for 6816 articles
2025-04-26 23:20:52,345 [INFO] Saved trust scores for 6816 articles to analysis_gdelt_advanced2/article_trust.csv
2025-04-26 23:20:52,345 [INFO] Storing data in database...
2025-04-26 23:20:52,346 [INFO] Connected to database: analysis_gdelt_advanced2/gdelt_news.db
2025-04-26 23:20:52,354 [INFO] Created database tables
2025-04-26 23:20:52,928 [INFO] Updated statistics for 1210 sources
2025-04-26 23:20:52,935 [INFO] Updated statistics for 20 themes
2025-04-26 23:20:52,941 [INFO] Stored 20 articles in the database
2025-04-26 23:20:52,944 [INFO] Stored 20 articles in database
2025-04-26 23:20:53,579 [INFO] Stored 4853 entities in the database
2025-04-26 23:20:53,582 [INFO] Stored 4853 entities in database
2025-04-26 23:20:53,590 [INFO] Generated database summary
2025-04-26 23:20:53,591 [INFO] Saved database summary to analysis_gdelt_advanced2/db_summary.json
2025-04-26 23:20:53,591 [INFO] Generating entity timelines...
2025-04-26 23:20:53,591 [INFO] Generating timeline for entity: United States
2025-04-26 23:20:53,591 [INFO] Generating timeline for entity: United States
2025-04-26 23:20:53,593 [INFO] Found 3 articles mentioning 'United States'
2025-04-26 23:20:53,744 [INFO] Created timeline visualization for 'United States' at analysis_gdelt_advanced2/timelines/United_States_timeline.png
2025-04-26 23:20:53,745 [INFO] Generated timeline for 'United States' saved to analysis_gdelt_advanced2/timelines
2025-04-26 23:20:53,745 [INFO] Generated timeline report for 'United States' saved to analysis_gdelt_advanced2/timelines/United_States_report.md
2025-04-26 23:20:53,745 [INFO] Generating event timeline for entity: United States
2025-04-26 23:20:53,747 [INFO] Found 3 articles mentioning 'United States'
2025-04-26 23:20:53,750 [WARNING] No significant events found for entity 'United States'
2025-04-26 23:20:53,750 [INFO] Generating timeline for entity: Russia
2025-04-26 23:20:53,750 [INFO] Generating timeline for entity: Russia
2025-04-26 23:20:53,752 [INFO] Found 17 articles mentioning 'Russia'
2025-04-26 23:20:53,952 [INFO] Created timeline visualization for 'Russia' at analysis_gdelt_advanced2/timelines/Russia_timeline.png
2025-04-26 23:20:53,953 [INFO] Generated timeline for 'Russia' saved to analysis_gdelt_advanced2/timelines
2025-04-26 23:20:53,953 [INFO] Generated timeline report for 'Russia' saved to analysis_gdelt_advanced2/timelines/Russia_report.md
2025-04-26 23:20:53,953 [INFO] Generating event timeline for entity: Russia
2025-04-26 23:20:53,956 [INFO] Found 17 articles mentioning 'Russia'
2025-04-26 23:20:53,960 [INFO] Identified 1 significant events for 'Russia'
2025-04-26 23:20:54,165 [INFO] Created event visualization for 'Russia' at analysis_gdelt_advanced2/timelines/Russia_events.png
2025-04-26 23:20:54,165 [INFO] Generated event timeline for 'Russia' saved to analysis_gdelt_advanced2/timelines/Russia_events.json
2025-04-26 23:20:54,165 [INFO] Generated event timeline report for 'Russia' saved to analysis_gdelt_advanced2/timelines/Russia_events_report.md
2025-04-26 23:20:54,165 [INFO] Generating timeline for entity: Ukraine
2025-04-26 23:20:54,166 [INFO] Generating timeline for entity: Ukraine
2025-04-26 23:20:54,168 [INFO] Found 8 articles mentioning 'Ukraine'
2025-04-26 23:20:54,353 [INFO] Created timeline visualization for 'Ukraine' at analysis_gdelt_advanced2/timelines/Ukraine_timeline.png
2025-04-26 23:20:54,353 [INFO] Generated timeline for 'Ukraine' saved to analysis_gdelt_advanced2/timelines
2025-04-26 23:20:54,353 [INFO] Generated timeline report for 'Ukraine' saved to analysis_gdelt_advanced2/timelines/Ukraine_report.md
2025-04-26 23:20:54,353 [INFO] Generating event timeline for entity: Ukraine
2025-04-26 23:20:54,355 [INFO] Found 8 articles mentioning 'Ukraine'
2025-04-26 23:20:54,362 [INFO] Identified 2 significant events for 'Ukraine'
2025-04-26 23:20:54,562 [INFO] Created event visualization for 'Ukraine' at analysis_gdelt_advanced2/timelines/Ukraine_events.png
2025-04-26 23:20:54,563 [INFO] Generated event timeline for 'Ukraine' saved to analysis_gdelt_advanced2/timelines/Ukraine_events.json
2025-04-26 23:20:54,563 [INFO] Generated event timeline report for 'Ukraine' saved to analysis_gdelt_advanced2/timelines/Ukraine_events_report.md
2025-04-26 23:20:54,563 [INFO] Generating timeline for entity: China
2025-04-26 23:20:54,563 [INFO] Generating timeline for entity: China
2025-04-26 23:20:54,565 [INFO] Found 54 articles mentioning 'China'
2025-04-26 23:20:54,869 [INFO] Created timeline visualization for 'China' at analysis_gdelt_advanced2/timelines/China_timeline.png
2025-04-26 23:20:54,870 [INFO] Generated timeline for 'China' saved to analysis_gdelt_advanced2/timelines
2025-04-26 23:20:54,870 [INFO] Generated timeline report for 'China' saved to analysis_gdelt_advanced2/timelines/China_report.md
2025-04-26 23:20:54,870 [INFO] Generating event timeline for entity: China
2025-04-26 23:20:54,873 [INFO] Found 54 articles mentioning 'China'
2025-04-26 23:20:54,890 [INFO] Identified 7 significant events for 'China'
2025-04-26 23:20:55,119 [INFO] Created event visualization for 'China' at analysis_gdelt_advanced2/timelines/China_events.png
2025-04-26 23:20:55,120 [INFO] Generated event timeline for 'China' saved to analysis_gdelt_advanced2/timelines/China_events.json
2025-04-26 23:20:55,121 [INFO] Generated event timeline report for 'China' saved to analysis_gdelt_advanced2/timelines/China_events_report.md
2025-04-26 23:20:55,121 [INFO] Generating comparison timeline for top entities
2025-04-26 23:20:55,121 [INFO] Generating comparison timeline for entities: United States, Russia, Ukraine, China
2025-04-26 23:20:55,126 [INFO] Found 3 articles mentioning 'United States'
2025-04-26 23:20:55,132 [INFO] Found 17 articles mentioning 'Russia'
2025-04-26 23:20:55,136 [INFO] Found 8 articles mentioning 'Ukraine'
2025-04-26 23:20:55,141 [INFO] Found 54 articles mentioning 'China'
2025-04-26 23:20:55,373 [INFO] Created comparison visualization for ['United States', 'Russia', 'Ukraine', 'China'] at analysis_gdelt_advanced2/timelines/entity_comparison_United_States_Russia_Ukraine_China.png
2025-04-26 23:20:55,384 [INFO] Generated comparison timeline saved to analysis_gdelt_advanced2/timelines/entity_comparison_United_States_Russia_Ukraine_China.json
2025-04-26 23:20:55,384 [INFO] Generated timelines for 5 entities
2025-04-26 23:20:55,385 [INFO] Generated timeline summary at analysis_gdelt_advanced2/timelines/timeline_summary.md
2025-04-26 23:20:55,385 [INFO] Generating sentiment analysis by event...
2025-04-26 23:21:05,917 [INFO] Loaded sentiment analysis model: tabularisai/multilingual-sentiment-analysis
2025-04-26 23:21:05,918 [INFO] Analyzing sentiment for entity 'Russia' over time
2025-04-26 23:21:05,921 [INFO] Found 7 articles for entity 'Russia'
2025-04-26 23:21:07,229 [INFO] Created sentiment timeline visualization for 'Russia' at analysis_gdelt_advanced2/timelines/Russia_sentiment_timeline.png
2025-04-26 23:21:07,230 [ERROR] Error in timeline generation: Object of type int64 is not JSON serializable
2025-04-26 23:21:07,232 [ERROR] Traceback (most recent call last):
  File "/home/ubuntu/hydra-news/python/src/gdelt/analyzer/core.py", line 452, in analyze_gdelt_dataset
    event_sentiment = event_sentiment_analyzer.analyze_entity_sentiment_over_time(
        entity,
    ...<2 lines>...
        output_dir=timelines_dir
    )
  File "/home/ubuntu/hydra-news/python/src/gdelt/analyzer/event_sentiment_analyzer.py", line 384, in analyze_entity_sentiment_over_time
    json.dump(sentiment_results, f, indent=2)
    ~~~~~~~~~^^^^^^^^^^^^^^^^^^^^^^^^^^^^^^^^
  File "/usr/lib/python3.13/json/__init__.py", line 179, in dump
    for chunk in iterable:
                 ^^^^^^^^
  File "/usr/lib/python3.13/json/encoder.py", line 432, in _iterencode
    yield from _iterencode_dict(o, _current_indent_level)
  File "/usr/lib/python3.13/json/encoder.py", line 406, in _iterencode_dict
    yield from chunks
  File "/usr/lib/python3.13/json/encoder.py", line 406, in _iterencode_dict
    yield from chunks
  File "/usr/lib/python3.13/json/encoder.py", line 439, in _iterencode
    o = _default(o)
  File "/usr/lib/python3.13/json/encoder.py", line 180, in default
    raise TypeError(f'Object of type {o.__class__.__name__} '
                    f'is not JSON serializable')
TypeError: Object of type int64 is not JSON serializable

2025-04-26 23:21:07,233 [INFO] Closed database connection
2025-04-26 23:21:07,233 [INFO] Analysis complete! Results saved to analysis_gdelt_advanced2
