2025-04-26 22:25:46,975 [INFO] Loading themes from gdelt_useful_themes.jsonl...
2025-04-26 22:25:51,844 [INFO] Loading themes from gdelt_useful_themes.jsonl...
2025-04-26 22:25:51,845 [INFO] Loaded 5 themes
2025-04-26 22:25:51,850 [INFO] Fetching articles for keyword 'tax fncact'
2025-04-26 22:25:51,850 [INFO]   - Language: English
2025-04-26 22:25:55,217 [INFO]   - Language: French
2025-04-26 22:26:00,533 [INFO] Fetching articles for keyword 'tax ethnicity'
2025-04-26 22:26:00,533 [INFO]   - Language: English
2025-04-26 22:26:03,736 [INFO]   - Language: French
2025-04-26 22:26:07,627 [INFO] Fetching articles for keyword 'epu policy'
2025-04-26 22:26:07,627 [INFO]   - Language: English
2025-04-26 22:26:09,880 [INFO]   - Language: French
2025-04-26 22:26:15,017 [INFO] Fetching articles for keyword 'crisislex crisislexrec'
2025-04-26 22:26:15,017 [INFO]   - Language: English
2025-04-26 22:26:17,007 [INFO]   - Language: French
2025-04-26 22:26:20,294 [INFO] Fetching articles for keyword 'leader'
2025-04-26 22:26:20,294 [INFO]   - Language: English
2025-04-26 22:26:21,764 [INFO]     - Found 20 English articles
2025-04-26 22:26:23,694 [INFO]   - Language: French
2025-04-26 22:26:24,436 [INFO]     - Found 20 French articles
2025-04-26 22:26:26,309 [INFO]   - After deduplication: 40 articles (removed 0 duplicates)
2025-04-26 22:26:28,082 [INFO] Removed 0 duplicate articles across themes
2025-04-26 22:26:28,083 [INFO] 
Language statistics:
2025-04-26 22:26:28,083 [INFO]   - English: 20 articles
2025-04-26 22:26:28,083 [INFO]   - French: 20 articles
2025-04-26 22:26:28,084 [INFO] 
Fetched 40 unique articles across 1 themes
2025-04-26 22:26:28,091 [INFO] Saved all articles to dataset_gdelt_month/all_articles.csv
2025-04-26 22:26:28,091 [INFO] Saved theme information to dataset_gdelt_month/themes.json
2025-04-26 22:26:28,093 [INFO] Saved articles by theme to dataset_gdelt_month/themes
2025-04-26 22:26:28,095 [INFO] Saved articles by language to dataset_gdelt_month/languages
2025-04-26 22:26:28,097 [INFO] Saved summary to dataset_gdelt_month/summary.json
2025-04-26 22:26:28,097 [INFO] Dataset creation complete!
