2025-04-26 23:26:57,462 [INFO] Starting analysis of GDELT dataset in dataset_gdelt_large2
2025-04-26 23:26:57,462 [INFO] Loading dataset...
2025-04-26 23:26:57,462 [INFO] Loading dataset from dataset_gdelt_large2
2025-04-26 23:26:57,507 [INFO] Loaded 6816 articles from dataset_gdelt_large2/all_articles.csv
2025-04-26 23:26:57,508 [INFO] Loaded 40 themes from dataset_gdelt_large2/themes.json
2025-04-26 23:26:57,508 [INFO] Loaded summary from dataset_gdelt_large2/summary.json
2025-04-26 23:26:57,508 [INFO] Preprocessing articles...
2025-04-26 23:26:57,508 [INFO] Preprocessing articles
2025-04-26 23:26:57,547 [INFO] Preprocessing complete
2025-04-26 23:26:57,548 [INFO] Analyzing theme distribution...
2025-04-26 23:26:57,548 [INFO] Analyzing theme distribution
2025-04-26 23:26:57,550 [INFO] Found 20 themes
2025-04-26 23:26:57,551 [INFO] Analyzing theme correlations...
2025-04-26 23:26:57,551 [INFO] Analyzing correlations between top 15 themes
2025-04-26 23:26:57,567 [INFO] Generated 15 x 15 correlation matrix
2025-04-26 23:26:57,568 [INFO] Analyzing theme trends over time...
2025-04-26 23:26:57,568 [INFO] Analyzing theme trends over time
2025-04-26 23:26:57,574 [INFO] Generated theme trends for 20 themes over 31 dates
2025-04-26 23:26:57,575 [INFO] Analyzing time patterns...
2025-04-26 23:26:57,575 [INFO] Analyzing time patterns
2025-04-26 23:26:57,576 [INFO] Analyzed articles by date (31 dates)
2025-04-26 23:26:57,577 [INFO] Analyzed articles by hour (24 hours)
2025-04-26 23:26:57,579 [INFO] Analyzed articles by day of week (7 days)
2025-04-26 23:26:57,580 [INFO] Analyzing time series...
2025-04-26 23:26:57,580 [INFO] Analyzing time series with frequency 'D'
2025-04-26 23:26:57,594 [INFO] Generated time series with 31 data points
2025-04-26 23:26:57,594 [INFO] Analyzing publication delay...
2025-04-26 23:26:57,595 [INFO] Analyzing publication delay
2025-04-26 23:26:57,619 [INFO] Analyzed publication delay for 20 themes
2025-04-26 23:26:57,620 [INFO] Analyzing domains...
2025-04-26 23:26:57,620 [INFO] Analyzing domain distribution
2025-04-26 23:26:57,621 [INFO] Analyzed top 20 domains
2025-04-26 23:26:57,623 [INFO] Analyzed top 10 TLDs
2025-04-26 23:26:57,623 [INFO] Analyzing languages...
2025-04-26 23:26:57,623 [INFO] Analyzing language distribution
2025-04-26 23:26:57,624 [INFO] Analyzed top 2 languages
2025-04-26 23:26:57,625 [INFO] Analyzing countries...
2025-04-26 23:26:57,625 [INFO] Analyzing source country distribution
2025-04-26 23:26:57,626 [INFO] Analyzed top 15 countries
2025-04-26 23:26:57,626 [INFO] Analyzing source diversity...
2025-04-26 23:26:57,628 [INFO] Analyzing source diversity
2025-04-26 23:26:57,632 [INFO] Calculated diversity metrics: {'total_articles': 6816, 'unique_domains': 1210, 'unique_countries': 99, 'unique_languages': 2, 'domain_concentration': np.float64(0.005669783814388679), 'country_concentration': np.float64(0.1345529160880778), 'language_concentration': np.float64(0.5018984948422933), 'domain_diversity': np.float64(0.9943302161856113), 'country_diversity': np.float64(0.8654470839119222), 'language_diversity': np.float64(0.4981015051577067)}
2025-04-26 23:26:57,632 [INFO] Extracting keywords...
2025-04-26 23:26:57,632 [INFO] Extracting keywords from article titles
2025-04-26 23:26:59,310 [INFO] Extracted 100 keywords
2025-04-26 23:26:59,312 [INFO] Building topic model...
2025-04-26 23:26:59,312 [INFO] Building topic model with 10 topics
2025-04-26 23:27:05,843 [INFO] Built topic model with 10 topics and 1000 features
2025-04-26 23:27:05,843 [INFO] Extracting top 10 words for each topic
2025-04-26 23:27:05,844 [INFO] Extracted top words for 10 topics
2025-04-26 23:27:05,844 [INFO] Assigning topics to articles with threshold 0.3
2025-04-26 23:27:06,513 [INFO] Assigned topics to 6816 articles
2025-04-26 23:27:06,513 [INFO] Creating visualizations...
2025-04-26 23:27:06,513 [INFO] Creating all visualizations
2025-04-26 23:27:06,514 [INFO] Visualization style set up
2025-04-26 23:27:06,514 [INFO] Creating theme distribution plot for top 20 themes
2025-04-26 23:27:06,860 [INFO] Saved theme distribution plot to analysis_gdelt_advanced7/theme_distribution.png
2025-04-26 23:27:06,860 [INFO] Creating time pattern plots
2025-04-26 23:27:07,575 [INFO] Saved time pattern plots to analysis_gdelt_advanced7
2025-04-26 23:27:07,576 [INFO] Creating source distribution plots
2025-04-26 23:27:08,526 [INFO] Saved source distribution plots to analysis_gdelt_advanced7
2025-04-26 23:27:08,526 [INFO] Creating theme correlation heatmap
2025-04-26 23:27:09,158 [INFO] Saved theme correlation heatmap to analysis_gdelt_advanced7/theme_correlation.png
2025-04-26 23:27:09,158 [INFO] Creating topic word clouds
2025-04-26 23:27:09,158 [WARNING] wordcloud package not available. Skipping word cloud generation.
2025-04-26 23:27:09,159 [INFO] Creating time series plot
2025-04-26 23:27:09,407 [INFO] Saved time series plot to analysis_gdelt_advanced7/time_series.png
2025-04-26 23:27:09,407 [INFO] Created all visualizations in analysis_gdelt_advanced7
2025-04-26 23:27:09,407 [INFO] Generating report...
2025-04-26 23:27:09,407 [INFO] Generating report
2025-04-26 23:27:09,443 [INFO] Generated report at analysis_gdelt_advanced7/report.md
2025-04-26 23:27:09,443 [INFO] Generating JSON summary...
2025-04-26 23:27:09,443 [INFO] Generating JSON summary
2025-04-26 23:27:09,444 [INFO] Generated JSON summary at analysis_gdelt_advanced7/analysis_summary.json
2025-04-26 23:27:09,444 [INFO] Generating CSV exports...
2025-04-26 23:27:09,444 [INFO] Generating CSV exports
2025-04-26 23:27:09,446 [INFO] Exported theme counts to analysis_gdelt_advanced7/exports/theme_counts.csv
2025-04-26 23:27:09,447 [INFO] Exported date counts to analysis_gdelt_advanced7/exports/date_counts.csv
2025-04-26 23:27:09,497 [INFO] Exported topic assignments to analysis_gdelt_advanced7/exports/topic_assignments.csv
2025-04-26 23:27:09,498 [INFO] Generated all CSV exports in analysis_gdelt_advanced7/exports
2025-04-26 23:27:09,498 [INFO] Extracting entities...
2025-04-26 23:27:09,498 [INFO] Extracting entities from DataFrame
2025-04-26 23:27:19,294 [INFO] Extracted 9117 entities from 6816 articles
2025-04-26 23:27:19,296 [INFO] Calculating entity statistics
2025-04-26 23:27:19,307 [INFO] Calculated statistics for 4853 entities
2025-04-26 23:27:19,355 [INFO] Saved 9117 entity mentions to analysis_gdelt_advanced7/entities.csv
2025-04-26 23:27:19,366 [INFO] Saved statistics for 4853 entities to analysis_gdelt_advanced7/entity_stats.csv
2025-04-26 23:27:19,366 [INFO] Calculating trust scores for entities...
2025-04-26 23:27:19,366 [INFO] Calculating trust scores for entities
2025-04-26 23:27:19,371 [INFO] Calculated trust scores for 4853 entities
2025-04-26 23:27:19,389 [INFO] Saved trust scores for 4853 entities to analysis_gdelt_advanced7/entity_trust.csv
2025-04-26 23:27:19,389 [INFO] Calculating trust scores for articles...
2025-04-26 23:27:19,389 [INFO] Calculating trust scores for articles
2025-04-26 23:27:19,402 [INFO] Calculated trust scores for 6816 articles
2025-04-26 23:27:19,460 [INFO] Saved trust scores for 6816 articles to analysis_gdelt_advanced7/article_trust.csv
2025-04-26 23:27:19,460 [INFO] Storing data in database...
2025-04-26 23:27:19,460 [INFO] Connected to database: analysis_gdelt_advanced7/gdelt_news.db
2025-04-26 23:27:19,469 [INFO] Created database tables
2025-04-26 23:27:19,969 [INFO] Updated statistics for 1210 sources
2025-04-26 23:27:19,975 [INFO] Updated statistics for 20 themes
2025-04-26 23:27:19,982 [INFO] Stored 20 articles in the database
2025-04-26 23:27:19,984 [INFO] Stored 20 articles in database
2025-04-26 23:27:20,597 [INFO] Stored 4853 entities in the database
2025-04-26 23:27:20,599 [INFO] Stored 4853 entities in database
2025-04-26 23:27:20,607 [INFO] Generated database summary
2025-04-26 23:27:20,608 [INFO] Saved database summary to analysis_gdelt_advanced7/db_summary.json
2025-04-26 23:27:20,608 [INFO] Generating entity timelines...
2025-04-26 23:27:20,608 [INFO] Generating timeline for entity: United States
2025-04-26 23:27:20,608 [INFO] Generating timeline for entity: United States
2025-04-26 23:27:20,610 [INFO] Found 3 articles mentioning 'United States'
2025-04-26 23:27:20,762 [INFO] Created timeline visualization for 'United States' at analysis_gdelt_advanced7/timelines/United_States_timeline.png
2025-04-26 23:27:20,762 [INFO] Generated timeline for 'United States' saved to analysis_gdelt_advanced7/timelines
2025-04-26 23:27:20,762 [INFO] Generated timeline report for 'United States' saved to analysis_gdelt_advanced7/timelines/United_States_report.md
2025-04-26 23:27:20,762 [INFO] Generating event timeline for entity: United States
2025-04-26 23:27:20,764 [INFO] Found 3 articles mentioning 'United States'
2025-04-26 23:27:20,767 [WARNING] No significant events found for entity 'United States'
2025-04-26 23:27:20,767 [INFO] Generating timeline for entity: Russia
2025-04-26 23:27:20,767 [INFO] Generating timeline for entity: Russia
2025-04-26 23:27:20,769 [INFO] Found 17 articles mentioning 'Russia'
2025-04-26 23:27:20,966 [INFO] Created timeline visualization for 'Russia' at analysis_gdelt_advanced7/timelines/Russia_timeline.png
2025-04-26 23:27:20,966 [INFO] Generated timeline for 'Russia' saved to analysis_gdelt_advanced7/timelines
2025-04-26 23:27:20,967 [INFO] Generated timeline report for 'Russia' saved to analysis_gdelt_advanced7/timelines/Russia_report.md
2025-04-26 23:27:20,967 [INFO] Generating event timeline for entity: Russia
2025-04-26 23:27:20,969 [INFO] Found 17 articles mentioning 'Russia'
2025-04-26 23:27:20,974 [INFO] Identified 1 significant events for 'Russia'
2025-04-26 23:27:21,176 [INFO] Created event visualization for 'Russia' at analysis_gdelt_advanced7/timelines/Russia_events.png
2025-04-26 23:27:21,177 [INFO] Generated event timeline for 'Russia' saved to analysis_gdelt_advanced7/timelines/Russia_events.json
2025-04-26 23:27:21,177 [INFO] Generated event timeline report for 'Russia' saved to analysis_gdelt_advanced7/timelines/Russia_events_report.md
2025-04-26 23:27:21,177 [INFO] Generating timeline for entity: Ukraine
2025-04-26 23:27:21,177 [INFO] Generating timeline for entity: Ukraine
2025-04-26 23:27:21,179 [INFO] Found 8 articles mentioning 'Ukraine'
2025-04-26 23:27:21,363 [INFO] Created timeline visualization for 'Ukraine' at analysis_gdelt_advanced7/timelines/Ukraine_timeline.png
2025-04-26 23:27:21,363 [INFO] Generated timeline for 'Ukraine' saved to analysis_gdelt_advanced7/timelines
2025-04-26 23:27:21,363 [INFO] Generated timeline report for 'Ukraine' saved to analysis_gdelt_advanced7/timelines/Ukraine_report.md
2025-04-26 23:27:21,363 [INFO] Generating event timeline for entity: Ukraine
2025-04-26 23:27:21,365 [INFO] Found 8 articles mentioning 'Ukraine'
2025-04-26 23:27:21,372 [INFO] Identified 2 significant events for 'Ukraine'
2025-04-26 23:27:21,573 [INFO] Created event visualization for 'Ukraine' at analysis_gdelt_advanced7/timelines/Ukraine_events.png
2025-04-26 23:27:21,573 [INFO] Generated event timeline for 'Ukraine' saved to analysis_gdelt_advanced7/timelines/Ukraine_events.json
2025-04-26 23:27:21,574 [INFO] Generated event timeline report for 'Ukraine' saved to analysis_gdelt_advanced7/timelines/Ukraine_events_report.md
2025-04-26 23:27:21,574 [INFO] Generating timeline for entity: China
2025-04-26 23:27:21,574 [INFO] Generating timeline for entity: China
2025-04-26 23:27:21,576 [INFO] Found 54 articles mentioning 'China'
2025-04-26 23:27:21,882 [INFO] Created timeline visualization for 'China' at analysis_gdelt_advanced7/timelines/China_timeline.png
2025-04-26 23:27:21,883 [INFO] Generated timeline for 'China' saved to analysis_gdelt_advanced7/timelines
2025-04-26 23:27:21,883 [INFO] Generated timeline report for 'China' saved to analysis_gdelt_advanced7/timelines/China_report.md
2025-04-26 23:27:21,883 [INFO] Generating event timeline for entity: China
2025-04-26 23:27:21,886 [INFO] Found 54 articles mentioning 'China'
2025-04-26 23:27:21,903 [INFO] Identified 7 significant events for 'China'
2025-04-26 23:27:22,127 [INFO] Created event visualization for 'China' at analysis_gdelt_advanced7/timelines/China_events.png
2025-04-26 23:27:22,128 [INFO] Generated event timeline for 'China' saved to analysis_gdelt_advanced7/timelines/China_events.json
2025-04-26 23:27:22,128 [INFO] Generated event timeline report for 'China' saved to analysis_gdelt_advanced7/timelines/China_events_report.md
2025-04-26 23:27:22,128 [INFO] Generating comparison timeline for top entities
2025-04-26 23:27:22,128 [INFO] Generating comparison timeline for entities: United States, Russia, Ukraine, China
2025-04-26 23:27:22,134 [INFO] Found 3 articles mentioning 'United States'
2025-04-26 23:27:22,139 [INFO] Found 17 articles mentioning 'Russia'
2025-04-26 23:27:22,143 [INFO] Found 8 articles mentioning 'Ukraine'
2025-04-26 23:27:22,148 [INFO] Found 54 articles mentioning 'China'
2025-04-26 23:27:22,386 [INFO] Created comparison visualization for ['United States', 'Russia', 'Ukraine', 'China'] at analysis_gdelt_advanced7/timelines/entity_comparison_United_States_Russia_Ukraine_China.png
2025-04-26 23:27:22,397 [INFO] Generated comparison timeline saved to analysis_gdelt_advanced7/timelines/entity_comparison_United_States_Russia_Ukraine_China.json
2025-04-26 23:27:22,398 [INFO] Generated timelines for 5 entities
2025-04-26 23:27:22,398 [INFO] Generated timeline summary at analysis_gdelt_advanced7/timelines/timeline_summary.md
2025-04-26 23:27:22,398 [INFO] Generating sentiment analysis by event...
2025-04-26 23:27:22,679 [INFO] Loaded sentiment analysis model: tabularisai/multilingual-sentiment-analysis
2025-04-26 23:27:22,680 [INFO] Analyzing sentiment for entity 'Russia' over time
2025-04-26 23:27:22,682 [INFO] Found 7 articles for entity 'Russia'
2025-04-26 23:27:24,786 [INFO] Created sentiment timeline visualization for 'Russia' at analysis_gdelt_advanced7/timelines/Russia_sentiment_timeline.png
2025-04-26 23:27:24,788 [INFO] Saved sentiment timeline results to analysis_gdelt_advanced7/timelines/Russia_sentiment_timeline.json
2025-04-26 23:27:25,023 [INFO] Created sentiment timeline visualization for 'Russia' at analysis_gdelt_advanced7/timelines/Russia_sentiment_timeline.png
2025-04-26 23:27:25,023 [INFO] Generated event sentiment report for 'Russia' saved to analysis_gdelt_advanced7/timelines/Russia_event_sentiment_report.md
2025-04-26 23:27:25,024 [INFO] Analyzing sentiment for entity 'Ukraine' over time
2025-04-26 23:27:25,026 [INFO] Found 3 articles for entity 'Ukraine'
2025-04-26 23:27:25,986 [INFO] Created sentiment timeline visualization for 'Ukraine' at analysis_gdelt_advanced7/timelines/Ukraine_sentiment_timeline.png
2025-04-26 23:27:25,987 [INFO] Saved sentiment timeline results to analysis_gdelt_advanced7/timelines/Ukraine_sentiment_timeline.json
2025-04-26 23:27:26,212 [INFO] Created sentiment timeline visualization for 'Ukraine' at analysis_gdelt_advanced7/timelines/Ukraine_sentiment_timeline.png
2025-04-26 23:27:26,212 [INFO] Generated event sentiment report for 'Ukraine' saved to analysis_gdelt_advanced7/timelines/Ukraine_event_sentiment_report.md
2025-04-26 23:27:26,212 [INFO] Analyzing sentiment for entity 'China' over time
2025-04-26 23:27:26,214 [INFO] Found 14 articles for entity 'China'
2025-04-26 23:27:29,843 [INFO] Created sentiment timeline visualization for 'China' at analysis_gdelt_advanced7/timelines/China_sentiment_timeline.png
2025-04-26 23:27:29,844 [INFO] Saved sentiment timeline results to analysis_gdelt_advanced7/timelines/China_sentiment_timeline.json
2025-04-26 23:27:30,055 [INFO] Created sentiment timeline visualization for 'China' at analysis_gdelt_advanced7/timelines/China_sentiment_timeline.png
2025-04-26 23:27:30,055 [INFO] Generated event sentiment report for 'China' saved to analysis_gdelt_advanced7/timelines/China_event_sentiment_report.md
2025-04-26 23:27:30,296 [INFO] Created sentiment comparison visualization at analysis_gdelt_advanced7/timelines/entity_sentiment_comparison_Russia_Ukraine_China.png
2025-04-26 23:27:30,571 [INFO] Created sentiment heatmap at analysis_gdelt_advanced7/timelines/entity_sentiment_heatmap_Russia_Ukraine_China.png
2025-04-26 23:27:30,589 [INFO] Using categorical units to plot a list of strings that are all parsable as floats or dates. If these strings should be plotted as numbers, cast to the appropriate data type before plotting.
2025-04-26 23:27:30,594 [INFO] Using categorical units to plot a list of strings that are all parsable as floats or dates. If these strings should be plotted as numbers, cast to the appropriate data type before plotting.
2025-04-26 23:27:30,748 [INFO] Created sentiment distribution visualization at analysis_gdelt_advanced7/timelines/entity_sentiment_distribution_Russia_Ukraine_China.png
2025-04-26 23:27:30,748 [INFO] Generated sentiment comparison report saved to analysis_gdelt_advanced7/timelines/sentiment_comparison_report_Russia_Ukraine_China.md
2025-04-26 23:27:30,749 [INFO] Generating cross-entity event analysis...
2025-04-26 23:27:30,749 [INFO] Finding co-occurrences for entities: United States, Russia, Ukraine, China
2025-04-26 23:27:30,896 [INFO] Created network visualization at analysis_gdelt_advanced7/timelines/entity_network_United_States_Russia_Ukraine.png
2025-04-26 23:27:31,115 [INFO] Created matrix visualization at analysis_gdelt_advanced7/timelines/entity_matrix_United_States_Russia_Ukraine.png
2025-04-26 23:27:31,115 [INFO] Saved co-occurrence results to analysis_gdelt_advanced7/timelines/entity_co_occurrences_United_States_Russia_Ukraine.json
2025-04-26 23:27:31,115 [INFO] Identifying cross-entity events for: United States, Russia, Ukraine, China
2025-04-26 23:27:31,119 [INFO] Found 72 articles mentioning the specified entities
2025-04-26 23:27:31,144 [WARNING] No articles found mentioning at least 2 of the specified entities
2025-04-26 23:27:31,144 [INFO] Generating predictive event detection...
2025-04-26 23:27:31,145 [INFO] Predicting future mentions for entity: United States
2025-04-26 23:27:31,147 [INFO] Found 3 articles for entity 'United States'
2025-04-26 23:27:31,640 [INFO] Created prediction visualization for 'United States' at analysis_gdelt_advanced7/timelines/United_States_prediction.png
2025-04-26 23:27:31,641 [INFO] Saved prediction results to analysis_gdelt_advanced7/timelines/United_States_prediction.json
2025-04-26 23:27:31,641 [INFO] Generated prediction report for 'United States' saved to analysis_gdelt_advanced7/timelines/United_States_prediction_report.md
2025-04-26 23:27:31,641 [INFO] Predicting future events for entity: United States
2025-04-26 23:27:31,641 [INFO] Predicting future mentions for entity: United States
2025-04-26 23:27:31,643 [INFO] Found 3 articles for entity 'United States'
2025-04-26 23:27:32,114 [INFO] Created prediction visualization for 'United States' at analysis_gdelt_advanced7/timelines/United_States_prediction.png
2025-04-26 23:27:32,115 [INFO] Saved prediction results to analysis_gdelt_advanced7/timelines/United_States_prediction.json
2025-04-26 23:27:32,116 [ERROR] Error in timeline generation: unconverted data remains:  00:00:00
2025-04-26 23:27:32,118 [ERROR] Traceback (most recent call last):
  File "/home/ubuntu/hydra-news/python/src/gdelt/analyzer/core.py", line 578, in analyze_gdelt_dataset
    event_predictions = predictive_detector.predict_entity_events(
        entity,
        output_dir=timelines_dir
    )
  File "/home/ubuntu/hydra-news/python/src/gdelt/analyzer/predictive_event_detector.py", line 266, in predict_entity_events
    self._create_event_prediction_visualization(
    ~~~~~~~~~~~~~~~~~~~~~~~~~~~~~~~~~~~~~~~~~~~^
        entity_text,
        ^^^^^^^^^^^^
    ...<3 lines>...
        event_prediction_chart_path
        ^^^^^^^^^^^^^^^^^^^^^^^^^^^
    )
    ^
  File "/home/ubuntu/hydra-news/python/src/gdelt/analyzer/predictive_event_detector.py", line 445, in _create_event_prediction_visualization
    dates = [datetime.strptime(d, '%Y-%m-%d').date() for d in historical_data.keys()]
             ~~~~~~~~~~~~~~~~~^^^^^^^^^^^^^^^
  File "/usr/lib/python3.13/_strptime.py", line 674, in _strptime_datetime
    tt, fraction, gmtoff_fraction = _strptime(data_string, format)
                                    ~~~~~~~~~^^^^^^^^^^^^^^^^^^^^^
  File "/usr/lib/python3.13/_strptime.py", line 456, in _strptime
    raise ValueError("unconverted data remains: %s" %
                      data_string[found.end():])
ValueError: unconverted data remains:  00:00:00

2025-04-26 23:27:32,118 [INFO] Closed database connection
2025-04-26 23:27:32,119 [INFO] Analysis complete! Results saved to analysis_gdelt_advanced7
