2025-04-26 22:37:18,991 [INFO] Starting analysis of GDELT dataset in dataset_gdelt_large2
2025-04-26 22:37:18,992 [INFO] Loading dataset...
2025-04-26 22:37:18,992 [INFO] Loading dataset from dataset_gdelt_large2
2025-04-26 22:37:19,048 [INFO] Loaded 6816 articles from dataset_gdelt_large2/all_articles.csv
2025-04-26 22:37:19,048 [INFO] Loaded 40 themes from dataset_gdelt_large2/themes.json
2025-04-26 22:37:19,048 [INFO] Loaded summary from dataset_gdelt_large2/summary.json
2025-04-26 22:37:19,048 [INFO] Preprocessing articles...
2025-04-26 22:37:19,049 [INFO] Preprocessing articles
2025-04-26 22:37:19,086 [INFO] Preprocessing complete
2025-04-26 22:37:19,086 [INFO] Analyzing theme distribution...
2025-04-26 22:37:19,087 [INFO] Analyzing theme distribution
2025-04-26 22:37:19,088 [INFO] Found 20 themes
2025-04-26 22:37:19,089 [INFO] Analyzing theme correlations...
2025-04-26 22:37:19,089 [INFO] Analyzing correlations between top 15 themes
2025-04-26 22:37:19,104 [INFO] Generated 15 x 15 correlation matrix
2025-04-26 22:37:19,104 [INFO] Analyzing theme trends over time...
2025-04-26 22:37:19,104 [INFO] Analyzing theme trends over time
2025-04-26 22:37:19,111 [INFO] Generated theme trends for 20 themes over 31 dates
2025-04-26 22:37:19,111 [INFO] Analyzing time patterns...
2025-04-26 22:37:19,112 [INFO] Analyzing time patterns
2025-04-26 22:37:19,113 [INFO] Analyzed articles by date (31 dates)
2025-04-26 22:37:19,114 [INFO] Analyzed articles by hour (24 hours)
2025-04-26 22:37:19,115 [INFO] Analyzed articles by day of week (7 days)
2025-04-26 22:37:19,116 [INFO] Analyzing time series...
2025-04-26 22:37:19,116 [INFO] Analyzing time series with frequency 'D'
2025-04-26 22:37:19,131 [INFO] Generated time series with 31 data points
2025-04-26 22:37:19,131 [INFO] Analyzing publication delay...
2025-04-26 22:37:19,132 [INFO] Analyzing publication delay
2025-04-26 22:37:19,155 [INFO] Analyzed publication delay for 20 themes
2025-04-26 22:37:19,155 [INFO] Analyzing domains...
2025-04-26 22:37:19,155 [INFO] Analyzing domain distribution
2025-04-26 22:37:19,156 [INFO] Analyzed top 20 domains
2025-04-26 22:37:19,157 [INFO] Analyzed top 10 TLDs
2025-04-26 22:37:19,158 [INFO] Analyzing languages...
2025-04-26 22:37:19,158 [INFO] Analyzing language distribution
2025-04-26 22:37:19,158 [INFO] Analyzed top 2 languages
2025-04-26 22:37:19,158 [INFO] Analyzing countries...
2025-04-26 22:37:19,159 [INFO] Analyzing source country distribution
2025-04-26 22:37:19,159 [INFO] Analyzed top 15 countries
2025-04-26 22:37:19,160 [INFO] Analyzing source diversity...
2025-04-26 22:37:19,160 [INFO] Analyzing source diversity
2025-04-26 22:37:19,163 [INFO] Calculated diversity metrics: {'total_articles': 6816, 'unique_domains': 1210, 'unique_countries': 99, 'unique_languages': 2, 'domain_concentration': np.float64(0.005669783814388679), 'country_concentration': np.float64(0.1345529160880778), 'language_concentration': np.float64(0.5018984948422933), 'domain_diversity': np.float64(0.9943302161856113), 'country_diversity': np.float64(0.8654470839119222), 'language_diversity': np.float64(0.4981015051577067)}
2025-04-26 22:37:19,164 [INFO] Analyzing sentiment...
2025-04-26 22:37:19,164 [INFO] Analyzing sentiment in article titles
2025-04-26 22:37:19,164 [WARNING] TextBlob not available. Skipping sentiment analysis.
2025-04-26 22:37:19,164 [INFO] Extracting keywords...
2025-04-26 22:37:19,164 [INFO] Extracting keywords from article titles
2025-04-26 22:37:20,618 [INFO] Extracted 100 keywords
2025-04-26 22:37:20,620 [INFO] Building topic model...
2025-04-26 22:37:20,620 [INFO] Building topic model with 10 topics
2025-04-26 22:37:27,101 [INFO] Built topic model with 10 topics and 1000 features
2025-04-26 22:37:27,101 [INFO] Extracting top 10 words for each topic
2025-04-26 22:37:27,102 [INFO] Extracted top words for 10 topics
2025-04-26 22:37:27,102 [INFO] Assigning topics to articles with threshold 0.3
2025-04-26 22:37:27,779 [INFO] Assigned topics to 6816 articles
2025-04-26 22:37:27,779 [INFO] Creating visualizations...
2025-04-26 22:37:27,779 [INFO] Creating all visualizations
2025-04-26 22:37:27,780 [INFO] Visualization style set up
2025-04-26 22:37:27,780 [INFO] Creating theme distribution plot for top 20 themes
2025-04-26 22:37:28,132 [INFO] Saved theme distribution plot to analysis_gdelt_large/theme_distribution.png
2025-04-26 22:37:28,132 [INFO] Creating time pattern plots
2025-04-26 22:37:28,843 [INFO] Saved time pattern plots to analysis_gdelt_large
2025-04-26 22:37:28,843 [INFO] Creating source distribution plots
2025-04-26 22:37:29,781 [INFO] Saved source distribution plots to analysis_gdelt_large
2025-04-26 22:37:29,782 [INFO] Creating theme correlation heatmap
2025-04-26 22:37:30,424 [INFO] Saved theme correlation heatmap to analysis_gdelt_large/theme_correlation.png
2025-04-26 22:37:30,424 [INFO] Creating topic word clouds
2025-04-26 22:37:30,424 [WARNING] wordcloud package not available. Skipping word cloud generation.
2025-04-26 22:37:30,424 [INFO] Creating time series plot
2025-04-26 22:37:30,677 [INFO] Saved time series plot to analysis_gdelt_large/time_series.png
2025-04-26 22:37:30,678 [INFO] Created all visualizations in analysis_gdelt_large
2025-04-26 22:37:30,678 [INFO] Generating report...
2025-04-26 22:37:30,678 [INFO] Generating report
2025-04-26 22:37:30,680 [INFO] Generated report at analysis_gdelt_large/report.md
2025-04-26 22:37:30,680 [INFO] Generating JSON summary...
2025-04-26 22:37:30,680 [INFO] Generating JSON summary
2025-04-26 22:37:30,682 [INFO] Generated JSON summary at analysis_gdelt_large/analysis_summary.json
2025-04-26 22:37:30,682 [INFO] Generating CSV exports...
2025-04-26 22:37:30,682 [INFO] Generating CSV exports
2025-04-26 22:37:30,683 [INFO] Exported theme counts to analysis_gdelt_large/exports/theme_counts.csv
2025-04-26 22:37:30,684 [INFO] Exported date counts to analysis_gdelt_large/exports/date_counts.csv
2025-04-26 22:37:30,735 [INFO] Exported topic assignments to analysis_gdelt_large/exports/topic_assignments.csv
2025-04-26 22:37:30,735 [INFO] Generated all CSV exports in analysis_gdelt_large/exports
2025-04-26 22:37:30,735 [INFO] Analysis complete! Results saved to analysis_gdelt_large
