2025-04-26 22:57:22,447 [INFO] Starting analysis of GDELT dataset in dataset_gdelt_large2
2025-04-26 22:57:22,447 [INFO] Loading dataset...
2025-04-26 22:57:22,448 [INFO] Loading dataset from dataset_gdelt_large2
2025-04-26 22:57:22,499 [INFO] Loaded 6816 articles from dataset_gdelt_large2/all_articles.csv
2025-04-26 22:57:22,499 [INFO] Loaded 40 themes from dataset_gdelt_large2/themes.json
2025-04-26 22:57:22,499 [INFO] Loaded summary from dataset_gdelt_large2/summary.json
2025-04-26 22:57:22,499 [INFO] Preprocessing articles...
2025-04-26 22:57:22,499 [INFO] Preprocessing articles
2025-04-26 22:57:22,537 [INFO] Preprocessing complete
2025-04-26 22:57:22,537 [INFO] Analyzing theme distribution...
2025-04-26 22:57:22,537 [INFO] Analyzing theme distribution
2025-04-26 22:57:22,539 [INFO] Found 20 themes
2025-04-26 22:57:22,539 [INFO] Analyzing theme correlations...
2025-04-26 22:57:22,539 [INFO] Analyzing correlations between top 15 themes
2025-04-26 22:57:22,554 [INFO] Generated 15 x 15 correlation matrix
2025-04-26 22:57:22,555 [INFO] Analyzing theme trends over time...
2025-04-26 22:57:22,555 [INFO] Analyzing theme trends over time
2025-04-26 22:57:22,562 [INFO] Generated theme trends for 20 themes over 31 dates
2025-04-26 22:57:22,562 [INFO] Analyzing time patterns...
2025-04-26 22:57:22,562 [INFO] Analyzing time patterns
2025-04-26 22:57:22,564 [INFO] Analyzed articles by date (31 dates)
2025-04-26 22:57:22,565 [INFO] Analyzed articles by hour (24 hours)
2025-04-26 22:57:22,566 [INFO] Analyzed articles by day of week (7 days)
2025-04-26 22:57:22,567 [INFO] Analyzing time series...
2025-04-26 22:57:22,567 [INFO] Analyzing time series with frequency 'D'
2025-04-26 22:57:22,582 [INFO] Generated time series with 31 data points
2025-04-26 22:57:22,583 [INFO] Analyzing publication delay...
2025-04-26 22:57:22,583 [INFO] Analyzing publication delay
2025-04-26 22:57:22,608 [INFO] Analyzed publication delay for 20 themes
2025-04-26 22:57:22,608 [INFO] Analyzing domains...
2025-04-26 22:57:22,609 [INFO] Analyzing domain distribution
2025-04-26 22:57:22,610 [INFO] Analyzed top 20 domains
2025-04-26 22:57:22,611 [INFO] Analyzed top 10 TLDs
2025-04-26 22:57:22,611 [INFO] Analyzing languages...
2025-04-26 22:57:22,612 [INFO] Analyzing language distribution
2025-04-26 22:57:22,612 [INFO] Analyzed top 2 languages
2025-04-26 22:57:22,614 [INFO] Analyzing countries...
2025-04-26 22:57:22,614 [INFO] Analyzing source country distribution
2025-04-26 22:57:22,614 [INFO] Analyzed top 15 countries
2025-04-26 22:57:22,615 [INFO] Analyzing source diversity...
2025-04-26 22:57:22,615 [INFO] Analyzing source diversity
2025-04-26 22:57:22,619 [INFO] Calculated diversity metrics: {'total_articles': 6816, 'unique_domains': 1210, 'unique_countries': 99, 'unique_languages': 2, 'domain_concentration': np.float64(0.005669783814388679), 'country_concentration': np.float64(0.1345529160880778), 'language_concentration': np.float64(0.5018984948422933), 'domain_diversity': np.float64(0.9943302161856113), 'country_diversity': np.float64(0.8654470839119222), 'language_diversity': np.float64(0.4981015051577067)}
2025-04-26 22:57:22,619 [INFO] Extracting keywords...
2025-04-26 22:57:22,619 [INFO] Extracting keywords from article titles
2025-04-26 22:57:23,947 [INFO] Extracted 100 keywords
2025-04-26 22:57:23,948 [INFO] Building topic model...
2025-04-26 22:57:23,948 [INFO] Building topic model with 10 topics
2025-04-26 22:57:30,231 [INFO] Built topic model with 10 topics and 1000 features
2025-04-26 22:57:30,231 [INFO] Extracting top 10 words for each topic
2025-04-26 22:57:30,232 [INFO] Extracted top words for 10 topics
2025-04-26 22:57:30,232 [INFO] Assigning topics to articles with threshold 0.3
2025-04-26 22:57:30,886 [INFO] Assigned topics to 6816 articles
2025-04-26 22:57:30,886 [INFO] Creating visualizations...
2025-04-26 22:57:30,886 [INFO] Creating all visualizations
2025-04-26 22:57:30,887 [INFO] Visualization style set up
2025-04-26 22:57:30,888 [INFO] Creating theme distribution plot for top 20 themes
2025-04-26 22:57:31,231 [INFO] Saved theme distribution plot to analysis_gdelt_timelines/theme_distribution.png
2025-04-26 22:57:31,231 [INFO] Creating time pattern plots
2025-04-26 22:57:31,924 [INFO] Saved time pattern plots to analysis_gdelt_timelines
2025-04-26 22:57:31,924 [INFO] Creating source distribution plots
2025-04-26 22:57:32,830 [INFO] Saved source distribution plots to analysis_gdelt_timelines
2025-04-26 22:57:32,830 [INFO] Creating theme correlation heatmap
2025-04-26 22:57:33,448 [INFO] Saved theme correlation heatmap to analysis_gdelt_timelines/theme_correlation.png
2025-04-26 22:57:33,448 [INFO] Creating topic word clouds
2025-04-26 22:57:33,449 [WARNING] wordcloud package not available. Skipping word cloud generation.
2025-04-26 22:57:33,449 [INFO] Creating time series plot
2025-04-26 22:57:33,694 [INFO] Saved time series plot to analysis_gdelt_timelines/time_series.png
2025-04-26 22:57:33,694 [INFO] Created all visualizations in analysis_gdelt_timelines
2025-04-26 22:57:33,694 [INFO] Generating report...
2025-04-26 22:57:33,694 [INFO] Generating report
2025-04-26 22:57:33,697 [INFO] Generated report at analysis_gdelt_timelines/report.md
2025-04-26 22:57:33,697 [INFO] Generating JSON summary...
2025-04-26 22:57:33,697 [INFO] Generating JSON summary
2025-04-26 22:57:33,698 [INFO] Generated JSON summary at analysis_gdelt_timelines/analysis_summary.json
2025-04-26 22:57:33,699 [INFO] Generating CSV exports...
2025-04-26 22:57:33,699 [INFO] Generating CSV exports
2025-04-26 22:57:33,700 [INFO] Exported theme counts to analysis_gdelt_timelines/exports/theme_counts.csv
2025-04-26 22:57:33,701 [INFO] Exported date counts to analysis_gdelt_timelines/exports/date_counts.csv
2025-04-26 22:57:33,751 [INFO] Exported topic assignments to analysis_gdelt_timelines/exports/topic_assignments.csv
2025-04-26 22:57:33,752 [INFO] Generated all CSV exports in analysis_gdelt_timelines/exports
2025-04-26 22:57:33,752 [INFO] Extracting entities...
2025-04-26 22:57:33,752 [INFO] Extracting entities from DataFrame
2025-04-26 22:57:43,432 [INFO] Extracted 9117 entities from 6816 articles
2025-04-26 22:57:43,434 [INFO] Calculating entity statistics
2025-04-26 22:57:43,445 [INFO] Calculated statistics for 4853 entities
2025-04-26 22:57:43,492 [INFO] Saved 9117 entity mentions to analysis_gdelt_timelines/entities.csv
2025-04-26 22:57:43,502 [INFO] Saved statistics for 4853 entities to analysis_gdelt_timelines/entity_stats.csv
2025-04-26 22:57:43,502 [INFO] Calculating trust scores for entities...
2025-04-26 22:57:43,503 [INFO] Calculating trust scores for entities
2025-04-26 22:57:43,509 [INFO] Calculated trust scores for 4853 entities
2025-04-26 22:57:43,529 [INFO] Saved trust scores for 4853 entities to analysis_gdelt_timelines/entity_trust.csv
2025-04-26 22:57:43,529 [INFO] Calculating trust scores for articles...
2025-04-26 22:57:43,529 [INFO] Calculating trust scores for articles
2025-04-26 22:57:43,543 [INFO] Calculated trust scores for 6816 articles
2025-04-26 22:57:43,595 [INFO] Saved trust scores for 6816 articles to analysis_gdelt_timelines/article_trust.csv
2025-04-26 22:57:43,595 [INFO] Storing data in database...
2025-04-26 22:57:43,596 [INFO] Connected to database: analysis_gdelt_timelines/gdelt_news.db
2025-04-26 22:57:43,603 [INFO] Created database tables
2025-04-26 22:57:44,007 [ERROR] Error storing articles: Error binding parameter 3: type 'Timestamp' is not supported
2025-04-26 22:57:44,009 [INFO] Stored 0 articles in database
2025-04-26 22:57:44,496 [INFO] Stored 4853 entities in the database
2025-04-26 22:57:44,497 [INFO] Stored 4853 entities in database
2025-04-26 22:57:44,499 [INFO] Generated database summary
2025-04-26 22:57:44,500 [INFO] Saved database summary to analysis_gdelt_timelines/db_summary.json
2025-04-26 22:57:44,500 [INFO] Generating entity timelines...
2025-04-26 22:57:44,501 [INFO] Generating timeline for entity: Trump
2025-04-26 22:57:44,501 [INFO] Generating timeline for entity: Trump
2025-04-26 22:57:44,503 [WARNING] No articles found for entity 'Trump'
2025-04-26 22:57:44,503 [INFO] Generating timeline for entity: US
2025-04-26 22:57:44,503 [INFO] Generating timeline for entity: US
2025-04-26 22:57:44,504 [WARNING] No articles found for entity 'US'
2025-04-26 22:57:44,504 [INFO] Generating timeline for entity: India
2025-04-26 22:57:44,504 [INFO] Generating timeline for entity: India
2025-04-26 22:57:44,506 [WARNING] No articles found for entity 'India'
2025-04-26 22:57:44,506 [INFO] Generating timeline for entity: FBI
2025-04-26 22:57:44,506 [INFO] Generating timeline for entity: FBI
2025-04-26 22:57:44,507 [WARNING] No articles found for entity 'FBI'
2025-04-26 22:57:44,507 [INFO] Generating timeline for entity: China
2025-04-26 22:57:44,507 [INFO] Generating timeline for entity: China
2025-04-26 22:57:44,508 [WARNING] No articles found for entity 'China'
2025-04-26 22:57:44,508 [INFO] Generating timeline for entity: Pakistan
2025-04-26 22:57:44,508 [INFO] Generating timeline for entity: Pakistan
2025-04-26 22:57:44,510 [WARNING] No articles found for entity 'Pakistan'
2025-04-26 22:57:44,510 [INFO] Generating timeline for entity: Myanmar
2025-04-26 22:57:44,510 [INFO] Generating timeline for entity: Myanmar
2025-04-26 22:57:44,511 [WARNING] No articles found for entity 'Myanmar'
2025-04-26 22:57:44,511 [INFO] Generating timeline for entity: Canada
2025-04-26 22:57:44,511 [INFO] Generating timeline for entity: Canada
2025-04-26 22:57:44,512 [WARNING] No articles found for entity 'Canada'
2025-04-26 22:57:44,512 [INFO] Generating timeline for entity: Top Chef
2025-04-26 22:57:44,513 [INFO] Generating timeline for entity: Top Chef
2025-04-26 22:57:44,514 [WARNING] No articles found for entity 'Top Chef'
2025-04-26 22:57:44,514 [INFO] Generating timeline for entity: Donald Trump
2025-04-26 22:57:44,514 [INFO] Generating timeline for entity: Donald Trump
2025-04-26 22:57:44,515 [WARNING] No articles found for entity 'Donald Trump'
2025-04-26 22:57:44,515 [INFO] Generating comparison timeline for top entities
2025-04-26 22:57:44,515 [INFO] Generating comparison timeline for entities: Trump, US, India, FBI, China
2025-04-26 22:57:44,517 [WARNING] No articles found for entity 'Trump'
2025-04-26 22:57:44,518 [WARNING] No articles found for entity 'US'
2025-04-26 22:57:44,519 [WARNING] No articles found for entity 'India'
2025-04-26 22:57:44,520 [WARNING] No articles found for entity 'FBI'
2025-04-26 22:57:44,521 [WARNING] No articles found for entity 'China'
2025-04-26 22:57:44,521 [WARNING] No articles found for any of the entities
2025-04-26 22:57:44,522 [INFO] Generated timelines for 0 entities
2025-04-26 22:57:44,522 [INFO] Generated timeline summary at analysis_gdelt_timelines/timelines/timeline_summary.md
2025-04-26 22:57:44,522 [INFO] Closed database connection
2025-04-26 22:57:44,522 [INFO] Analysis complete! Results saved to analysis_gdelt_timelines
