2025-04-26 22:29:08,582 [INFO] Loading themes from gdelt_useful_themes.jsonl...
2025-04-26 22:29:08,583 [INFO] Loaded 20 themes
2025-04-26 22:29:08,588 [INFO] Fetching articles for keyword 'tax fncact'
2025-04-26 22:29:08,588 [INFO]   - Language: English
2025-04-26 22:29:10,825 [INFO]   - Language: French
2025-04-26 22:29:14,918 [INFO] Fetching articles for keyword 'tax ethnicity'
2025-04-26 22:29:14,918 [INFO]   - Language: English
2025-04-26 22:29:16,760 [INFO]   - Language: French
2025-04-26 22:29:20,682 [INFO] Fetching articles for keyword 'epu policy'
2025-04-26 22:29:20,682 [INFO]   - Language: English
2025-04-26 22:29:22,668 [INFO]   - Language: French
2025-04-26 22:29:27,581 [INFO] Fetching articles for keyword 'crisislex crisislexrec'
2025-04-26 22:29:27,581 [INFO]   - Language: English
2025-04-26 22:29:30,405 [INFO]   - Language: French
2025-04-26 22:29:34,442 [INFO] Fetching articles for keyword 'leader'
2025-04-26 22:29:34,443 [INFO]   - Language: English
2025-04-26 22:29:35,256 [INFO]     - Found 100 English articles
2025-04-26 22:29:36,628 [INFO]   - Language: French
2025-04-26 22:29:39,321 [INFO]     - Found 100 French articles
2025-04-26 22:29:40,581 [INFO]   - After deduplication: 200 articles (removed 0 duplicates)
2025-04-26 22:29:41,987 [INFO] Fetching articles for keyword 'ungp forests rivers oceans'
2025-04-26 22:29:41,988 [INFO]   - Language: English
2025-04-26 22:29:44,651 [INFO]   - Language: French
2025-04-26 22:29:48,121 [INFO] Fetching articles for keyword 'general government'
2025-04-26 22:29:48,121 [INFO]   - Language: English
2025-04-26 22:29:49,388 [INFO]     - Found 100 English articles
2025-04-26 22:29:51,388 [INFO]   - Language: French
2025-04-26 22:29:52,939 [INFO]     - Found 73 French articles
2025-04-26 22:29:54,825 [INFO]   - After deduplication: 173 articles (removed 0 duplicates)
2025-04-26 22:29:55,977 [INFO] Fetching articles for keyword 'general health'
2025-04-26 22:29:55,977 [INFO]   - Language: English
2025-04-26 22:29:56,834 [INFO]     - Found 100 English articles
2025-04-26 22:29:58,439 [INFO]   - Language: French
2025-04-26 22:29:59,145 [INFO]     - Found 31 French articles
2025-04-26 22:30:00,595 [INFO]   - After deduplication: 131 articles (removed 0 duplicates)
2025-04-26 22:30:01,678 [INFO] Fetching articles for keyword 'medical'
2025-04-26 22:30:01,679 [INFO]   - Language: English
2025-04-26 22:30:03,203 [INFO]     - Found 100 English articles
2025-04-26 22:30:04,754 [INFO]   - Language: French
2025-04-26 22:30:07,008 [INFO]     - Found 100 French articles
2025-04-26 22:30:08,680 [INFO]   - After deduplication: 200 articles (removed 0 duplicates)
2025-04-26 22:30:10,030 [INFO] Fetching articles for keyword 'education'
2025-04-26 22:30:10,030 [INFO]   - Language: English
2025-04-26 22:30:10,987 [INFO]     - Found 100 English articles
2025-04-26 22:30:12,435 [INFO]   - Language: French
2025-04-26 22:30:14,608 [INFO]     - Found 100 French articles
2025-04-26 22:30:15,702 [INFO]   - After deduplication: 200 articles (removed 0 duplicates)
2025-04-26 22:30:16,898 [INFO] Fetching articles for keyword 'media msm'
2025-04-26 22:30:16,899 [INFO]   - Language: English
2025-04-26 22:30:17,602 [INFO]     - Found 4 English articles
2025-04-26 22:30:19,255 [INFO]   - Language: French
2025-04-26 22:30:21,973 [INFO]   - After deduplication: 4 articles (removed 0 duplicates)
2025-04-26 22:30:23,757 [INFO] Fetching articles for keyword 'epu economy historic'
2025-04-26 22:30:23,757 [INFO]   - Language: English
2025-04-26 22:30:26,629 [INFO]   - Language: French
2025-04-26 22:30:32,482 [INFO] Fetching articles for keyword 'manmade disaster implied'
2025-04-26 22:30:32,482 [INFO]   - Language: English
2025-04-26 22:30:35,462 [INFO]   - Language: French
2025-04-26 22:30:39,067 [INFO] Fetching articles for keyword 'kill'
2025-04-26 22:30:39,067 [INFO]   - Language: English
2025-04-26 22:30:39,260 [ERROR] Error fetching articles for theme KILL, language English, attempt 1: The query was not valid. The API error message was: The specified phrase is too short.
2025-04-26 22:30:39,260 [INFO]     - Retrying in 2 seconds...
2025-04-26 22:30:41,456 [ERROR] Error fetching articles for theme KILL, language English, attempt 2: The query was not valid. The API error message was: The specified phrase is too short.
2025-04-26 22:30:41,456 [INFO]     - Retrying in 4 seconds...
2025-04-26 22:30:45,746 [ERROR] Error fetching articles for theme KILL, language English, attempt 3: The query was not valid. The API error message was: The specified phrase is too short.
2025-04-26 22:30:45,746 [ERROR]     - Failed after 3 attempts
2025-04-26 22:30:47,569 [INFO]   - Language: French
2025-04-26 22:30:47,756 [ERROR] Error fetching articles for theme KILL, language French, attempt 1: The query was not valid. The API error message was: The specified phrase is too short.
2025-04-26 22:30:47,756 [INFO]     - Retrying in 2 seconds...
2025-04-26 22:30:49,961 [ERROR] Error fetching articles for theme KILL, language French, attempt 2: The query was not valid. The API error message was: The specified phrase is too short.
2025-04-26 22:30:49,961 [INFO]     - Retrying in 4 seconds...
2025-04-26 22:30:54,152 [ERROR] Error fetching articles for theme KILL, language French, attempt 3: The query was not valid. The API error message was: The specified phrase is too short.
2025-04-26 22:30:54,152 [ERROR]     - Failed after 3 attempts
2025-04-26 22:30:57,196 [INFO] Fetching articles for keyword 'tax disease'
2025-04-26 22:30:57,196 [INFO]   - Language: English
2025-04-26 22:30:59,926 [INFO]   - Language: French
2025-04-26 22:31:03,305 [INFO] Fetching articles for keyword 'security services'
2025-04-26 22:31:03,305 [INFO]   - Language: English
2025-04-26 22:31:04,090 [INFO]     - Found 100 English articles
2025-04-26 22:31:05,349 [INFO]   - Language: French
2025-04-26 22:31:06,571 [INFO]     - Found 100 French articles
2025-04-26 22:31:08,466 [INFO]   - After deduplication: 200 articles (removed 0 duplicates)
2025-04-26 22:31:10,163 [INFO] Fetching articles for keyword 'tax econ price'
2025-04-26 22:31:10,163 [INFO]   - Language: English
2025-04-26 22:31:12,805 [INFO]   - Language: French
2025-04-26 22:31:17,714 [INFO] Fetching articles for keyword 'crisislex c03 wellbeing health'
2025-04-26 22:31:17,714 [INFO]   - Language: English
2025-04-26 22:31:19,767 [INFO]   - Language: French
2025-04-26 22:31:24,634 [INFO] Fetching articles for keyword 'armedconflict'
2025-04-26 22:31:24,635 [INFO]   - Language: English
2025-04-26 22:31:26,906 [INFO]   - Language: French
2025-04-26 22:31:30,951 [INFO] Fetching articles for keyword 'affect'
2025-04-26 22:31:30,952 [INFO]   - Language: English
2025-04-26 22:31:33,057 [INFO]     - Found 100 English articles
2025-04-26 22:31:34,510 [INFO]   - Language: French
2025-04-26 22:31:36,324 [INFO]     - Found 100 French articles
2025-04-26 22:31:38,131 [INFO]   - After deduplication: 200 articles (removed 0 duplicates)
2025-04-26 22:31:39,399 [INFO] Removed 2 duplicate articles across themes
2025-04-26 22:31:39,400 [INFO] 
Language statistics:
2025-04-26 22:31:39,401 [INFO]   - English: 703 articles
2025-04-26 22:31:39,401 [INFO]   - French: 603 articles
2025-04-26 22:31:39,401 [INFO] 
Fetched 1306 unique articles across 8 themes
2025-04-26 22:31:39,426 [INFO] Saved all articles to dataset_gdelt_large/all_articles.csv
2025-04-26 22:31:39,427 [INFO] Saved theme information to dataset_gdelt_large/themes.json
2025-04-26 22:31:39,462 [INFO] Saved articles by theme to dataset_gdelt_large/themes
2025-04-26 22:31:39,489 [INFO] Saved articles by language to dataset_gdelt_large/languages
2025-04-26 22:31:39,491 [INFO] Saved summary to dataset_gdelt_large/summary.json
2025-04-26 22:31:39,491 [INFO] Dataset creation complete!
