2025-04-26 23:28:07,009 [INFO] Starting analysis of GDELT dataset in dataset_gdelt_large2
2025-04-26 23:28:07,009 [INFO] Loading dataset...
2025-04-26 23:28:07,010 [INFO] Loading dataset from dataset_gdelt_large2
2025-04-26 23:28:07,059 [INFO] Loaded 6816 articles from dataset_gdelt_large2/all_articles.csv
2025-04-26 23:28:07,060 [INFO] Loaded 40 themes from dataset_gdelt_large2/themes.json
2025-04-26 23:28:07,060 [INFO] Loaded summary from dataset_gdelt_large2/summary.json
2025-04-26 23:28:07,061 [INFO] Preprocessing articles...
2025-04-26 23:28:07,061 [INFO] Preprocessing articles
2025-04-26 23:28:07,106 [INFO] Preprocessing complete
2025-04-26 23:28:07,107 [INFO] Analyzing theme distribution...
2025-04-26 23:28:07,108 [INFO] Analyzing theme distribution
2025-04-26 23:28:07,110 [INFO] Found 20 themes
2025-04-26 23:28:07,111 [INFO] Analyzing theme correlations...
2025-04-26 23:28:07,111 [INFO] Analyzing correlations between top 15 themes
2025-04-26 23:28:07,129 [INFO] Generated 15 x 15 correlation matrix
2025-04-26 23:28:07,130 [INFO] Analyzing theme trends over time...
2025-04-26 23:28:07,130 [INFO] Analyzing theme trends over time
2025-04-26 23:28:07,138 [INFO] Generated theme trends for 20 themes over 31 dates
2025-04-26 23:28:07,139 [INFO] Analyzing time patterns...
2025-04-26 23:28:07,139 [INFO] Analyzing time patterns
2025-04-26 23:28:07,141 [INFO] Analyzed articles by date (31 dates)
2025-04-26 23:28:07,142 [INFO] Analyzed articles by hour (24 hours)
2025-04-26 23:28:07,144 [INFO] Analyzed articles by day of week (7 days)
2025-04-26 23:28:07,145 [INFO] Analyzing time series...
2025-04-26 23:28:07,145 [INFO] Analyzing time series with frequency 'D'
2025-04-26 23:28:07,159 [INFO] Generated time series with 31 data points
2025-04-26 23:28:07,160 [INFO] Analyzing publication delay...
2025-04-26 23:28:07,161 [INFO] Analyzing publication delay
2025-04-26 23:28:07,187 [INFO] Analyzed publication delay for 20 themes
2025-04-26 23:28:07,187 [INFO] Analyzing domains...
2025-04-26 23:28:07,188 [INFO] Analyzing domain distribution
2025-04-26 23:28:07,189 [INFO] Analyzed top 20 domains
2025-04-26 23:28:07,191 [INFO] Analyzed top 10 TLDs
2025-04-26 23:28:07,191 [INFO] Analyzing languages...
2025-04-26 23:28:07,192 [INFO] Analyzing language distribution
2025-04-26 23:28:07,193 [INFO] Analyzed top 2 languages
2025-04-26 23:28:07,193 [INFO] Analyzing countries...
2025-04-26 23:28:07,194 [INFO] Analyzing source country distribution
2025-04-26 23:28:07,195 [INFO] Analyzed top 15 countries
2025-04-26 23:28:07,195 [INFO] Analyzing source diversity...
2025-04-26 23:28:07,195 [INFO] Analyzing source diversity
2025-04-26 23:28:07,200 [INFO] Calculated diversity metrics: {'total_articles': 6816, 'unique_domains': 1210, 'unique_countries': 99, 'unique_languages': 2, 'domain_concentration': np.float64(0.005669783814388679), 'country_concentration': np.float64(0.1345529160880778), 'language_concentration': np.float64(0.5018984948422933), 'domain_diversity': np.float64(0.9943302161856113), 'country_diversity': np.float64(0.8654470839119222), 'language_diversity': np.float64(0.4981015051577067)}
2025-04-26 23:28:07,201 [INFO] Extracting keywords...
2025-04-26 23:28:07,201 [INFO] Extracting keywords from article titles
2025-04-26 23:28:08,922 [INFO] Extracted 100 keywords
2025-04-26 23:28:08,924 [INFO] Building topic model...
2025-04-26 23:28:08,924 [INFO] Building topic model with 10 topics
2025-04-26 23:28:15,882 [INFO] Built topic model with 10 topics and 1000 features
2025-04-26 23:28:15,882 [INFO] Extracting top 10 words for each topic
2025-04-26 23:28:15,883 [INFO] Extracted top words for 10 topics
2025-04-26 23:28:15,883 [INFO] Assigning topics to articles with threshold 0.3
2025-04-26 23:28:16,555 [INFO] Assigned topics to 6816 articles
2025-04-26 23:28:16,555 [INFO] Creating visualizations...
2025-04-26 23:28:16,555 [INFO] Creating all visualizations
2025-04-26 23:28:16,556 [INFO] Visualization style set up
2025-04-26 23:28:16,556 [INFO] Creating theme distribution plot for top 20 themes
2025-04-26 23:28:16,905 [INFO] Saved theme distribution plot to analysis_gdelt_advanced8/theme_distribution.png
2025-04-26 23:28:16,905 [INFO] Creating time pattern plots
2025-04-26 23:28:17,614 [INFO] Saved time pattern plots to analysis_gdelt_advanced8
2025-04-26 23:28:17,614 [INFO] Creating source distribution plots
2025-04-26 23:28:18,553 [INFO] Saved source distribution plots to analysis_gdelt_advanced8
2025-04-26 23:28:18,553 [INFO] Creating theme correlation heatmap
2025-04-26 23:28:19,182 [INFO] Saved theme correlation heatmap to analysis_gdelt_advanced8/theme_correlation.png
2025-04-26 23:28:19,182 [INFO] Creating topic word clouds
2025-04-26 23:28:19,182 [WARNING] wordcloud package not available. Skipping word cloud generation.
2025-04-26 23:28:19,182 [INFO] Creating time series plot
2025-04-26 23:28:19,431 [INFO] Saved time series plot to analysis_gdelt_advanced8/time_series.png
2025-04-26 23:28:19,431 [INFO] Created all visualizations in analysis_gdelt_advanced8
2025-04-26 23:28:19,431 [INFO] Generating report...
2025-04-26 23:28:19,431 [INFO] Generating report
2025-04-26 23:28:19,434 [INFO] Generated report at analysis_gdelt_advanced8/report.md
2025-04-26 23:28:19,434 [INFO] Generating JSON summary...
2025-04-26 23:28:19,434 [INFO] Generating JSON summary
2025-04-26 23:28:19,435 [INFO] Generated JSON summary at analysis_gdelt_advanced8/analysis_summary.json
2025-04-26 23:28:19,435 [INFO] Generating CSV exports...
2025-04-26 23:28:19,435 [INFO] Generating CSV exports
2025-04-26 23:28:19,437 [INFO] Exported theme counts to analysis_gdelt_advanced8/exports/theme_counts.csv
2025-04-26 23:28:19,438 [INFO] Exported date counts to analysis_gdelt_advanced8/exports/date_counts.csv
2025-04-26 23:28:19,488 [INFO] Exported topic assignments to analysis_gdelt_advanced8/exports/topic_assignments.csv
2025-04-26 23:28:19,488 [INFO] Generated all CSV exports in analysis_gdelt_advanced8/exports
2025-04-26 23:28:19,488 [INFO] Extracting entities...
2025-04-26 23:28:19,488 [INFO] Extracting entities from DataFrame
2025-04-26 23:28:29,534 [INFO] Extracted 9117 entities from 6816 articles
2025-04-26 23:28:29,536 [INFO] Calculating entity statistics
2025-04-26 23:28:29,548 [INFO] Calculated statistics for 4853 entities
2025-04-26 23:28:29,596 [INFO] Saved 9117 entity mentions to analysis_gdelt_advanced8/entities.csv
2025-04-26 23:28:29,607 [INFO] Saved statistics for 4853 entities to analysis_gdelt_advanced8/entity_stats.csv
2025-04-26 23:28:29,607 [INFO] Calculating trust scores for entities...
2025-04-26 23:28:29,607 [INFO] Calculating trust scores for entities
2025-04-26 23:28:29,613 [INFO] Calculated trust scores for 4853 entities
2025-04-26 23:28:29,631 [INFO] Saved trust scores for 4853 entities to analysis_gdelt_advanced8/entity_trust.csv
2025-04-26 23:28:29,631 [INFO] Calculating trust scores for articles...
2025-04-26 23:28:29,632 [INFO] Calculating trust scores for articles
2025-04-26 23:28:29,645 [INFO] Calculated trust scores for 6816 articles
2025-04-26 23:28:29,698 [INFO] Saved trust scores for 6816 articles to analysis_gdelt_advanced8/article_trust.csv
2025-04-26 23:28:29,698 [INFO] Storing data in database...
2025-04-26 23:28:29,698 [INFO] Connected to database: analysis_gdelt_advanced8/gdelt_news.db
2025-04-26 23:28:29,709 [INFO] Created database tables
2025-04-26 23:28:30,210 [INFO] Updated statistics for 1210 sources
2025-04-26 23:28:30,215 [INFO] Updated statistics for 20 themes
2025-04-26 23:28:30,222 [INFO] Stored 20 articles in the database
2025-04-26 23:28:30,225 [INFO] Stored 20 articles in database
2025-04-26 23:28:30,830 [INFO] Stored 4853 entities in the database
2025-04-26 23:28:30,833 [INFO] Stored 4853 entities in database
2025-04-26 23:28:30,841 [INFO] Generated database summary
2025-04-26 23:28:30,842 [INFO] Saved database summary to analysis_gdelt_advanced8/db_summary.json
2025-04-26 23:28:30,842 [INFO] Generating entity timelines...
2025-04-26 23:28:30,842 [INFO] Generating timeline for entity: United States
2025-04-26 23:28:30,842 [INFO] Generating timeline for entity: United States
2025-04-26 23:28:30,844 [INFO] Found 3 articles mentioning 'United States'
2025-04-26 23:28:30,998 [INFO] Created timeline visualization for 'United States' at analysis_gdelt_advanced8/timelines/United_States_timeline.png
2025-04-26 23:28:30,999 [INFO] Generated timeline for 'United States' saved to analysis_gdelt_advanced8/timelines
2025-04-26 23:28:30,999 [INFO] Generated timeline report for 'United States' saved to analysis_gdelt_advanced8/timelines/United_States_report.md
2025-04-26 23:28:30,999 [INFO] Generating event timeline for entity: United States
2025-04-26 23:28:31,001 [INFO] Found 3 articles mentioning 'United States'
2025-04-26 23:28:31,003 [WARNING] No significant events found for entity 'United States'
2025-04-26 23:28:31,004 [INFO] Generating timeline for entity: Russia
2025-04-26 23:28:31,004 [INFO] Generating timeline for entity: Russia
2025-04-26 23:28:31,006 [INFO] Found 17 articles mentioning 'Russia'
2025-04-26 23:28:31,204 [INFO] Created timeline visualization for 'Russia' at analysis_gdelt_advanced8/timelines/Russia_timeline.png
2025-04-26 23:28:31,205 [INFO] Generated timeline for 'Russia' saved to analysis_gdelt_advanced8/timelines
2025-04-26 23:28:31,205 [INFO] Generated timeline report for 'Russia' saved to analysis_gdelt_advanced8/timelines/Russia_report.md
2025-04-26 23:28:31,205 [INFO] Generating event timeline for entity: Russia
2025-04-26 23:28:31,207 [INFO] Found 17 articles mentioning 'Russia'
2025-04-26 23:28:31,213 [INFO] Identified 1 significant events for 'Russia'
2025-04-26 23:28:31,415 [INFO] Created event visualization for 'Russia' at analysis_gdelt_advanced8/timelines/Russia_events.png
2025-04-26 23:28:31,416 [INFO] Generated event timeline for 'Russia' saved to analysis_gdelt_advanced8/timelines/Russia_events.json
2025-04-26 23:28:31,416 [INFO] Generated event timeline report for 'Russia' saved to analysis_gdelt_advanced8/timelines/Russia_events_report.md
2025-04-26 23:28:31,416 [INFO] Generating timeline for entity: Ukraine
2025-04-26 23:28:31,416 [INFO] Generating timeline for entity: Ukraine
2025-04-26 23:28:31,418 [INFO] Found 8 articles mentioning 'Ukraine'
2025-04-26 23:28:31,605 [INFO] Created timeline visualization for 'Ukraine' at analysis_gdelt_advanced8/timelines/Ukraine_timeline.png
2025-04-26 23:28:31,605 [INFO] Generated timeline for 'Ukraine' saved to analysis_gdelt_advanced8/timelines
2025-04-26 23:28:31,605 [INFO] Generated timeline report for 'Ukraine' saved to analysis_gdelt_advanced8/timelines/Ukraine_report.md
2025-04-26 23:28:31,605 [INFO] Generating event timeline for entity: Ukraine
2025-04-26 23:28:31,607 [INFO] Found 8 articles mentioning 'Ukraine'
2025-04-26 23:28:31,614 [INFO] Identified 2 significant events for 'Ukraine'
2025-04-26 23:28:31,812 [INFO] Created event visualization for 'Ukraine' at analysis_gdelt_advanced8/timelines/Ukraine_events.png
2025-04-26 23:28:31,813 [INFO] Generated event timeline for 'Ukraine' saved to analysis_gdelt_advanced8/timelines/Ukraine_events.json
2025-04-26 23:28:31,813 [INFO] Generated event timeline report for 'Ukraine' saved to analysis_gdelt_advanced8/timelines/Ukraine_events_report.md
2025-04-26 23:28:31,813 [INFO] Generating timeline for entity: China
2025-04-26 23:28:31,813 [INFO] Generating timeline for entity: China
2025-04-26 23:28:31,815 [INFO] Found 54 articles mentioning 'China'
2025-04-26 23:28:32,121 [INFO] Created timeline visualization for 'China' at analysis_gdelt_advanced8/timelines/China_timeline.png
2025-04-26 23:28:32,122 [INFO] Generated timeline for 'China' saved to analysis_gdelt_advanced8/timelines
2025-04-26 23:28:32,122 [INFO] Generated timeline report for 'China' saved to analysis_gdelt_advanced8/timelines/China_report.md
2025-04-26 23:28:32,122 [INFO] Generating event timeline for entity: China
2025-04-26 23:28:32,125 [INFO] Found 54 articles mentioning 'China'
2025-04-26 23:28:32,142 [INFO] Identified 7 significant events for 'China'
2025-04-26 23:28:32,366 [INFO] Created event visualization for 'China' at analysis_gdelt_advanced8/timelines/China_events.png
2025-04-26 23:28:32,367 [INFO] Generated event timeline for 'China' saved to analysis_gdelt_advanced8/timelines/China_events.json
2025-04-26 23:28:32,368 [INFO] Generated event timeline report for 'China' saved to analysis_gdelt_advanced8/timelines/China_events_report.md
2025-04-26 23:28:32,368 [INFO] Generating comparison timeline for top entities
2025-04-26 23:28:32,368 [INFO] Generating comparison timeline for entities: United States, Russia, Ukraine, China
2025-04-26 23:28:32,373 [INFO] Found 3 articles mentioning 'United States'
2025-04-26 23:28:32,378 [INFO] Found 17 articles mentioning 'Russia'
2025-04-26 23:28:32,383 [INFO] Found 8 articles mentioning 'Ukraine'
2025-04-26 23:28:32,388 [INFO] Found 54 articles mentioning 'China'
2025-04-26 23:28:32,618 [INFO] Created comparison visualization for ['United States', 'Russia', 'Ukraine', 'China'] at analysis_gdelt_advanced8/timelines/entity_comparison_United_States_Russia_Ukraine_China.png
2025-04-26 23:28:32,629 [INFO] Generated comparison timeline saved to analysis_gdelt_advanced8/timelines/entity_comparison_United_States_Russia_Ukraine_China.json
2025-04-26 23:28:32,629 [INFO] Generated timelines for 5 entities
2025-04-26 23:28:32,629 [INFO] Generated timeline summary at analysis_gdelt_advanced8/timelines/timeline_summary.md
2025-04-26 23:28:32,629 [INFO] Generating sentiment analysis by event...
2025-04-26 23:28:33,025 [INFO] Loaded sentiment analysis model: tabularisai/multilingual-sentiment-analysis
2025-04-26 23:28:33,026 [INFO] Analyzing sentiment for entity 'Russia' over time
2025-04-26 23:28:33,028 [INFO] Found 7 articles for entity 'Russia'
2025-04-26 23:28:35,088 [INFO] Created sentiment timeline visualization for 'Russia' at analysis_gdelt_advanced8/timelines/Russia_sentiment_timeline.png
2025-04-26 23:28:35,089 [INFO] Saved sentiment timeline results to analysis_gdelt_advanced8/timelines/Russia_sentiment_timeline.json
2025-04-26 23:28:35,296 [INFO] Created sentiment timeline visualization for 'Russia' at analysis_gdelt_advanced8/timelines/Russia_sentiment_timeline.png
2025-04-26 23:28:35,297 [INFO] Generated event sentiment report for 'Russia' saved to analysis_gdelt_advanced8/timelines/Russia_event_sentiment_report.md
2025-04-26 23:28:35,297 [INFO] Analyzing sentiment for entity 'Ukraine' over time
2025-04-26 23:28:35,299 [INFO] Found 3 articles for entity 'Ukraine'
2025-04-26 23:28:36,065 [INFO] Created sentiment timeline visualization for 'Ukraine' at analysis_gdelt_advanced8/timelines/Ukraine_sentiment_timeline.png
2025-04-26 23:28:36,066 [INFO] Saved sentiment timeline results to analysis_gdelt_advanced8/timelines/Ukraine_sentiment_timeline.json
2025-04-26 23:28:36,285 [INFO] Created sentiment timeline visualization for 'Ukraine' at analysis_gdelt_advanced8/timelines/Ukraine_sentiment_timeline.png
2025-04-26 23:28:36,285 [INFO] Generated event sentiment report for 'Ukraine' saved to analysis_gdelt_advanced8/timelines/Ukraine_event_sentiment_report.md
2025-04-26 23:28:36,286 [INFO] Analyzing sentiment for entity 'China' over time
2025-04-26 23:28:36,288 [INFO] Found 14 articles for entity 'China'
2025-04-26 23:28:37,610 [INFO] Created sentiment timeline visualization for 'China' at analysis_gdelt_advanced8/timelines/China_sentiment_timeline.png
2025-04-26 23:28:37,611 [INFO] Saved sentiment timeline results to analysis_gdelt_advanced8/timelines/China_sentiment_timeline.json
2025-04-26 23:28:37,820 [INFO] Created sentiment timeline visualization for 'China' at analysis_gdelt_advanced8/timelines/China_sentiment_timeline.png
2025-04-26 23:28:37,821 [INFO] Generated event sentiment report for 'China' saved to analysis_gdelt_advanced8/timelines/China_event_sentiment_report.md
2025-04-26 23:28:38,054 [INFO] Created sentiment comparison visualization at analysis_gdelt_advanced8/timelines/entity_sentiment_comparison_Russia_Ukraine_China.png
2025-04-26 23:28:38,312 [INFO] Created sentiment heatmap at analysis_gdelt_advanced8/timelines/entity_sentiment_heatmap_Russia_Ukraine_China.png
2025-04-26 23:28:38,329 [INFO] Using categorical units to plot a list of strings that are all parsable as floats or dates. If these strings should be plotted as numbers, cast to the appropriate data type before plotting.
2025-04-26 23:28:38,335 [INFO] Using categorical units to plot a list of strings that are all parsable as floats or dates. If these strings should be plotted as numbers, cast to the appropriate data type before plotting.
2025-04-26 23:28:38,489 [INFO] Created sentiment distribution visualization at analysis_gdelt_advanced8/timelines/entity_sentiment_distribution_Russia_Ukraine_China.png
2025-04-26 23:28:38,490 [INFO] Generated sentiment comparison report saved to analysis_gdelt_advanced8/timelines/sentiment_comparison_report_Russia_Ukraine_China.md
2025-04-26 23:28:38,490 [INFO] Generating cross-entity event analysis...
2025-04-26 23:28:38,490 [INFO] Finding co-occurrences for entities: United States, Russia, Ukraine, China
2025-04-26 23:28:38,638 [INFO] Created network visualization at analysis_gdelt_advanced8/timelines/entity_network_United_States_Russia_Ukraine.png
2025-04-26 23:28:38,852 [INFO] Created matrix visualization at analysis_gdelt_advanced8/timelines/entity_matrix_United_States_Russia_Ukraine.png
2025-04-26 23:28:38,852 [INFO] Saved co-occurrence results to analysis_gdelt_advanced8/timelines/entity_co_occurrences_United_States_Russia_Ukraine.json
2025-04-26 23:28:38,852 [INFO] Identifying cross-entity events for: United States, Russia, Ukraine, China
2025-04-26 23:28:38,856 [INFO] Found 72 articles mentioning the specified entities
2025-04-26 23:28:38,881 [WARNING] No articles found mentioning at least 2 of the specified entities
2025-04-26 23:28:38,881 [INFO] Generating predictive event detection...
2025-04-26 23:28:38,881 [INFO] Predicting future mentions for entity: United States
2025-04-26 23:28:38,883 [INFO] Found 3 articles for entity 'United States'
2025-04-26 23:28:39,357 [INFO] Created prediction visualization for 'United States' at analysis_gdelt_advanced8/timelines/United_States_prediction.png
2025-04-26 23:28:39,359 [INFO] Saved prediction results to analysis_gdelt_advanced8/timelines/United_States_prediction.json
2025-04-26 23:28:39,359 [INFO] Generated prediction report for 'United States' saved to analysis_gdelt_advanced8/timelines/United_States_prediction_report.md
2025-04-26 23:28:39,359 [INFO] Predicting future events for entity: United States
2025-04-26 23:28:39,359 [INFO] Predicting future mentions for entity: United States
2025-04-26 23:28:39,361 [INFO] Found 3 articles for entity 'United States'
2025-04-26 23:28:39,743 [INFO] Created prediction visualization for 'United States' at analysis_gdelt_advanced8/timelines/United_States_prediction.png
2025-04-26 23:28:39,744 [INFO] Saved prediction results to analysis_gdelt_advanced8/timelines/United_States_prediction.json
2025-04-26 23:28:39,968 [INFO] Created event prediction visualization for 'United States' at analysis_gdelt_advanced8/timelines/United_States_event_prediction.png
2025-04-26 23:28:39,969 [INFO] Saved event prediction results to analysis_gdelt_advanced8/timelines/United_States_event_prediction.json
2025-04-26 23:28:39,969 [INFO] Generated event prediction report for 'United States' saved to analysis_gdelt_advanced8/timelines/United_States_event_prediction_report.md
2025-04-26 23:28:39,969 [INFO] Predicting future mentions for entity: Russia
2025-04-26 23:28:39,972 [INFO] Found 17 articles for entity 'Russia'
2025-04-26 23:28:40,368 [INFO] Created prediction visualization for 'Russia' at analysis_gdelt_advanced8/timelines/Russia_prediction.png
2025-04-26 23:28:40,369 [INFO] Saved prediction results to analysis_gdelt_advanced8/timelines/Russia_prediction.json
2025-04-26 23:28:40,370 [INFO] Generated prediction report for 'Russia' saved to analysis_gdelt_advanced8/timelines/Russia_prediction_report.md
2025-04-26 23:28:40,370 [INFO] Predicting future events for entity: Russia
2025-04-26 23:28:40,370 [INFO] Predicting future mentions for entity: Russia
2025-04-26 23:28:40,373 [INFO] Found 17 articles for entity 'Russia'
2025-04-26 23:28:40,726 [INFO] Created prediction visualization for 'Russia' at analysis_gdelt_advanced8/timelines/Russia_prediction.png
2025-04-26 23:28:40,727 [INFO] Saved prediction results to analysis_gdelt_advanced8/timelines/Russia_prediction.json
2025-04-26 23:28:40,960 [INFO] Created event prediction visualization for 'Russia' at analysis_gdelt_advanced8/timelines/Russia_event_prediction.png
2025-04-26 23:28:40,960 [INFO] Saved event prediction results to analysis_gdelt_advanced8/timelines/Russia_event_prediction.json
2025-04-26 23:28:40,960 [INFO] Generated event prediction report for 'Russia' saved to analysis_gdelt_advanced8/timelines/Russia_event_prediction_report.md
2025-04-26 23:28:40,961 [INFO] Predicting future mentions for entity: Ukraine
2025-04-26 23:28:40,963 [INFO] Found 8 articles for entity 'Ukraine'
2025-04-26 23:28:41,396 [INFO] Created prediction visualization for 'Ukraine' at analysis_gdelt_advanced8/timelines/Ukraine_prediction.png
2025-04-26 23:28:41,397 [INFO] Saved prediction results to analysis_gdelt_advanced8/timelines/Ukraine_prediction.json
2025-04-26 23:28:41,398 [INFO] Generated prediction report for 'Ukraine' saved to analysis_gdelt_advanced8/timelines/Ukraine_prediction_report.md
2025-04-26 23:28:41,398 [INFO] Predicting future events for entity: Ukraine
2025-04-26 23:28:41,398 [INFO] Predicting future mentions for entity: Ukraine
2025-04-26 23:28:41,400 [INFO] Found 8 articles for entity 'Ukraine'
2025-04-26 23:28:41,888 [INFO] Created prediction visualization for 'Ukraine' at analysis_gdelt_advanced8/timelines/Ukraine_prediction.png
2025-04-26 23:28:41,889 [INFO] Saved prediction results to analysis_gdelt_advanced8/timelines/Ukraine_prediction.json
2025-04-26 23:28:42,116 [INFO] Created event prediction visualization for 'Ukraine' at analysis_gdelt_advanced8/timelines/Ukraine_event_prediction.png
2025-04-26 23:28:42,116 [INFO] Saved event prediction results to analysis_gdelt_advanced8/timelines/Ukraine_event_prediction.json
2025-04-26 23:28:42,117 [INFO] Generated event prediction report for 'Ukraine' saved to analysis_gdelt_advanced8/timelines/Ukraine_event_prediction_report.md
2025-04-26 23:28:42,117 [INFO] Predicting future mentions for entity: China
2025-04-26 23:28:42,119 [INFO] Found 54 articles for entity 'China'
2025-04-26 23:28:42,564 [INFO] Created prediction visualization for 'China' at analysis_gdelt_advanced8/timelines/China_prediction.png
2025-04-26 23:28:42,565 [INFO] Saved prediction results to analysis_gdelt_advanced8/timelines/China_prediction.json
2025-04-26 23:28:42,566 [INFO] Generated prediction report for 'China' saved to analysis_gdelt_advanced8/timelines/China_prediction_report.md
2025-04-26 23:28:42,566 [INFO] Predicting future events for entity: China
2025-04-26 23:28:42,566 [INFO] Predicting future mentions for entity: China
2025-04-26 23:28:42,569 [INFO] Found 54 articles for entity 'China'
2025-04-26 23:28:43,089 [INFO] Created prediction visualization for 'China' at analysis_gdelt_advanced8/timelines/China_prediction.png
2025-04-26 23:28:43,090 [INFO] Saved prediction results to analysis_gdelt_advanced8/timelines/China_prediction.json
2025-04-26 23:28:43,371 [INFO] Created event prediction visualization for 'China' at analysis_gdelt_advanced8/timelines/China_event_prediction.png
2025-04-26 23:28:43,371 [INFO] Saved event prediction results to analysis_gdelt_advanced8/timelines/China_event_prediction.json
2025-04-26 23:28:43,371 [INFO] Generated event prediction report for 'China' saved to analysis_gdelt_advanced8/timelines/China_event_prediction_report.md
2025-04-26 23:28:43,371 [INFO] Generated advanced timeline summary saved to analysis_gdelt_advanced8/timelines/advanced_timeline_summary.md
2025-04-26 23:28:43,372 [INFO] Closed database connection
2025-04-26 23:28:43,372 [INFO] Analysis complete! Results saved to analysis_gdelt_advanced8
