2025-04-26 23:24:55,557 [INFO] Starting analysis of GDELT dataset in dataset_gdelt_large2
2025-04-26 23:24:55,557 [INFO] Loading dataset...
2025-04-26 23:24:55,557 [INFO] Loading dataset from dataset_gdelt_large2
2025-04-26 23:24:55,606 [INFO] Loaded 6816 articles from dataset_gdelt_large2/all_articles.csv
2025-04-26 23:24:55,606 [INFO] Loaded 40 themes from dataset_gdelt_large2/themes.json
2025-04-26 23:24:55,607 [INFO] Loaded summary from dataset_gdelt_large2/summary.json
2025-04-26 23:24:55,607 [INFO] Preprocessing articles...
2025-04-26 23:24:55,607 [INFO] Preprocessing articles
2025-04-26 23:24:55,645 [INFO] Preprocessing complete
2025-04-26 23:24:55,646 [INFO] Analyzing theme distribution...
2025-04-26 23:24:55,646 [INFO] Analyzing theme distribution
2025-04-26 23:24:55,648 [INFO] Found 20 themes
2025-04-26 23:24:55,648 [INFO] Analyzing theme correlations...
2025-04-26 23:24:55,648 [INFO] Analyzing correlations between top 15 themes
2025-04-26 23:24:55,663 [INFO] Generated 15 x 15 correlation matrix
2025-04-26 23:24:55,663 [INFO] Analyzing theme trends over time...
2025-04-26 23:24:55,663 [INFO] Analyzing theme trends over time
2025-04-26 23:24:55,669 [INFO] Generated theme trends for 20 themes over 31 dates
2025-04-26 23:24:55,669 [INFO] Analyzing time patterns...
2025-04-26 23:24:55,670 [INFO] Analyzing time patterns
2025-04-26 23:24:55,671 [INFO] Analyzed articles by date (31 dates)
2025-04-26 23:24:55,671 [INFO] Analyzed articles by hour (24 hours)
2025-04-26 23:24:55,673 [INFO] Analyzed articles by day of week (7 days)
2025-04-26 23:24:55,673 [INFO] Analyzing time series...
2025-04-26 23:24:55,673 [INFO] Analyzing time series with frequency 'D'
2025-04-26 23:24:55,712 [INFO] Generated time series with 31 data points
2025-04-26 23:24:55,713 [INFO] Analyzing publication delay...
2025-04-26 23:24:55,713 [INFO] Analyzing publication delay
2025-04-26 23:24:55,737 [INFO] Analyzed publication delay for 20 themes
2025-04-26 23:24:55,737 [INFO] Analyzing domains...
2025-04-26 23:24:55,738 [INFO] Analyzing domain distribution
2025-04-26 23:24:55,739 [INFO] Analyzed top 20 domains
2025-04-26 23:24:55,740 [INFO] Analyzed top 10 TLDs
2025-04-26 23:24:55,740 [INFO] Analyzing languages...
2025-04-26 23:24:55,740 [INFO] Analyzing language distribution
2025-04-26 23:24:55,741 [INFO] Analyzed top 2 languages
2025-04-26 23:24:55,741 [INFO] Analyzing countries...
2025-04-26 23:24:55,742 [INFO] Analyzing source country distribution
2025-04-26 23:24:55,742 [INFO] Analyzed top 15 countries
2025-04-26 23:24:55,743 [INFO] Analyzing source diversity...
2025-04-26 23:24:55,743 [INFO] Analyzing source diversity
2025-04-26 23:24:55,746 [INFO] Calculated diversity metrics: {'total_articles': 6816, 'unique_domains': 1210, 'unique_countries': 99, 'unique_languages': 2, 'domain_concentration': np.float64(0.005669783814388679), 'country_concentration': np.float64(0.1345529160880778), 'language_concentration': np.float64(0.5018984948422933), 'domain_diversity': np.float64(0.9943302161856113), 'country_diversity': np.float64(0.8654470839119222), 'language_diversity': np.float64(0.4981015051577067)}
2025-04-26 23:24:55,747 [INFO] Extracting keywords...
2025-04-26 23:24:55,747 [INFO] Extracting keywords from article titles
2025-04-26 23:24:57,492 [INFO] Extracted 100 keywords
2025-04-26 23:24:57,494 [INFO] Building topic model...
2025-04-26 23:24:57,494 [INFO] Building topic model with 10 topics
2025-04-26 23:25:03,995 [INFO] Built topic model with 10 topics and 1000 features
2025-04-26 23:25:03,996 [INFO] Extracting top 10 words for each topic
2025-04-26 23:25:03,997 [INFO] Extracted top words for 10 topics
2025-04-26 23:25:03,997 [INFO] Assigning topics to articles with threshold 0.3
2025-04-26 23:25:04,674 [INFO] Assigned topics to 6816 articles
2025-04-26 23:25:04,674 [INFO] Creating visualizations...
2025-04-26 23:25:04,675 [INFO] Creating all visualizations
2025-04-26 23:25:04,676 [INFO] Visualization style set up
2025-04-26 23:25:04,676 [INFO] Creating theme distribution plot for top 20 themes
2025-04-26 23:25:05,016 [INFO] Saved theme distribution plot to analysis_gdelt_advanced5/theme_distribution.png
2025-04-26 23:25:05,016 [INFO] Creating time pattern plots
2025-04-26 23:25:05,721 [INFO] Saved time pattern plots to analysis_gdelt_advanced5
2025-04-26 23:25:05,721 [INFO] Creating source distribution plots
2025-04-26 23:25:06,670 [INFO] Saved source distribution plots to analysis_gdelt_advanced5
2025-04-26 23:25:06,671 [INFO] Creating theme correlation heatmap
2025-04-26 23:25:07,330 [INFO] Saved theme correlation heatmap to analysis_gdelt_advanced5/theme_correlation.png
2025-04-26 23:25:07,330 [INFO] Creating topic word clouds
2025-04-26 23:25:07,331 [WARNING] wordcloud package not available. Skipping word cloud generation.
2025-04-26 23:25:07,331 [INFO] Creating time series plot
2025-04-26 23:25:07,580 [INFO] Saved time series plot to analysis_gdelt_advanced5/time_series.png
2025-04-26 23:25:07,580 [INFO] Created all visualizations in analysis_gdelt_advanced5
2025-04-26 23:25:07,580 [INFO] Generating report...
2025-04-26 23:25:07,580 [INFO] Generating report
2025-04-26 23:25:07,583 [INFO] Generated report at analysis_gdelt_advanced5/report.md
2025-04-26 23:25:07,583 [INFO] Generating JSON summary...
2025-04-26 23:25:07,583 [INFO] Generating JSON summary
2025-04-26 23:25:07,584 [INFO] Generated JSON summary at analysis_gdelt_advanced5/analysis_summary.json
2025-04-26 23:25:07,584 [INFO] Generating CSV exports...
2025-04-26 23:25:07,584 [INFO] Generating CSV exports
2025-04-26 23:25:07,586 [INFO] Exported theme counts to analysis_gdelt_advanced5/exports/theme_counts.csv
2025-04-26 23:25:07,587 [INFO] Exported date counts to analysis_gdelt_advanced5/exports/date_counts.csv
2025-04-26 23:25:07,638 [INFO] Exported topic assignments to analysis_gdelt_advanced5/exports/topic_assignments.csv
2025-04-26 23:25:07,638 [INFO] Generated all CSV exports in analysis_gdelt_advanced5/exports
2025-04-26 23:25:07,638 [INFO] Extracting entities...
2025-04-26 23:25:07,639 [INFO] Extracting entities from DataFrame
2025-04-26 23:25:17,546 [INFO] Extracted 9117 entities from 6816 articles
2025-04-26 23:25:17,548 [INFO] Calculating entity statistics
2025-04-26 23:25:17,559 [INFO] Calculated statistics for 4853 entities
2025-04-26 23:25:17,608 [INFO] Saved 9117 entity mentions to analysis_gdelt_advanced5/entities.csv
2025-04-26 23:25:17,620 [INFO] Saved statistics for 4853 entities to analysis_gdelt_advanced5/entity_stats.csv
2025-04-26 23:25:17,620 [INFO] Calculating trust scores for entities...
2025-04-26 23:25:17,620 [INFO] Calculating trust scores for entities
2025-04-26 23:25:17,625 [INFO] Calculated trust scores for 4853 entities
2025-04-26 23:25:17,644 [INFO] Saved trust scores for 4853 entities to analysis_gdelt_advanced5/entity_trust.csv
2025-04-26 23:25:17,644 [INFO] Calculating trust scores for articles...
2025-04-26 23:25:17,644 [INFO] Calculating trust scores for articles
2025-04-26 23:25:17,656 [INFO] Calculated trust scores for 6816 articles
2025-04-26 23:25:17,708 [INFO] Saved trust scores for 6816 articles to analysis_gdelt_advanced5/article_trust.csv
2025-04-26 23:25:17,708 [INFO] Storing data in database...
2025-04-26 23:25:17,709 [INFO] Connected to database: analysis_gdelt_advanced5/gdelt_news.db
2025-04-26 23:25:17,717 [INFO] Created database tables
2025-04-26 23:25:18,234 [INFO] Updated statistics for 1210 sources
2025-04-26 23:25:18,240 [INFO] Updated statistics for 20 themes
2025-04-26 23:25:18,248 [INFO] Stored 20 articles in the database
2025-04-26 23:25:18,250 [INFO] Stored 20 articles in database
2025-04-26 23:25:18,848 [INFO] Stored 4853 entities in the database
2025-04-26 23:25:18,850 [INFO] Stored 4853 entities in database
2025-04-26 23:25:18,859 [INFO] Generated database summary
2025-04-26 23:25:18,859 [INFO] Saved database summary to analysis_gdelt_advanced5/db_summary.json
2025-04-26 23:25:18,859 [INFO] Generating entity timelines...
2025-04-26 23:25:18,860 [INFO] Generating timeline for entity: United States
2025-04-26 23:25:18,860 [INFO] Generating timeline for entity: United States
2025-04-26 23:25:18,862 [INFO] Found 3 articles mentioning 'United States'
2025-04-26 23:25:19,012 [INFO] Created timeline visualization for 'United States' at analysis_gdelt_advanced5/timelines/United_States_timeline.png
2025-04-26 23:25:19,012 [INFO] Generated timeline for 'United States' saved to analysis_gdelt_advanced5/timelines
2025-04-26 23:25:19,013 [INFO] Generated timeline report for 'United States' saved to analysis_gdelt_advanced5/timelines/United_States_report.md
2025-04-26 23:25:19,013 [INFO] Generating event timeline for entity: United States
2025-04-26 23:25:19,015 [INFO] Found 3 articles mentioning 'United States'
2025-04-26 23:25:19,018 [WARNING] No significant events found for entity 'United States'
2025-04-26 23:25:19,018 [INFO] Generating timeline for entity: Russia
2025-04-26 23:25:19,018 [INFO] Generating timeline for entity: Russia
2025-04-26 23:25:19,020 [INFO] Found 17 articles mentioning 'Russia'
2025-04-26 23:25:19,272 [INFO] Created timeline visualization for 'Russia' at analysis_gdelt_advanced5/timelines/Russia_timeline.png
2025-04-26 23:25:19,273 [INFO] Generated timeline for 'Russia' saved to analysis_gdelt_advanced5/timelines
2025-04-26 23:25:19,273 [INFO] Generated timeline report for 'Russia' saved to analysis_gdelt_advanced5/timelines/Russia_report.md
2025-04-26 23:25:19,273 [INFO] Generating event timeline for entity: Russia
2025-04-26 23:25:19,275 [INFO] Found 17 articles mentioning 'Russia'
2025-04-26 23:25:19,280 [INFO] Identified 1 significant events for 'Russia'
2025-04-26 23:25:19,486 [INFO] Created event visualization for 'Russia' at analysis_gdelt_advanced5/timelines/Russia_events.png
2025-04-26 23:25:19,486 [INFO] Generated event timeline for 'Russia' saved to analysis_gdelt_advanced5/timelines/Russia_events.json
2025-04-26 23:25:19,487 [INFO] Generated event timeline report for 'Russia' saved to analysis_gdelt_advanced5/timelines/Russia_events_report.md
2025-04-26 23:25:19,487 [INFO] Generating timeline for entity: Ukraine
2025-04-26 23:25:19,487 [INFO] Generating timeline for entity: Ukraine
2025-04-26 23:25:19,489 [INFO] Found 8 articles mentioning 'Ukraine'
2025-04-26 23:25:19,676 [INFO] Created timeline visualization for 'Ukraine' at analysis_gdelt_advanced5/timelines/Ukraine_timeline.png
2025-04-26 23:25:19,677 [INFO] Generated timeline for 'Ukraine' saved to analysis_gdelt_advanced5/timelines
2025-04-26 23:25:19,677 [INFO] Generated timeline report for 'Ukraine' saved to analysis_gdelt_advanced5/timelines/Ukraine_report.md
2025-04-26 23:25:19,677 [INFO] Generating event timeline for entity: Ukraine
2025-04-26 23:25:19,679 [INFO] Found 8 articles mentioning 'Ukraine'
2025-04-26 23:25:19,685 [INFO] Identified 2 significant events for 'Ukraine'
2025-04-26 23:25:19,884 [INFO] Created event visualization for 'Ukraine' at analysis_gdelt_advanced5/timelines/Ukraine_events.png
2025-04-26 23:25:19,885 [INFO] Generated event timeline for 'Ukraine' saved to analysis_gdelt_advanced5/timelines/Ukraine_events.json
2025-04-26 23:25:19,885 [INFO] Generated event timeline report for 'Ukraine' saved to analysis_gdelt_advanced5/timelines/Ukraine_events_report.md
2025-04-26 23:25:19,885 [INFO] Generating timeline for entity: China
2025-04-26 23:25:19,885 [INFO] Generating timeline for entity: China
2025-04-26 23:25:19,888 [INFO] Found 54 articles mentioning 'China'
2025-04-26 23:25:20,199 [INFO] Created timeline visualization for 'China' at analysis_gdelt_advanced5/timelines/China_timeline.png
2025-04-26 23:25:20,200 [INFO] Generated timeline for 'China' saved to analysis_gdelt_advanced5/timelines
2025-04-26 23:25:20,200 [INFO] Generated timeline report for 'China' saved to analysis_gdelt_advanced5/timelines/China_report.md
2025-04-26 23:25:20,200 [INFO] Generating event timeline for entity: China
2025-04-26 23:25:20,203 [INFO] Found 54 articles mentioning 'China'
2025-04-26 23:25:20,220 [INFO] Identified 7 significant events for 'China'
2025-04-26 23:25:20,446 [INFO] Created event visualization for 'China' at analysis_gdelt_advanced5/timelines/China_events.png
2025-04-26 23:25:20,447 [INFO] Generated event timeline for 'China' saved to analysis_gdelt_advanced5/timelines/China_events.json
2025-04-26 23:25:20,447 [INFO] Generated event timeline report for 'China' saved to analysis_gdelt_advanced5/timelines/China_events_report.md
2025-04-26 23:25:20,447 [INFO] Generating comparison timeline for top entities
2025-04-26 23:25:20,447 [INFO] Generating comparison timeline for entities: United States, Russia, Ukraine, China
2025-04-26 23:25:20,453 [INFO] Found 3 articles mentioning 'United States'
2025-04-26 23:25:20,459 [INFO] Found 17 articles mentioning 'Russia'
2025-04-26 23:25:20,463 [INFO] Found 8 articles mentioning 'Ukraine'
2025-04-26 23:25:20,468 [INFO] Found 54 articles mentioning 'China'
2025-04-26 23:25:20,706 [INFO] Created comparison visualization for ['United States', 'Russia', 'Ukraine', 'China'] at analysis_gdelt_advanced5/timelines/entity_comparison_United_States_Russia_Ukraine_China.png
2025-04-26 23:25:20,717 [INFO] Generated comparison timeline saved to analysis_gdelt_advanced5/timelines/entity_comparison_United_States_Russia_Ukraine_China.json
2025-04-26 23:25:20,718 [INFO] Generated timelines for 5 entities
2025-04-26 23:25:20,718 [INFO] Generated timeline summary at analysis_gdelt_advanced5/timelines/timeline_summary.md
2025-04-26 23:25:20,718 [INFO] Generating sentiment analysis by event...
2025-04-26 23:25:21,109 [INFO] Loaded sentiment analysis model: tabularisai/multilingual-sentiment-analysis
2025-04-26 23:25:21,110 [INFO] Analyzing sentiment for entity 'Russia' over time
2025-04-26 23:25:21,112 [INFO] Found 7 articles for entity 'Russia'
2025-04-26 23:25:23,126 [INFO] Created sentiment timeline visualization for 'Russia' at analysis_gdelt_advanced5/timelines/Russia_sentiment_timeline.png
2025-04-26 23:25:23,127 [INFO] Saved sentiment timeline results to analysis_gdelt_advanced5/timelines/Russia_sentiment_timeline.json
2025-04-26 23:25:23,348 [INFO] Created sentiment timeline visualization for 'Russia' at analysis_gdelt_advanced5/timelines/Russia_sentiment_timeline.png
2025-04-26 23:25:23,349 [ERROR] Error in timeline generation: 'articles_with_sentiment'
2025-04-26 23:25:23,350 [ERROR] Traceback (most recent call last):
  File "/home/ubuntu/hydra-news/python/src/gdelt/analyzer/core.py", line 475, in analyze_gdelt_dataset
    sentiment_report_path = generate_event_sentiment_report(
        event_sentiment,
        output_dir=timelines_dir
    )
  File "/home/ubuntu/hydra-news/python/src/gdelt/analyzer/timeline_report_generator.py", line 82, in generate_event_sentiment_report
    positive_articles = [a for a in sentiment_results['articles_with_sentiment']
                                    ~~~~~~~~~~~~~~~~~^^^^^^^^^^^^^^^^^^^^^^^^^^^
KeyError: 'articles_with_sentiment'

2025-04-26 23:25:23,351 [INFO] Closed database connection
2025-04-26 23:25:23,351 [INFO] Analysis complete! Results saved to analysis_gdelt_advanced5
